13:25:17.645 [main                     ] DEBUG Logger               - Configured Logger
13:25:17.684 [main                     ] DEBUG GameApplication      - Logging settings
Title: Game Menu
Version: 0.0
Width: 800
Height: 600
Fullscreen: false
Intro: false
Profiling: false
Single step:false
App Mode: DEVELOPER
Menu Key: ESCAPE
Stage Style: DECORATED
Scene Factory: class com.almasb.fxgl.app.scene.SceneFactory

13:25:18.545 [JavaFX Application Thread] DEBUG FXGLApplication      - Initializing FXGL
13:25:18.550 [JavaFX Application Thread] INFO  Engine               - FXGL-21.1 (27.03.2024 07.52) on WINDOWS (J:21.0.2 FX:21.0.1)
13:25:18.550 [JavaFX Application Thread] DEBUG Engine               - JRE Vendor Name: Oracle Corporation
13:25:18.551 [JavaFX Application Thread] DEBUG Engine               - Running on OS: Windows 11 version 10.0
13:25:18.551 [JavaFX Application Thread] DEBUG Engine               - Architecture: amd64
13:25:18.551 [JavaFX Application Thread] INFO  Engine               - Source code and latest versions at: https://github.com/AlmasB/FXGL
13:25:18.551 [JavaFX Application Thread] INFO  Engine               -       Ask questions and discuss at: https://github.com/AlmasB/FXGL/discussions
13:25:18.552 [JavaFX Application Thread] INFO  Engine               -              Join the FXGL chat at: https://gitter.im/AlmasB/FXGL
13:25:18.709 [JavaFX Application Thread] DEBUG PrimaryStageWindow   - Creating a JavaFX scene
13:25:18.775 [JavaFX Application Thread] DEBUG PrimaryStageWindow   - Target settings size: 800.0 x 600.0
13:25:18.775 [JavaFX Application Thread] DEBUG PrimaryStageWindow   - Scaled scene size:    800.0 x 600.0
13:25:18.775 [JavaFX Application Thread] DEBUG PrimaryStageWindow   - Scaled ratio: (1.0, 1.0)
13:25:18.776 [JavaFX Application Thread] DEBUG PrimaryStageWindow   - Set initial scene to FXGLStartupScene
13:25:18.781 [JavaFX Application Thread] DEBUG PrimaryStageWindow   - Opening main window
13:25:18.893 [JavaFX Application Thread] DEBUG PrimaryStageWindow   - Window border size: (14.4000244140625, 37.5999755859375)
13:25:18.894 [JavaFX Application Thread] DEBUG PrimaryStageWindow   - Scaled size: 800.0 x 600.0
13:25:18.894 [JavaFX Application Thread] DEBUG PrimaryStageWindow   - Scaled ratio: (1.0, 1.0)
13:25:18.894 [JavaFX Application Thread] DEBUG PrimaryStageWindow   - Scene size: 800.0 x 600.0
13:25:18.895 [JavaFX Application Thread] DEBUG PrimaryStageWindow   - Stage size: 814.4000244140625 x 637.5999755859375
13:25:18.904 [FXGL Background Thread 1 ] DEBUG Engine               - Initializing environment variables
13:25:18.979 [FXGL Background Thread 1 ] DEBUG FXGLAssetLoaderServi - User app class for loading assets: class roadbuilder.MainMenu
13:25:18.979 [FXGL Background Thread 1 ] DEBUG GameApplicationServi - Applying CSS: fxgl_dark.css
13:25:18.981 [FXGL Background Thread 1 ] DEBUG FXGLAssetLoaderServi - Loading from file system: jar:file:/C:/Users/petro/.m2/repository/com/github/almasb/fxgl/21.1/fxgl-21.1.jar!/fxglassets/ui/css/fxgl_dark.css
13:25:19.040 [FXGL Background Thread 1 ] DEBUG GameApplicationServi - Initializing application scenes
13:25:19.124 [FXGL Background Thread 1 ] DEBUG GameWorld            - Game world initialized
13:25:19.278 [FXGL Background Thread 1 ] DEBUG PhysicsWorld         - Physics world initialized: appHeight=600, physics.ppm=50.0
13:25:19.278 [FXGL Background Thread 1 ] DEBUG PhysicsWorld         - Using strategy: BRUTE_FORCE
13:25:19.285 [FXGL Background Thread 1 ] DEBUG GameScene            - Game scene initialized: 800x600
13:25:19.304 [FXGL Background Thread 1 ] DEBUG FXGL.DefaultMenu     - createMenuBodyGameMenu()
13:25:19.327 [FXGL Background Thread 1 ] DEBUG FXGL.DefaultMenu     - createOptionsMenu()
13:25:19.342 [FXGL Background Thread 1 ] DEBUG FXGLAssetLoaderServi - Loading from file system: jar:file:/C:/Users/petro/.m2/repository/com/github/almasb/fxgl/21.1/fxgl-21.1.jar!/fxglassets/textures/particles/smoke.png
13:25:19.511 [FXGL Background Thread 1 ] DEBUG FXGLAssetLoaderServi - Loading from file system: jar:file:/C:/Users/petro/.m2/repository/com/github/almasb/fxgl/21.1/fxgl-21.1.jar!/fxglassets/textures/particles/trace_horizontal.png
13:25:19.549 [FXGL Background Thread 1 ] DEBUG GameApplicationServi - Application scenes initialized
13:25:19.569 [FXGL Background Thread 1 ] DEBUG SystemBundleService  - Loading FXGL system data
13:25:19.574 [FXGL Background Thread 1 ] DEBUG FileSystemAccess     - Reading from: C:\Users\petro\Desktop\szakdoga\thesis\system\fxgl.bundle
13:25:19.587 [FXGL Background Thread 1 ] DEBUG SystemBundleService  - Bundle FXGL: {}
13:25:19.587 [FXGL Background Thread 1 ] DEBUG UpdaterService       - Checking for updates
13:25:19.594 [FXGL Background Thread 4 ] DEBUG FXGLApplication      - Loading fonts
13:25:19.595 [FXGL Background Thread 4 ] DEBUG FXGLAssetLoaderServi - Loading from file system: jar:file:/C:/Users/petro/.m2/repository/com/github/almasb/fxgl/21.1/fxgl-21.1.jar!/fxglassets/ui/fonts/VarelaRound-Regular.ttf
13:25:19.598 [FXGL Background Thread 1 ] DEBUG FXGLApplication      - Loading default localization
13:25:19.598 [FXGL Background Thread 1 ] DEBUG FXGLAssetLoaderServi - Loading from file system: jar:file:/C:/Users/petro/.m2/repository/com/github/almasb/fxgl/21.1/fxgl-21.1.jar!/fxglassets/languages/english.lang
13:25:19.661 [FXGL Background Thread 4 ] DEBUG FXGLAssetLoaderServi - Loading from file system: jar:file:/C:/Users/petro/.m2/repository/com/github/almasb/fxgl/21.1/fxgl-21.1.jar!/fxglassets/ui/fonts/Abel-Regular.ttf
13:25:19.676 [FXGL Background Thread 4 ] DEBUG FXGLAssetLoaderServi - Loading from file system: jar:file:/C:/Users/petro/.m2/repository/com/github/almasb/fxgl/21.1/fxgl-21.1.jar!/fxglassets/ui/fonts/TerminalLandMono-Regular.otf
13:25:19.684 [FXGL Background Thread 1 ] INFO  FXGLApplication      - FXGL initialization took: 0.780 sec
13:25:19.685 [JavaFX Application Thread] DEBUG FXGLAssetLoaderServi - Loading from file system: jar:file:/C:/Users/petro/.m2/repository/com/github/almasb/fxgl/21.1/fxgl-21.1.jar!/fxglassets/textures/fxgl_icon.png
13:25:19.690 [FXGL Background Thread 4 ] DEBUG FXGLAssetLoaderServi - Loading from file system: jar:file:/C:/Users/petro/.m2/repository/com/github/almasb/fxgl/21.1/fxgl-21.1.jar!/fxglassets/ui/fonts/Courier-Prime.ttf
13:25:19.713 [JavaFX Application Thread] DEBUG FXGLAssetLoaderServi - Loading from file system: jar:file:/C:/Users/petro/.m2/repository/com/github/almasb/fxgl/21.1/fxgl-21.1.jar!/fxglassets/textures/fxgl_default_cursor.png
13:25:19.749 [JavaFX Application Thread] DEBUG Input                - Registered new binding: Screenshot - CTRL+8
13:25:19.751 [JavaFX Application Thread] DEBUG Input                - Registered new binding: System info dump - CTRL+9
13:25:19.752 [JavaFX Application Thread] DEBUG Input                - Registered new binding: Restart - CTRL+R
13:25:19.754 [JavaFX Application Thread] DEBUG Input                - Registered new binding: Toggle Debug Camera - CTRL+7
13:25:19.768 [JavaFX Application Thread] DEBUG LoopRunner           - Starting loop
13:25:19.768 [JavaFX Application Thread] DEBUG LoopRunner           - Initializing JavaFX AnimationTimerLoop
13:25:19.774 [JavaFX Application Thread] DEBUG GameApplicationServi - Starting new game
13:25:19.774 [JavaFX Application Thread] DEBUG Input                - Clearing active input actions
13:25:19.799 [JavaFX Application Thread] DEBUG GameApplicationServi - Removing overlay from FXGLStartupScene and adding to FXGLLoadingScene
13:25:19.800 [JavaFX Application Thread] DEBUG PrimaryStageWindow   - FXGLStartupScene -> FXGLLoadingScene
13:25:19.800 [JavaFX Application Thread] DEBUG GameApplicationServi - Clearing previous game
13:25:19.800 [JavaFX Application Thread] DEBUG GameScene            - Clearing game scene
13:25:19.800 [JavaFX Application Thread] DEBUG GameWorld            - Clearing game world
13:25:19.800 [JavaFX Application Thread] DEBUG PhysicsWorld         - Clearing physics world
13:25:19.805 [FXGL Background Thread 4 ] DEBUG FXGLApplication      - Initializing game
13:25:19.807 [JavaFX Application Thread] DEBUG FXGLApplication      - Registering font factories with UI factory
13:25:19.838 [FXGL Background Thread 4 ] INFO  FXGLApplication      - Game initialization took: 0.034 sec
13:25:19.926 [JavaFX Application Thread] DEBUG Input                - Clearing active input actions
13:25:19.940 [JavaFX Application Thread] DEBUG GameApplicationServi - Removing overlay from FXGLLoadingScene and adding to GameScene
13:25:19.940 [JavaFX Application Thread] DEBUG PrimaryStageWindow   - FXGLLoadingScene -> GameScene
13:25:22.591 [FXGL Background Thread 3 ] DEBUG Engine               - Logging environment variables
13:25:22.591 [FXGL Background Thread 3 ] DEBUG Engine               - achievements: []
13:25:22.591 [FXGL Background Thread 3 ] DEBUG Engine               - actualHeight: 600.0
13:25:22.592 [FXGL Background Thread 3 ] DEBUG Engine               - actualHeightProperty: ReadOnlyDoubleProperty [value: 600.0]
13:25:22.592 [FXGL Background Thread 3 ] DEBUG Engine               - actualWidth: 800.0
13:25:22.592 [FXGL Background Thread 3 ] DEBUG Engine               - actualWidthProperty: ReadOnlyDoubleProperty [value: 800.0]
13:25:22.592 [FXGL Background Thread 3 ] DEBUG Engine               - appIcon: fxgl_icon.png
13:25:22.592 [FXGL Background Thread 3 ] DEBUG Engine               - applicationMode: DEVELOPER
13:25:22.592 [FXGL Background Thread 3 ] DEBUG Engine               - cSSList: [fxgl_dark.css]
13:25:22.592 [FXGL Background Thread 3 ] DEBUG Engine               - collisionDetectionStrategy: BRUTE_FORCE
13:25:22.592 [FXGL Background Thread 3 ] DEBUG Engine               - configClass: Optional.empty
13:25:22.592 [FXGL Background Thread 3 ] DEBUG Engine               - credits: []
13:25:22.593 [FXGL Background Thread 3 ] DEBUG Engine               - defaultCursor: CursorInfo(imageName=fxgl_default_cursor.png, hotspotX=7.0, hotspotY=6.0)
13:25:22.593 [FXGL Background Thread 3 ] DEBUG Engine               - devBBoxColorProperty: ObjectProperty [value: 0xff0000ff]
13:25:22.593 [FXGL Background Thread 3 ] DEBUG Engine               - devEnableDebugCameraProperty: BooleanProperty [value: false]
13:25:22.593 [FXGL Background Thread 3 ] DEBUG Engine               - devSensorColorProperty: ObjectProperty [value: 0xffff00ff]
13:25:22.593 [FXGL Background Thread 3 ] DEBUG Engine               - devShowBBoxProperty: BooleanProperty [value: false]
13:25:22.593 [FXGL Background Thread 3 ] DEBUG Engine               - devShowPositionProperty: BooleanProperty [value: false]
13:25:22.593 [FXGL Background Thread 3 ] DEBUG Engine               - enabledMenuItems: []
13:25:22.593 [FXGL Background Thread 3 ] DEBUG Engine               - engineServices: [class com.almasb.fxgl.app.services.FXGLAssetLoaderService, class com.almasb.fxgl.app.FXGLApplication$GameApplicationService, class com.almasb.fxgl.app.services.FXGLDialogService, class com.almasb.fxgl.app.services.IOTaskExecutorService, class com.almasb.fxgl.io.FileSystemService, class com.almasb.fxgl.localization.LocalizationService, class com.almasb.fxgl.app.services.SystemBundleService, class com.almasb.fxgl.profile.SaveLoadService, class com.almasb.fxgl.ui.FXGLUIFactoryServiceProvider, class com.almasb.fxgl.ui.FXGLDialogFactoryServiceProvider, class com.almasb.fxgl.audio.AudioPlayer, class com.almasb.fxgl.notification.impl.NotificationServiceProvider, class com.almasb.fxgl.achievement.AchievementService, class com.almasb.fxgl.cutscene.CutsceneService, class com.almasb.fxgl.minigames.MiniGameService, class com.almasb.fxgl.net.NetService, class com.almasb.fxgl.app.services.UpdaterService, class com.almasb.fxgl.dev.DevService]
13:25:22.593 [FXGL Background Thread 3 ] DEBUG Engine               - fontGame: Abel-Regular.ttf
13:25:22.593 [FXGL Background Thread 3 ] DEBUG Engine               - fontMono: TerminalLandMono-Regular.otf
13:25:22.593 [FXGL Background Thread 3 ] DEBUG Engine               - fontSizeScaleUI: 1.0
13:25:22.593 [FXGL Background Thread 3 ] DEBUG Engine               - fontText: Courier-Prime.ttf
13:25:22.593 [FXGL Background Thread 3 ] DEBUG Engine               - fontUI: VarelaRound-Regular.ttf
13:25:22.593 [FXGL Background Thread 3 ] DEBUG Engine               - fullScreen: BooleanProperty [value: false]
13:25:22.593 [FXGL Background Thread 3 ] DEBUG Engine               - gameDifficulty: MEDIUM
13:25:22.593 [FXGL Background Thread 3 ] DEBUG Engine               - gameDifficultyProperty: ObjectProperty [value: MEDIUM]
13:25:22.594 [FXGL Background Thread 3 ] DEBUG Engine               - globalMusicVolume: 0.5
13:25:22.594 [FXGL Background Thread 3 ] DEBUG Engine               - globalMusicVolumeProperty: DoubleProperty [value: 0.5]
13:25:22.594 [FXGL Background Thread 3 ] DEBUG Engine               - globalSoundVolume: 0.5
13:25:22.594 [FXGL Background Thread 3 ] DEBUG Engine               - globalSoundVolumeProperty: DoubleProperty [value: 0.5]
13:25:22.594 [FXGL Background Thread 3 ] DEBUG Engine               - height: 600
13:25:22.594 [FXGL Background Thread 3 ] DEBUG Engine               - is3D: false
13:25:22.594 [FXGL Background Thread 3 ] DEBUG Engine               - isAndroid: false
13:25:22.594 [FXGL Background Thread 3 ] DEBUG Engine               - isBrowser: false
13:25:22.594 [FXGL Background Thread 3 ] DEBUG Engine               - isClickFeedbackEnabled: false
13:25:22.594 [FXGL Background Thread 3 ] DEBUG Engine               - isCloseConfirmation: false
13:25:22.594 [FXGL Background Thread 3 ] DEBUG Engine               - isDesktop: true
13:25:22.594 [FXGL Background Thread 3 ] DEBUG Engine               - isDeveloperMenuEnabled: false
13:25:22.594 [FXGL Background Thread 3 ] DEBUG Engine               - isEmbedded: false
13:25:22.595 [FXGL Background Thread 3 ] DEBUG Engine               - isEntityPreloadEnabled: true
13:25:22.595 [FXGL Background Thread 3 ] DEBUG Engine               - isExperimentalTiledLargeMap: false
13:25:22.595 [FXGL Background Thread 3 ] DEBUG Engine               - isFileSystemWriteAllowed: true
13:25:22.595 [FXGL Background Thread 3 ] DEBUG Engine               - isFullScreenAllowed: false
13:25:22.595 [FXGL Background Thread 3 ] DEBUG Engine               - isFullScreenFromStart: false
13:25:22.595 [FXGL Background Thread 3 ] DEBUG Engine               - isGameMenuEnabled: true
13:25:22.595 [FXGL Background Thread 3 ] DEBUG Engine               - isIOS: false
13:25:22.596 [FXGL Background Thread 3 ] DEBUG Engine               - isIntroEnabled: false
13:25:22.596 [FXGL Background Thread 3 ] DEBUG Engine               - isLinux: false
13:25:22.596 [FXGL Background Thread 3 ] DEBUG Engine               - isMac: false
13:25:22.596 [FXGL Background Thread 3 ] DEBUG Engine               - isMainMenuEnabled: false
13:25:22.596 [FXGL Background Thread 3 ] DEBUG Engine               - isManualResizeEnabled: false
13:25:22.596 [FXGL Background Thread 3 ] DEBUG Engine               - isMobile: false
13:25:22.596 [FXGL Background Thread 3 ] DEBUG Engine               - isNative: false
13:25:22.596 [FXGL Background Thread 3 ] DEBUG Engine               - isPauseMusicWhenMinimized: true
13:25:22.596 [FXGL Background Thread 3 ] DEBUG Engine               - isPreserveResizeRatio: false
13:25:22.596 [FXGL Background Thread 3 ] DEBUG Engine               - isProfilingEnabled: false
13:25:22.596 [FXGL Background Thread 3 ] DEBUG Engine               - isScaleAffectedOnResize: true
13:25:22.596 [FXGL Background Thread 3 ] DEBUG Engine               - isSingleStep: false
13:25:22.596 [FXGL Background Thread 3 ] DEBUG Engine               - isUserProfileEnabled: false
13:25:22.596 [FXGL Background Thread 3 ] DEBUG Engine               - isWindows: true
13:25:22.596 [FXGL Background Thread 3 ] DEBUG Engine               - language: ObjectProperty [value: ENGLISH]
13:25:22.596 [FXGL Background Thread 3 ] DEBUG Engine               - menuKey: ESCAPE
13:25:22.596 [FXGL Background Thread 3 ] DEBUG Engine               - mouseSensitivity: 0.2
13:25:22.596 [FXGL Background Thread 3 ] DEBUG Engine               - notificationViewClass: class com.almasb.fxgl.notification.view.XboxNotificationView
13:25:22.597 [FXGL Background Thread 3 ] DEBUG Engine               - pixelsPerMeter: 50.0
13:25:22.597 [FXGL Background Thread 3 ] DEBUG Engine               - platform: WINDOWS
13:25:22.597 [FXGL Background Thread 3 ] DEBUG Engine               - prefHeightProperty: ReadOnlyDoubleProperty [value: 600.0]
13:25:22.597 [FXGL Background Thread 3 ] DEBUG Engine               - prefWidthProperty: ReadOnlyDoubleProperty [value: 800.0]
13:25:22.597 [FXGL Background Thread 3 ] DEBUG Engine               - profileDir: profiles/
13:25:22.597 [FXGL Background Thread 3 ] DEBUG Engine               - profileName: StringProperty [value: DEFAULT]
13:25:22.597 [FXGL Background Thread 3 ] DEBUG Engine               - randomSeed: -1
13:25:22.598 [FXGL Background Thread 3 ] DEBUG Engine               - runtimeInfo: RuntimeInfo(platform=WINDOWS, version=21.1, build=27.03.2024 07.52)
13:25:22.598 [FXGL Background Thread 3 ] DEBUG Engine               - saveFileExt: sav
13:25:22.598 [FXGL Background Thread 3 ] DEBUG Engine               - scaledHeightProp$fxgl: DoubleProperty [bound, value: 600.0]
13:25:22.598 [FXGL Background Thread 3 ] DEBUG Engine               - scaledWidthProp$fxgl: DoubleProperty [bound, value: 800.0]
13:25:22.598 [FXGL Background Thread 3 ] DEBUG Engine               - sceneFactory: com.almasb.fxgl.app.scene.SceneFactory@e40946a
13:25:22.598 [FXGL Background Thread 3 ] DEBUG Engine               - secondsIn24h: 60
13:25:22.598 [FXGL Background Thread 3 ] DEBUG Engine               - soundMenuBack: menu/back.wav
13:25:22.598 [FXGL Background Thread 3 ] DEBUG Engine               - soundMenuPress: menu/press.wav
13:25:22.598 [FXGL Background Thread 3 ] DEBUG Engine               - soundMenuSelect: menu/select.wav
13:25:22.598 [FXGL Background Thread 3 ] DEBUG Engine               - soundNotification: core/notification.wav
13:25:22.598 [FXGL Background Thread 3 ] DEBUG Engine               - stageStyle: DECORATED
13:25:22.598 [FXGL Background Thread 3 ] DEBUG Engine               - supportedLanguages: [ENGLISH, FRENCH, GERMAN, HUNGARIAN, RUSSIAN]
13:25:22.598 [FXGL Background Thread 3 ] DEBUG Engine               - ticksPerSecond: -1
13:25:22.598 [FXGL Background Thread 3 ] DEBUG Engine               - title: Game Menu
13:25:22.598 [FXGL Background Thread 3 ] DEBUG Engine               - urlGithub: https://github.com/AlmasB/FXGL
13:25:22.598 [FXGL Background Thread 3 ] DEBUG Engine               - urlLeaderboard: http://fxgl-top.herokuapp.com/
13:25:22.599 [FXGL Background Thread 3 ] DEBUG Engine               - urlPOM: https://raw.githubusercontent.com/AlmasB/FXGL/release/README.md
13:25:22.599 [FXGL Background Thread 3 ] DEBUG Engine               - userAppClass: class roadbuilder.MainMenu
13:25:22.599 [FXGL Background Thread 3 ] DEBUG Engine               - version: 0.0
13:25:22.599 [FXGL Background Thread 3 ] DEBUG Engine               - versionCheckDays: 7
13:25:22.599 [FXGL Background Thread 3 ] DEBUG Engine               - width: 800
13:25:22.599 [FXGL Background Thread 3 ] DEBUG Engine               - Logging services
13:25:22.599 [FXGL Background Thread 3 ] DEBUG Engine               - class com.almasb.fxgl.app.services.FXGLAssetLoaderService
13:25:22.599 [FXGL Background Thread 3 ] DEBUG Engine               - class com.almasb.fxgl.app.FXGLApplication$GameApplicationService
13:25:22.599 [FXGL Background Thread 3 ] DEBUG Engine               - class com.almasb.fxgl.app.services.FXGLDialogService
13:25:22.599 [FXGL Background Thread 3 ] DEBUG Engine               - class com.almasb.fxgl.app.services.IOTaskExecutorService
13:25:22.599 [FXGL Background Thread 3 ] DEBUG Engine               - class com.almasb.fxgl.io.FileSystemService
13:25:22.599 [FXGL Background Thread 3 ] DEBUG Engine               - class com.almasb.fxgl.localization.LocalizationService
13:25:22.599 [FXGL Background Thread 3 ] DEBUG Engine               - class com.almasb.fxgl.app.services.SystemBundleService
13:25:22.599 [FXGL Background Thread 3 ] DEBUG Engine               - class com.almasb.fxgl.profile.SaveLoadService
13:25:22.599 [FXGL Background Thread 3 ] DEBUG Engine               - class com.almasb.fxgl.ui.FXGLUIFactoryServiceProvider
13:25:22.599 [FXGL Background Thread 3 ] DEBUG Engine               - class com.almasb.fxgl.ui.FXGLDialogFactoryServiceProvider
13:25:22.599 [FXGL Background Thread 3 ] DEBUG Engine               - class com.almasb.fxgl.audio.AudioPlayer
13:25:22.599 [FXGL Background Thread 3 ] DEBUG Engine               - class com.almasb.fxgl.notification.impl.NotificationServiceProvider
13:25:22.599 [FXGL Background Thread 3 ] DEBUG Engine               - class com.almasb.fxgl.achievement.AchievementService
13:25:22.599 [FXGL Background Thread 3 ] DEBUG Engine               - class com.almasb.fxgl.cutscene.CutsceneService
13:25:22.599 [FXGL Background Thread 3 ] DEBUG Engine               - class com.almasb.fxgl.minigames.MiniGameService
13:25:22.599 [FXGL Background Thread 3 ] DEBUG Engine               - class com.almasb.fxgl.net.NetService
13:25:22.599 [FXGL Background Thread 3 ] DEBUG Engine               - class com.almasb.fxgl.app.services.UpdaterService
13:25:22.599 [FXGL Background Thread 3 ] DEBUG Engine               - class com.almasb.fxgl.dev.DevService
13:25:23.623 [JavaFX Application Thread] DEBUG LoopRunner           - Stopping loop
13:25:23.625 [JavaFX Application Thread] FATAL FXGLApplication      - Uncaught Exception:
java.lang.NullPointerException: Cannot invoke "com.almasb.fxgl.entity.Entity.hasComponent(java.lang.Class)" because "entity" is null
	at roadbuilder.levels.level1.Level1Game.lambda$showCompletionPopup$1(Level1Game.java:231)
	at java.base/java.util.stream.ReferencePipeline$2$1.accept(ReferencePipeline.java:178)
	at java.base/java.util.ArrayList$ArrayListSpliterator.forEachRemaining(ArrayList.java:1708)
	at java.base/java.util.stream.AbstractPipeline.copyInto(AbstractPipeline.java:509)
	at java.base/java.util.stream.AbstractPipeline.wrapAndCopyInto(AbstractPipeline.java:499)
	at java.base/java.util.stream.ForEachOps$ForEachOp.evaluateSequential(ForEachOps.java:151)
	at java.base/java.util.stream.ForEachOps$ForEachOp$OfRef.evaluateSequential(ForEachOps.java:174)
	at java.base/java.util.stream.AbstractPipeline.evaluate(AbstractPipeline.java:234)
	at java.base/java.util.stream.ReferencePipeline.forEach(ReferencePipeline.java:596)
	at roadbuilder.levels.level1.Level1Game.showCompletionPopup(Level1Game.java:232)
	at roadbuilder.levels.level1.Level1Game.checkLevelCompletion(Level1Game.java:115)
	at roadbuilder.levels.level1.Level1Game.addRoad(Level1Game.java:78)
	at roadbuilder.levels.level1.RoadBuilder.buildRoad(RoadBuilder.java:20)
	at roadbuilder.levels.level1.InputHandler.handleCityClick(InputHandler.java:52)
	at roadbuilder.levels.level1.InputHandler.lambda$initInput$1(InputHandler.java:35)
	at java.base/java.util.Optional.ifPresent(Optional.java:178)
	at roadbuilder.levels.level1.InputHandler.lambda$initInput$2(InputHandler.java:35)
	at com.almasb.fxgl.input.Input.fire(Input.kt:259)
	at com.almasb.fxgl.input.Input.fireEventViaHandlers(Input.kt:241)
	at com.almasb.fxgl.app.PrimaryStageWindow$4$1.invoke(MainWindow.kt:330)
	at com.almasb.fxgl.app.PrimaryStageWindow$4$1.invoke(MainWindow.kt:330)
	at com.almasb.fxgl.core.fsm.StateMachine.runOnActiveStates(StateMachine.kt:69)
	at com.almasb.fxgl.app.PrimaryStageWindow$4.invoke(MainWindow.kt:330)
	at com.almasb.fxgl.app.PrimaryStageWindow$4.invoke(MainWindow.kt:323)
	at com.almasb.fxgl.app.MainWindow.addGlobalHandler$lambda$4(MainWindow.kt:251)
	at com.sun.javafx.event.CompositeEventHandler$NormalEventHandlerRecord.handleBubblingEvent(CompositeEventHandler.java:247)
	at com.sun.javafx.event.CompositeEventHandler.dispatchBubblingEvent(CompositeEventHandler.java:80)
	at com.sun.javafx.event.EventHandlerManager.dispatchBubblingEvent(EventHandlerManager.java:232)
	at com.sun.javafx.event.EventHandlerManager.dispatchBubblingEvent(EventHandlerManager.java:189)
	at com.sun.javafx.event.CompositeEventDispatcher.dispatchBubblingEvent(CompositeEventDispatcher.java:59)
	at com.sun.javafx.event.BasicEventDispatcher.dispatchEvent(BasicEventDispatcher.java:58)
	at com.sun.javafx.event.EventDispatchChainImpl.dispatchEvent(EventDispatchChainImpl.java:114)
	at com.sun.javafx.event.BasicEventDispatcher.dispatchEvent(BasicEventDispatcher.java:56)
	at com.sun.javafx.event.EventDispatchChainImpl.dispatchEvent(EventDispatchChainImpl.java:114)
	at com.sun.javafx.event.EventUtil.fireEventImpl(EventUtil.java:74)
	at com.sun.javafx.event.EventUtil.fireEvent(EventUtil.java:54)
	at javafx.event.Event.fireEvent(Event.java:198)
	at javafx.scene.Scene$MouseHandler.process(Scene.java:3984)
	at javafx.scene.Scene.processMouseEvent(Scene.java:1890)
	at javafx.scene.Scene$ScenePeerListener.mouseEvent(Scene.java:2708)
	at com.sun.javafx.tk.quantum.GlassViewEventHandler$MouseEventNotification.run(GlassViewEventHandler.java:411)
	at com.sun.javafx.tk.quantum.GlassViewEventHandler$MouseEventNotification.run(GlassViewEventHandler.java:301)
	at java.base/java.security.AccessController.doPrivileged(AccessController.java:400)
	at com.sun.javafx.tk.quantum.GlassViewEventHandler.lambda$handleMouseEvent$2(GlassViewEventHandler.java:450)
	at com.sun.javafx.tk.quantum.QuantumToolkit.runWithoutRenderLock(QuantumToolkit.java:424)
	at com.sun.javafx.tk.quantum.GlassViewEventHandler.handleMouseEvent(GlassViewEventHandler.java:449)
	at com.sun.glass.ui.View.handleMouseEvent(View.java:551)
	at com.sun.glass.ui.View.notifyMouse(View.java:937)
	at com.sun.glass.ui.win.WinApplication._runLoop(Native Method)
	at com.sun.glass.ui.win.WinApplication.lambda$runLoop$3(WinApplication.java:185)
	at java.base/java.lang.Thread.run(Thread.java:1583)

13:25:23.625 [JavaFX Application Thread] FATAL FXGLApplication      - Application will now exit
13:25:23.649 [JavaFX Application Thread] DEBUG PrimaryStageWindow   - Push state: ErrorSubScene
13:25:23.649 [JavaFX Application Thread] DEBUG Input                - Clearing active input actions
13:25:23.652 [JavaFX Application Thread] DEBUG GameApplicationServi - Removing overlay from GameScene and adding to ErrorSubScene
13:25:23.653 [JavaFX Application Thread] DEBUG PrimaryStageWindow   - GameScene -> ErrorSubScene
13:25:32.024 [JavaFX Application Thread] DEBUG FXGLApplication      - Exiting FXGL
13:25:32.024 [JavaFX Application Thread] DEBUG Async                - Shutting down background threads
13:25:32.025 [JavaFX Application Thread] DEBUG PrimaryStageWindow   - Closing main window
13:25:32.036 [JavaFX Application Thread] DEBUG Logger               - Closing Logger
