09:56:41.143 [main                     ] DEBUG Logger               - Configured Logger
09:56:41.179 [main                     ] DEBUG GameApplication      - Logging settings
Title: Tile Game
Version: 1.0
Width: 400
Height: 400
Fullscreen: false
Intro: false
Profiling: false
Single step:false
App Mode: DEVELOPER
Menu Key: ESCAPE
Stage Style: DECORATED
Scene Factory: class com.almasb.fxgl.app.scene.SceneFactory

09:56:41.825 [JavaFX Application Thread] DEBUG FXGLApplication      - Initializing FXGL
09:56:41.832 [JavaFX Application Thread] INFO  Engine               - FXGL-21.1 (27.03.2024 07.52) on WINDOWS (J:21.0.2 FX:21.0.1)
09:56:41.832 [JavaFX Application Thread] DEBUG Engine               - JRE Vendor Name: Oracle Corporation
09:56:41.833 [JavaFX Application Thread] DEBUG Engine               - Running on OS: Windows 11 version 10.0
09:56:41.833 [JavaFX Application Thread] DEBUG Engine               - Architecture: amd64
09:56:41.833 [JavaFX Application Thread] INFO  Engine               - Source code and latest versions at: https://github.com/AlmasB/FXGL
09:56:41.833 [JavaFX Application Thread] INFO  Engine               -       Ask questions and discuss at: https://github.com/AlmasB/FXGL/discussions
09:56:41.833 [JavaFX Application Thread] INFO  Engine               -              Join the FXGL chat at: https://gitter.im/AlmasB/FXGL
09:56:42.036 [JavaFX Application Thread] DEBUG PrimaryStageWindow   - Creating a JavaFX scene
09:56:42.148 [JavaFX Application Thread] DEBUG PrimaryStageWindow   - Target settings size: 400.0 x 400.0
09:56:42.148 [JavaFX Application Thread] DEBUG PrimaryStageWindow   - Scaled scene size:    400.0 x 400.0
09:56:42.149 [JavaFX Application Thread] DEBUG PrimaryStageWindow   - Scaled ratio: (1.0, 1.0)
09:56:42.150 [JavaFX Application Thread] DEBUG PrimaryStageWindow   - Set initial scene to FXGLStartupScene
09:56:42.155 [JavaFX Application Thread] DEBUG PrimaryStageWindow   - Opening main window
09:56:42.313 [JavaFX Application Thread] DEBUG PrimaryStageWindow   - Window border size: (14.399993896484375, 37.600006103515625)
09:56:42.313 [JavaFX Application Thread] DEBUG PrimaryStageWindow   - Scaled size: 400.0 x 400.0
09:56:42.313 [JavaFX Application Thread] DEBUG PrimaryStageWindow   - Scaled ratio: (1.0, 1.0)
09:56:42.314 [JavaFX Application Thread] DEBUG PrimaryStageWindow   - Scene size: 400.0 x 400.0
09:56:42.314 [JavaFX Application Thread] DEBUG PrimaryStageWindow   - Stage size: 414.3999938964844 x 437.6000061035156
09:56:42.324 [FXGL Background Thread 1 ] DEBUG Engine               - Initializing environment variables
09:56:42.383 [FXGL Background Thread 1 ] DEBUG FXGLAssetLoaderServi - User app class for loading assets: class roadbuilder.app.Main
09:56:42.384 [FXGL Background Thread 1 ] DEBUG GameApplicationServi - Applying CSS: fxgl_dark.css
09:56:42.385 [FXGL Background Thread 1 ] DEBUG FXGLAssetLoaderServi - Loading from file system: jar:file:/C:/Users/petro/.m2/repository/com/github/almasb/fxgl/21.1/fxgl-21.1.jar!/fxglassets/ui/css/fxgl_dark.css
09:56:42.454 [FXGL Background Thread 1 ] DEBUG GameApplicationServi - Initializing application scenes
09:56:42.551 [FXGL Background Thread 1 ] DEBUG GameWorld            - Game world initialized
09:56:42.708 [FXGL Background Thread 1 ] DEBUG PhysicsWorld         - Physics world initialized: appHeight=400, physics.ppm=50.0
09:56:42.709 [FXGL Background Thread 1 ] DEBUG PhysicsWorld         - Using strategy: BRUTE_FORCE
09:56:42.713 [FXGL Background Thread 1 ] DEBUG GameScene            - Game scene initialized: 400x400
09:56:42.734 [FXGL Background Thread 1 ] WARN  FXGL.DefaultMenu     - FXGLDefaultMenu is not designed for resolutions < 800x600
09:56:42.734 [FXGL Background Thread 1 ] DEBUG FXGL.DefaultMenu     - createMenuBodyGameMenu()
09:56:42.761 [FXGL Background Thread 1 ] DEBUG FXGL.DefaultMenu     - createOptionsMenu()
09:56:42.775 [FXGL Background Thread 1 ] DEBUG FXGLAssetLoaderServi - Loading from file system: jar:file:/C:/Users/petro/.m2/repository/com/github/almasb/fxgl/21.1/fxgl-21.1.jar!/fxglassets/textures/particles/smoke.png
09:56:42.952 [FXGL Background Thread 1 ] DEBUG FXGLAssetLoaderServi - Loading from file system: jar:file:/C:/Users/petro/.m2/repository/com/github/almasb/fxgl/21.1/fxgl-21.1.jar!/fxglassets/textures/particles/trace_horizontal.png
09:56:42.994 [FXGL Background Thread 1 ] DEBUG GameApplicationServi - Application scenes initialized
09:56:43.016 [FXGL Background Thread 1 ] DEBUG SystemBundleService  - Loading FXGL system data
09:56:43.025 [FXGL Background Thread 1 ] DEBUG FileSystemAccess     - Reading from: C:\Users\petro\Desktop\thesis mentés\utepites_fxgl_2\system\fxgl.bundle
09:56:43.029 [FXGL Background Thread 1 ] DEBUG SystemBundleService  - Bundle FXGL: {}
09:56:43.029 [FXGL Background Thread 1 ] DEBUG UpdaterService       - Checking for updates
09:56:43.035 [FXGL Background Thread 4 ] DEBUG FXGLApplication      - Loading fonts
09:56:43.036 [FXGL Background Thread 4 ] DEBUG FXGLAssetLoaderServi - Loading from file system: jar:file:/C:/Users/petro/.m2/repository/com/github/almasb/fxgl/21.1/fxgl-21.1.jar!/fxglassets/ui/fonts/VarelaRound-Regular.ttf
09:56:43.036 [FXGL Background Thread 1 ] DEBUG FXGLApplication      - Loading default localization
09:56:43.041 [FXGL Background Thread 1 ] DEBUG FXGLAssetLoaderServi - Loading from file system: jar:file:/C:/Users/petro/.m2/repository/com/github/almasb/fxgl/21.1/fxgl-21.1.jar!/fxglassets/languages/english.lang
09:56:43.059 [FXGL Background Thread 4 ] DEBUG FXGLAssetLoaderServi - Loading from file system: jar:file:/C:/Users/petro/.m2/repository/com/github/almasb/fxgl/21.1/fxgl-21.1.jar!/fxglassets/ui/fonts/Abel-Regular.ttf
09:56:43.071 [FXGL Background Thread 4 ] DEBUG FXGLAssetLoaderServi - Loading from file system: jar:file:/C:/Users/petro/.m2/repository/com/github/almasb/fxgl/21.1/fxgl-21.1.jar!/fxglassets/ui/fonts/TerminalLandMono-Regular.otf
09:56:43.083 [FXGL Background Thread 4 ] DEBUG FXGLAssetLoaderServi - Loading from file system: jar:file:/C:/Users/petro/.m2/repository/com/github/almasb/fxgl/21.1/fxgl-21.1.jar!/fxglassets/ui/fonts/Courier-Prime.ttf
09:56:43.102 [JavaFX Application Thread] DEBUG FXGLApplication      - Registering font factories with UI factory
09:56:43.125 [FXGL Background Thread 1 ] INFO  FXGLApplication      - FXGL initialization took: 0.800 sec
09:56:43.128 [JavaFX Application Thread] DEBUG FXGLAssetLoaderServi - Loading from file system: jar:file:/C:/Users/petro/.m2/repository/com/github/almasb/fxgl/21.1/fxgl-21.1.jar!/fxglassets/textures/fxgl_icon.png
09:56:43.157 [JavaFX Application Thread] DEBUG FXGLAssetLoaderServi - Loading from file system: jar:file:/C:/Users/petro/.m2/repository/com/github/almasb/fxgl/21.1/fxgl-21.1.jar!/fxglassets/textures/fxgl_default_cursor.png
09:56:43.184 [JavaFX Application Thread] DEBUG Input                - Registered new binding: Screenshot - CTRL+8
09:56:43.186 [JavaFX Application Thread] DEBUG Input                - Registered new binding: System info dump - CTRL+9
09:56:43.187 [JavaFX Application Thread] DEBUG Input                - Registered new binding: Restart - CTRL+R
09:56:43.190 [JavaFX Application Thread] DEBUG Input                - Registered new binding: Toggle Debug Camera - CTRL+7
09:56:43.195 [JavaFX Application Thread] DEBUG LoopRunner           - Starting loop
09:56:43.195 [JavaFX Application Thread] DEBUG LoopRunner           - Initializing JavaFX AnimationTimerLoop
09:56:43.197 [JavaFX Application Thread] DEBUG GameApplicationServi - Starting new game
09:56:43.198 [JavaFX Application Thread] DEBUG Input                - Clearing active input actions
09:56:43.224 [JavaFX Application Thread] DEBUG GameApplicationServi - Removing overlay from FXGLStartupScene and adding to FXGLLoadingScene
09:56:43.225 [JavaFX Application Thread] DEBUG PrimaryStageWindow   - FXGLStartupScene -> FXGLLoadingScene
09:56:43.225 [JavaFX Application Thread] DEBUG GameApplicationServi - Clearing previous game
09:56:43.225 [JavaFX Application Thread] DEBUG GameScene            - Clearing game scene
09:56:43.226 [JavaFX Application Thread] DEBUG GameWorld            - Clearing game world
09:56:43.226 [JavaFX Application Thread] DEBUG PhysicsWorld         - Clearing physics world
09:56:43.230 [FXGL Background Thread 1 ] DEBUG FXGLApplication      - Initializing game
09:56:43.345 [FXGL Background Thread 1 ] INFO  FXGLApplication      - Game initialization took: 0.115 sec
09:56:43.439 [JavaFX Application Thread] DEBUG Input                - Clearing active input actions
09:56:43.461 [JavaFX Application Thread] DEBUG GameApplicationServi - Removing overlay from FXGLLoadingScene and adding to GameScene
09:56:43.461 [JavaFX Application Thread] DEBUG PrimaryStageWindow   - FXGLLoadingScene -> GameScene
09:56:46.034 [FXGL Background Thread 3 ] DEBUG Engine               - Logging environment variables
09:56:46.034 [FXGL Background Thread 3 ] DEBUG Engine               - achievements: []
09:56:46.034 [FXGL Background Thread 3 ] DEBUG Engine               - actualHeight: 400.0
09:56:46.034 [FXGL Background Thread 3 ] DEBUG Engine               - actualHeightProperty: ReadOnlyDoubleProperty [value: 400.0]
09:56:46.035 [FXGL Background Thread 3 ] DEBUG Engine               - actualWidth: 400.0
09:56:46.035 [FXGL Background Thread 3 ] DEBUG Engine               - actualWidthProperty: ReadOnlyDoubleProperty [value: 400.0]
09:56:46.035 [FXGL Background Thread 3 ] DEBUG Engine               - appIcon: fxgl_icon.png
09:56:46.035 [FXGL Background Thread 3 ] DEBUG Engine               - applicationMode: DEVELOPER
09:56:46.035 [FXGL Background Thread 3 ] DEBUG Engine               - cSSList: [fxgl_dark.css]
09:56:46.035 [FXGL Background Thread 3 ] DEBUG Engine               - collisionDetectionStrategy: BRUTE_FORCE
09:56:46.035 [FXGL Background Thread 3 ] DEBUG Engine               - configClass: Optional.empty
09:56:46.035 [FXGL Background Thread 3 ] DEBUG Engine               - credits: []
09:56:46.035 [FXGL Background Thread 3 ] DEBUG Engine               - defaultCursor: CursorInfo(imageName=fxgl_default_cursor.png, hotspotX=7.0, hotspotY=6.0)
09:56:46.036 [FXGL Background Thread 3 ] DEBUG Engine               - devBBoxColorProperty: ObjectProperty [value: 0xff0000ff]
09:56:46.036 [FXGL Background Thread 3 ] DEBUG Engine               - devEnableDebugCameraProperty: BooleanProperty [value: false]
09:56:46.036 [FXGL Background Thread 3 ] DEBUG Engine               - devSensorColorProperty: ObjectProperty [value: 0xffff00ff]
09:56:46.036 [FXGL Background Thread 3 ] DEBUG Engine               - devShowBBoxProperty: BooleanProperty [value: false]
09:56:46.036 [FXGL Background Thread 3 ] DEBUG Engine               - devShowPositionProperty: BooleanProperty [value: false]
09:56:46.036 [FXGL Background Thread 3 ] DEBUG Engine               - enabledMenuItems: []
09:56:46.036 [FXGL Background Thread 3 ] DEBUG Engine               - engineServices: [class com.almasb.fxgl.app.services.FXGLAssetLoaderService, class com.almasb.fxgl.app.FXGLApplication$GameApplicationService, class com.almasb.fxgl.app.services.FXGLDialogService, class com.almasb.fxgl.app.services.IOTaskExecutorService, class com.almasb.fxgl.io.FileSystemService, class com.almasb.fxgl.localization.LocalizationService, class com.almasb.fxgl.app.services.SystemBundleService, class com.almasb.fxgl.profile.SaveLoadService, class com.almasb.fxgl.ui.FXGLUIFactoryServiceProvider, class com.almasb.fxgl.ui.FXGLDialogFactoryServiceProvider, class com.almasb.fxgl.audio.AudioPlayer, class com.almasb.fxgl.notification.impl.NotificationServiceProvider, class com.almasb.fxgl.achievement.AchievementService, class com.almasb.fxgl.cutscene.CutsceneService, class com.almasb.fxgl.minigames.MiniGameService, class com.almasb.fxgl.net.NetService, class com.almasb.fxgl.app.services.UpdaterService, class com.almasb.fxgl.dev.DevService]
09:56:46.036 [FXGL Background Thread 3 ] DEBUG Engine               - fontGame: Abel-Regular.ttf
09:56:46.036 [FXGL Background Thread 3 ] DEBUG Engine               - fontMono: TerminalLandMono-Regular.otf
09:56:46.036 [FXGL Background Thread 3 ] DEBUG Engine               - fontSizeScaleUI: 1.0
09:56:46.036 [FXGL Background Thread 3 ] DEBUG Engine               - fontText: Courier-Prime.ttf
09:56:46.036 [FXGL Background Thread 3 ] DEBUG Engine               - fontUI: VarelaRound-Regular.ttf
09:56:46.036 [FXGL Background Thread 3 ] DEBUG Engine               - fullScreen: BooleanProperty [value: false]
09:56:46.036 [FXGL Background Thread 3 ] DEBUG Engine               - gameDifficulty: MEDIUM
09:56:46.036 [FXGL Background Thread 3 ] DEBUG Engine               - gameDifficultyProperty: ObjectProperty [value: MEDIUM]
09:56:46.037 [FXGL Background Thread 3 ] DEBUG Engine               - globalMusicVolume: 0.5
09:56:46.037 [FXGL Background Thread 3 ] DEBUG Engine               - globalMusicVolumeProperty: DoubleProperty [value: 0.5]
09:56:46.037 [FXGL Background Thread 3 ] DEBUG Engine               - globalSoundVolume: 0.5
09:56:46.037 [FXGL Background Thread 3 ] DEBUG Engine               - globalSoundVolumeProperty: DoubleProperty [value: 0.5]
09:56:46.037 [FXGL Background Thread 3 ] DEBUG Engine               - height: 400
09:56:46.037 [FXGL Background Thread 3 ] DEBUG Engine               - is3D: false
09:56:46.037 [FXGL Background Thread 3 ] DEBUG Engine               - isAndroid: false
09:56:46.037 [FXGL Background Thread 3 ] DEBUG Engine               - isBrowser: false
09:56:46.037 [FXGL Background Thread 3 ] DEBUG Engine               - isClickFeedbackEnabled: false
09:56:46.037 [FXGL Background Thread 3 ] DEBUG Engine               - isCloseConfirmation: false
09:56:46.037 [FXGL Background Thread 3 ] DEBUG Engine               - isDesktop: true
09:56:46.037 [FXGL Background Thread 3 ] DEBUG Engine               - isDeveloperMenuEnabled: false
09:56:46.037 [FXGL Background Thread 3 ] DEBUG Engine               - isEmbedded: false
09:56:46.037 [FXGL Background Thread 3 ] DEBUG Engine               - isEntityPreloadEnabled: true
09:56:46.037 [FXGL Background Thread 3 ] DEBUG Engine               - isExperimentalTiledLargeMap: false
09:56:46.037 [FXGL Background Thread 3 ] DEBUG Engine               - isFileSystemWriteAllowed: true
09:56:46.037 [FXGL Background Thread 3 ] DEBUG Engine               - isFullScreenAllowed: false
09:56:46.037 [FXGL Background Thread 3 ] DEBUG Engine               - isFullScreenFromStart: false
09:56:46.038 [FXGL Background Thread 3 ] DEBUG Engine               - isGameMenuEnabled: true
09:56:46.038 [FXGL Background Thread 3 ] DEBUG Engine               - isIOS: false
09:56:46.038 [FXGL Background Thread 3 ] DEBUG Engine               - isIntroEnabled: false
09:56:46.038 [FXGL Background Thread 3 ] DEBUG Engine               - isLinux: false
09:56:46.038 [FXGL Background Thread 3 ] DEBUG Engine               - isMac: false
09:56:46.038 [FXGL Background Thread 3 ] DEBUG Engine               - isMainMenuEnabled: false
09:56:46.038 [FXGL Background Thread 3 ] DEBUG Engine               - isManualResizeEnabled: false
09:56:46.038 [FXGL Background Thread 3 ] DEBUG Engine               - isMobile: false
09:56:46.038 [FXGL Background Thread 3 ] DEBUG Engine               - isNative: false
09:56:46.038 [FXGL Background Thread 3 ] DEBUG Engine               - isPauseMusicWhenMinimized: true
09:56:46.038 [FXGL Background Thread 3 ] DEBUG Engine               - isPreserveResizeRatio: false
09:56:46.038 [FXGL Background Thread 3 ] DEBUG Engine               - isProfilingEnabled: false
09:56:46.038 [FXGL Background Thread 3 ] DEBUG Engine               - isScaleAffectedOnResize: true
09:56:46.039 [FXGL Background Thread 3 ] DEBUG Engine               - isSingleStep: false
09:56:46.039 [FXGL Background Thread 3 ] DEBUG Engine               - isUserProfileEnabled: false
09:56:46.039 [FXGL Background Thread 3 ] DEBUG Engine               - isWindows: true
09:56:46.039 [FXGL Background Thread 3 ] DEBUG Engine               - language: ObjectProperty [value: ENGLISH]
09:56:46.039 [FXGL Background Thread 3 ] DEBUG Engine               - menuKey: ESCAPE
09:56:46.039 [FXGL Background Thread 3 ] DEBUG Engine               - mouseSensitivity: 0.2
09:56:46.039 [FXGL Background Thread 3 ] DEBUG Engine               - notificationViewClass: class com.almasb.fxgl.notification.view.XboxNotificationView
09:56:46.039 [FXGL Background Thread 3 ] DEBUG Engine               - pixelsPerMeter: 50.0
09:56:46.039 [FXGL Background Thread 3 ] DEBUG Engine               - platform: WINDOWS
09:56:46.039 [FXGL Background Thread 3 ] DEBUG Engine               - prefHeightProperty: ReadOnlyDoubleProperty [value: 400.0]
09:56:46.039 [FXGL Background Thread 3 ] DEBUG Engine               - prefWidthProperty: ReadOnlyDoubleProperty [value: 400.0]
09:56:46.039 [FXGL Background Thread 3 ] DEBUG Engine               - profileDir: profiles/
09:56:46.039 [FXGL Background Thread 3 ] DEBUG Engine               - profileName: StringProperty [value: DEFAULT]
09:56:46.039 [FXGL Background Thread 3 ] DEBUG Engine               - randomSeed: -1
09:56:46.039 [FXGL Background Thread 3 ] DEBUG Engine               - runtimeInfo: RuntimeInfo(platform=WINDOWS, version=21.1, build=27.03.2024 07.52)
09:56:46.040 [FXGL Background Thread 3 ] DEBUG Engine               - saveFileExt: sav
09:56:46.040 [FXGL Background Thread 3 ] DEBUG Engine               - scaledHeightProp$fxgl: DoubleProperty [bound, value: 400.0]
09:56:46.040 [FXGL Background Thread 3 ] DEBUG Engine               - scaledWidthProp$fxgl: DoubleProperty [bound, value: 400.0]
09:56:46.040 [FXGL Background Thread 3 ] DEBUG Engine               - sceneFactory: com.almasb.fxgl.app.scene.SceneFactory@2a9758c2
09:56:46.040 [FXGL Background Thread 3 ] DEBUG Engine               - secondsIn24h: 60
09:56:46.040 [FXGL Background Thread 3 ] DEBUG Engine               - soundMenuBack: menu/back.wav
09:56:46.040 [FXGL Background Thread 3 ] DEBUG Engine               - soundMenuPress: menu/press.wav
09:56:46.040 [FXGL Background Thread 3 ] DEBUG Engine               - soundMenuSelect: menu/select.wav
09:56:46.040 [FXGL Background Thread 3 ] DEBUG Engine               - soundNotification: core/notification.wav
09:56:46.040 [FXGL Background Thread 3 ] DEBUG Engine               - stageStyle: DECORATED
09:56:46.040 [FXGL Background Thread 3 ] DEBUG Engine               - supportedLanguages: [ENGLISH, FRENCH, GERMAN, HUNGARIAN, RUSSIAN]
09:56:46.040 [FXGL Background Thread 3 ] DEBUG Engine               - ticksPerSecond: -1
09:56:46.040 [FXGL Background Thread 3 ] DEBUG Engine               - title: Tile Game
09:56:46.040 [FXGL Background Thread 3 ] DEBUG Engine               - urlGithub: https://github.com/AlmasB/FXGL
09:56:46.040 [FXGL Background Thread 3 ] DEBUG Engine               - urlLeaderboard: http://fxgl-top.herokuapp.com/
09:56:46.040 [FXGL Background Thread 3 ] DEBUG Engine               - urlPOM: https://raw.githubusercontent.com/AlmasB/FXGL/release/README.md
09:56:46.040 [FXGL Background Thread 3 ] DEBUG Engine               - userAppClass: class roadbuilder.app.Main
09:56:46.040 [FXGL Background Thread 3 ] DEBUG Engine               - version: 1.0
09:56:46.040 [FXGL Background Thread 3 ] DEBUG Engine               - versionCheckDays: 7
09:56:46.040 [FXGL Background Thread 3 ] DEBUG Engine               - width: 400
09:56:46.040 [FXGL Background Thread 3 ] DEBUG Engine               - Logging services
09:56:46.040 [FXGL Background Thread 3 ] DEBUG Engine               - class com.almasb.fxgl.app.services.FXGLAssetLoaderService
09:56:46.041 [FXGL Background Thread 3 ] DEBUG Engine               - class com.almasb.fxgl.app.FXGLApplication$GameApplicationService
09:56:46.041 [FXGL Background Thread 3 ] DEBUG Engine               - class com.almasb.fxgl.app.services.FXGLDialogService
09:56:46.041 [FXGL Background Thread 3 ] DEBUG Engine               - class com.almasb.fxgl.app.services.IOTaskExecutorService
09:56:46.041 [FXGL Background Thread 3 ] DEBUG Engine               - class com.almasb.fxgl.io.FileSystemService
09:56:46.041 [FXGL Background Thread 3 ] DEBUG Engine               - class com.almasb.fxgl.localization.LocalizationService
09:56:46.041 [FXGL Background Thread 3 ] DEBUG Engine               - class com.almasb.fxgl.app.services.SystemBundleService
09:56:46.041 [FXGL Background Thread 3 ] DEBUG Engine               - class com.almasb.fxgl.profile.SaveLoadService
09:56:46.041 [FXGL Background Thread 3 ] DEBUG Engine               - class com.almasb.fxgl.ui.FXGLUIFactoryServiceProvider
09:56:46.041 [FXGL Background Thread 3 ] DEBUG Engine               - class com.almasb.fxgl.ui.FXGLDialogFactoryServiceProvider
09:56:46.041 [FXGL Background Thread 3 ] DEBUG Engine               - class com.almasb.fxgl.audio.AudioPlayer
09:56:46.041 [FXGL Background Thread 3 ] DEBUG Engine               - class com.almasb.fxgl.notification.impl.NotificationServiceProvider
09:56:46.041 [FXGL Background Thread 3 ] DEBUG Engine               - class com.almasb.fxgl.achievement.AchievementService
09:56:46.041 [FXGL Background Thread 3 ] DEBUG Engine               - class com.almasb.fxgl.cutscene.CutsceneService
09:56:46.041 [FXGL Background Thread 3 ] DEBUG Engine               - class com.almasb.fxgl.minigames.MiniGameService
09:56:46.041 [FXGL Background Thread 3 ] DEBUG Engine               - class com.almasb.fxgl.net.NetService
09:56:46.041 [FXGL Background Thread 3 ] DEBUG Engine               - class com.almasb.fxgl.app.services.UpdaterService
09:56:46.041 [FXGL Background Thread 3 ] DEBUG Engine               - class com.almasb.fxgl.dev.DevService
09:56:54.093 [JavaFX Application Thread] DEBUG FXGLApplication      - Exiting FXGL
09:56:54.093 [JavaFX Application Thread] DEBUG LoopRunner           - Stopping loop
09:56:54.093 [JavaFX Application Thread] DEBUG SystemBundleService  - Saving FXGL system data
09:56:54.095 [JavaFX Application Thread] DEBUG FileSystemAccess     - Writing to: C:\Users\petro\Desktop\thesis mentés\utepites_fxgl_2\system\fxgl.bundle
09:56:54.096 [JavaFX Application Thread] DEBUG Async                - Shutting down background threads
09:56:54.096 [JavaFX Application Thread] DEBUG PrimaryStageWindow   - Closing main window
09:56:54.110 [JavaFX Application Thread] DEBUG Logger               - Closing Logger
