10:40:39.041 [main                     ] DEBUG Logger               - Configured Logger
10:40:39.084 [main                     ] DEBUG GameApplication      - Logging settings
Title: Game Menu
Version: 0.0
Width: 800
Height: 600
Fullscreen: false
Intro: false
Profiling: false
Single step:false
App Mode: DEVELOPER
Menu Key: ESCAPE
Stage Style: DECORATED
Scene Factory: class com.almasb.fxgl.app.scene.SceneFactory

10:40:39.943 [JavaFX Application Thread] DEBUG FXGLApplication      - Initializing FXGL
10:40:39.948 [JavaFX Application Thread] INFO  Engine               - FXGL-21.1 (27.03.2024 07.52) on WINDOWS (J:21.0.2 FX:21.0.1)
10:40:39.948 [JavaFX Application Thread] DEBUG Engine               - JRE Vendor Name: Oracle Corporation
10:40:39.948 [JavaFX Application Thread] DEBUG Engine               - Running on OS: Windows 11 version 10.0
10:40:39.950 [JavaFX Application Thread] DEBUG Engine               - Architecture: amd64
10:40:39.950 [JavaFX Application Thread] INFO  Engine               - Source code and latest versions at: https://github.com/AlmasB/FXGL
10:40:39.950 [JavaFX Application Thread] INFO  Engine               -       Ask questions and discuss at: https://github.com/AlmasB/FXGL/discussions
10:40:39.950 [JavaFX Application Thread] INFO  Engine               -              Join the FXGL chat at: https://gitter.im/AlmasB/FXGL
10:40:40.109 [JavaFX Application Thread] DEBUG PrimaryStageWindow   - Creating a JavaFX scene
10:40:40.178 [JavaFX Application Thread] DEBUG PrimaryStageWindow   - Target settings size: 800.0 x 600.0
10:40:40.178 [JavaFX Application Thread] DEBUG PrimaryStageWindow   - Scaled scene size:    800.0 x 600.0
10:40:40.178 [JavaFX Application Thread] DEBUG PrimaryStageWindow   - Scaled ratio: (1.0, 1.0)
10:40:40.180 [JavaFX Application Thread] DEBUG PrimaryStageWindow   - Set initial scene to FXGLStartupScene
10:40:40.184 [JavaFX Application Thread] DEBUG PrimaryStageWindow   - Opening main window
10:40:40.301 [JavaFX Application Thread] DEBUG PrimaryStageWindow   - Window border size: (14.4000244140625, 37.5999755859375)
10:40:40.302 [JavaFX Application Thread] DEBUG PrimaryStageWindow   - Scaled size: 800.0 x 600.0
10:40:40.302 [JavaFX Application Thread] DEBUG PrimaryStageWindow   - Scaled ratio: (1.0, 1.0)
10:40:40.303 [JavaFX Application Thread] DEBUG PrimaryStageWindow   - Scene size: 800.0 x 600.0
10:40:40.303 [JavaFX Application Thread] DEBUG PrimaryStageWindow   - Stage size: 814.4000244140625 x 637.5999755859375
10:40:40.312 [FXGL Background Thread 1 ] DEBUG Engine               - Initializing environment variables
10:40:40.383 [FXGL Background Thread 1 ] DEBUG FXGLAssetLoaderServi - User app class for loading assets: class roadbuilder.MainMenu
10:40:40.383 [FXGL Background Thread 1 ] DEBUG GameApplicationServi - Applying CSS: fxgl_dark.css
10:40:40.385 [FXGL Background Thread 1 ] DEBUG FXGLAssetLoaderServi - Loading from file system: jar:file:/C:/Users/petro/.m2/repository/com/github/almasb/fxgl/21.1/fxgl-21.1.jar!/fxglassets/ui/css/fxgl_dark.css
10:40:40.446 [FXGL Background Thread 1 ] DEBUG GameApplicationServi - Initializing application scenes
10:40:40.529 [FXGL Background Thread 1 ] DEBUG GameWorld            - Game world initialized
10:40:40.673 [FXGL Background Thread 1 ] DEBUG PhysicsWorld         - Physics world initialized: appHeight=600, physics.ppm=50.0
10:40:40.674 [FXGL Background Thread 1 ] DEBUG PhysicsWorld         - Using strategy: BRUTE_FORCE
10:40:40.680 [FXGL Background Thread 1 ] DEBUG GameScene            - Game scene initialized: 800x600
10:40:40.705 [FXGL Background Thread 1 ] DEBUG FXGL.DefaultMenu     - createMenuBodyGameMenu()
10:40:40.729 [FXGL Background Thread 1 ] DEBUG FXGL.DefaultMenu     - createOptionsMenu()
10:40:40.745 [FXGL Background Thread 1 ] DEBUG FXGLAssetLoaderServi - Loading from file system: jar:file:/C:/Users/petro/.m2/repository/com/github/almasb/fxgl/21.1/fxgl-21.1.jar!/fxglassets/textures/particles/smoke.png
10:40:40.940 [FXGL Background Thread 1 ] DEBUG FXGLAssetLoaderServi - Loading from file system: jar:file:/C:/Users/petro/.m2/repository/com/github/almasb/fxgl/21.1/fxgl-21.1.jar!/fxglassets/textures/particles/trace_horizontal.png
10:40:40.978 [FXGL Background Thread 1 ] DEBUG GameApplicationServi - Application scenes initialized
10:40:41.000 [FXGL Background Thread 1 ] DEBUG SystemBundleService  - Loading FXGL system data
10:40:41.007 [FXGL Background Thread 1 ] DEBUG FileSystemAccess     - Reading from: C:\Users\petro\Desktop\szakdoga\thesis\system\fxgl.bundle
10:40:41.019 [FXGL Background Thread 1 ] DEBUG SystemBundleService  - Bundle FXGL: {}
10:40:41.019 [FXGL Background Thread 1 ] DEBUG UpdaterService       - Checking for updates
10:40:41.025 [FXGL Background Thread 4 ] DEBUG FXGLApplication      - Loading fonts
10:40:41.025 [FXGL Background Thread 4 ] DEBUG FXGLAssetLoaderServi - Loading from file system: jar:file:/C:/Users/petro/.m2/repository/com/github/almasb/fxgl/21.1/fxgl-21.1.jar!/fxglassets/ui/fonts/VarelaRound-Regular.ttf
10:40:41.027 [FXGL Background Thread 1 ] DEBUG FXGLApplication      - Loading default localization
10:40:41.028 [FXGL Background Thread 1 ] DEBUG FXGLAssetLoaderServi - Loading from file system: jar:file:/C:/Users/petro/.m2/repository/com/github/almasb/fxgl/21.1/fxgl-21.1.jar!/fxglassets/languages/english.lang
10:40:41.100 [FXGL Background Thread 4 ] DEBUG FXGLAssetLoaderServi - Loading from file system: jar:file:/C:/Users/petro/.m2/repository/com/github/almasb/fxgl/21.1/fxgl-21.1.jar!/fxglassets/ui/fonts/Abel-Regular.ttf
10:40:41.124 [FXGL Background Thread 1 ] INFO  FXGLApplication      - FXGL initialization took: 0.812 sec
10:40:41.126 [JavaFX Application Thread] DEBUG FXGLAssetLoaderServi - Loading from file system: jar:file:/C:/Users/petro/.m2/repository/com/github/almasb/fxgl/21.1/fxgl-21.1.jar!/fxglassets/textures/fxgl_icon.png
10:40:41.126 [FXGL Background Thread 4 ] DEBUG FXGLAssetLoaderServi - Loading from file system: jar:file:/C:/Users/petro/.m2/repository/com/github/almasb/fxgl/21.1/fxgl-21.1.jar!/fxglassets/ui/fonts/TerminalLandMono-Regular.otf
10:40:41.141 [FXGL Background Thread 4 ] DEBUG FXGLAssetLoaderServi - Loading from file system: jar:file:/C:/Users/petro/.m2/repository/com/github/almasb/fxgl/21.1/fxgl-21.1.jar!/fxglassets/ui/fonts/Courier-Prime.ttf
10:40:41.159 [JavaFX Application Thread] DEBUG FXGLAssetLoaderServi - Loading from file system: jar:file:/C:/Users/petro/.m2/repository/com/github/almasb/fxgl/21.1/fxgl-21.1.jar!/fxglassets/textures/fxgl_default_cursor.png
10:40:41.195 [JavaFX Application Thread] DEBUG Input                - Registered new binding: Screenshot - CTRL+8
10:40:41.197 [JavaFX Application Thread] DEBUG Input                - Registered new binding: System info dump - CTRL+9
10:40:41.198 [JavaFX Application Thread] DEBUG Input                - Registered new binding: Restart - CTRL+R
10:40:41.200 [JavaFX Application Thread] DEBUG Input                - Registered new binding: Toggle Debug Camera - CTRL+7
10:40:41.212 [JavaFX Application Thread] DEBUG LoopRunner           - Starting loop
10:40:41.212 [JavaFX Application Thread] DEBUG LoopRunner           - Initializing JavaFX AnimationTimerLoop
10:40:41.219 [JavaFX Application Thread] DEBUG GameApplicationServi - Starting new game
10:40:41.220 [JavaFX Application Thread] DEBUG Input                - Clearing active input actions
10:40:41.245 [JavaFX Application Thread] DEBUG GameApplicationServi - Removing overlay from FXGLStartupScene and adding to FXGLLoadingScene
10:40:41.245 [JavaFX Application Thread] DEBUG PrimaryStageWindow   - FXGLStartupScene -> FXGLLoadingScene
10:40:41.245 [JavaFX Application Thread] DEBUG GameApplicationServi - Clearing previous game
10:40:41.245 [JavaFX Application Thread] DEBUG GameScene            - Clearing game scene
10:40:41.246 [JavaFX Application Thread] DEBUG GameWorld            - Clearing game world
10:40:41.246 [JavaFX Application Thread] DEBUG PhysicsWorld         - Clearing physics world
10:40:41.252 [FXGL Background Thread 4 ] DEBUG FXGLApplication      - Initializing game
10:40:41.255 [JavaFX Application Thread] DEBUG FXGLApplication      - Registering font factories with UI factory
10:40:41.546 [FXGL Background Thread 4 ] INFO  FXGLApplication      - Game initialization took: 0.295 sec
10:40:41.569 [JavaFX Application Thread] DEBUG Input                - Clearing active input actions
10:40:41.583 [JavaFX Application Thread] DEBUG GameApplicationServi - Removing overlay from FXGLLoadingScene and adding to GameScene
10:40:41.584 [JavaFX Application Thread] DEBUG PrimaryStageWindow   - FXGLLoadingScene -> GameScene
10:40:44.024 [FXGL Background Thread 3 ] DEBUG Engine               - Logging environment variables
10:40:44.025 [FXGL Background Thread 3 ] DEBUG Engine               - achievements: []
10:40:44.025 [FXGL Background Thread 3 ] DEBUG Engine               - actualHeight: 600.0
10:40:44.025 [FXGL Background Thread 3 ] DEBUG Engine               - actualHeightProperty: ReadOnlyDoubleProperty [value: 600.0]
10:40:44.025 [FXGL Background Thread 3 ] DEBUG Engine               - actualWidth: 800.0
10:40:44.025 [FXGL Background Thread 3 ] DEBUG Engine               - actualWidthProperty: ReadOnlyDoubleProperty [value: 800.0]
10:40:44.025 [FXGL Background Thread 3 ] DEBUG Engine               - appIcon: fxgl_icon.png
10:40:44.025 [FXGL Background Thread 3 ] DEBUG Engine               - applicationMode: DEVELOPER
10:40:44.025 [FXGL Background Thread 3 ] DEBUG Engine               - cSSList: [fxgl_dark.css]
10:40:44.025 [FXGL Background Thread 3 ] DEBUG Engine               - collisionDetectionStrategy: BRUTE_FORCE
10:40:44.025 [FXGL Background Thread 3 ] DEBUG Engine               - configClass: Optional.empty
10:40:44.025 [FXGL Background Thread 3 ] DEBUG Engine               - credits: []
10:40:44.026 [FXGL Background Thread 3 ] DEBUG Engine               - defaultCursor: CursorInfo(imageName=fxgl_default_cursor.png, hotspotX=7.0, hotspotY=6.0)
10:40:44.026 [FXGL Background Thread 3 ] DEBUG Engine               - devBBoxColorProperty: ObjectProperty [value: 0xff0000ff]
10:40:44.026 [FXGL Background Thread 3 ] DEBUG Engine               - devEnableDebugCameraProperty: BooleanProperty [value: false]
10:40:44.026 [FXGL Background Thread 3 ] DEBUG Engine               - devSensorColorProperty: ObjectProperty [value: 0xffff00ff]
10:40:44.026 [FXGL Background Thread 3 ] DEBUG Engine               - devShowBBoxProperty: BooleanProperty [value: false]
10:40:44.026 [FXGL Background Thread 3 ] DEBUG Engine               - devShowPositionProperty: BooleanProperty [value: false]
10:40:44.026 [FXGL Background Thread 3 ] DEBUG Engine               - enabledMenuItems: []
10:40:44.026 [FXGL Background Thread 3 ] DEBUG Engine               - engineServices: [class com.almasb.fxgl.app.services.FXGLAssetLoaderService, class com.almasb.fxgl.app.FXGLApplication$GameApplicationService, class com.almasb.fxgl.app.services.FXGLDialogService, class com.almasb.fxgl.app.services.IOTaskExecutorService, class com.almasb.fxgl.io.FileSystemService, class com.almasb.fxgl.localization.LocalizationService, class com.almasb.fxgl.app.services.SystemBundleService, class com.almasb.fxgl.profile.SaveLoadService, class com.almasb.fxgl.ui.FXGLUIFactoryServiceProvider, class com.almasb.fxgl.ui.FXGLDialogFactoryServiceProvider, class com.almasb.fxgl.audio.AudioPlayer, class com.almasb.fxgl.notification.impl.NotificationServiceProvider, class com.almasb.fxgl.achievement.AchievementService, class com.almasb.fxgl.cutscene.CutsceneService, class com.almasb.fxgl.minigames.MiniGameService, class com.almasb.fxgl.net.NetService, class com.almasb.fxgl.app.services.UpdaterService, class com.almasb.fxgl.dev.DevService]
10:40:44.026 [FXGL Background Thread 3 ] DEBUG Engine               - fontGame: Abel-Regular.ttf
10:40:44.026 [FXGL Background Thread 3 ] DEBUG Engine               - fontMono: TerminalLandMono-Regular.otf
10:40:44.026 [FXGL Background Thread 3 ] DEBUG Engine               - fontSizeScaleUI: 1.0
10:40:44.027 [FXGL Background Thread 3 ] DEBUG Engine               - fontText: Courier-Prime.ttf
10:40:44.027 [FXGL Background Thread 3 ] DEBUG Engine               - fontUI: VarelaRound-Regular.ttf
10:40:44.027 [FXGL Background Thread 3 ] DEBUG Engine               - fullScreen: BooleanProperty [value: false]
10:40:44.027 [FXGL Background Thread 3 ] DEBUG Engine               - gameDifficulty: MEDIUM
10:40:44.027 [FXGL Background Thread 3 ] DEBUG Engine               - gameDifficultyProperty: ObjectProperty [value: MEDIUM]
10:40:44.027 [FXGL Background Thread 3 ] DEBUG Engine               - globalMusicVolume: 0.5
10:40:44.027 [FXGL Background Thread 3 ] DEBUG Engine               - globalMusicVolumeProperty: DoubleProperty [value: 0.5]
10:40:44.027 [FXGL Background Thread 3 ] DEBUG Engine               - globalSoundVolume: 0.5
10:40:44.027 [FXGL Background Thread 3 ] DEBUG Engine               - globalSoundVolumeProperty: DoubleProperty [value: 0.5]
10:40:44.027 [FXGL Background Thread 3 ] DEBUG Engine               - height: 600
10:40:44.027 [FXGL Background Thread 3 ] DEBUG Engine               - is3D: false
10:40:44.027 [FXGL Background Thread 3 ] DEBUG Engine               - isAndroid: false
10:40:44.027 [FXGL Background Thread 3 ] DEBUG Engine               - isBrowser: false
10:40:44.027 [FXGL Background Thread 3 ] DEBUG Engine               - isClickFeedbackEnabled: false
10:40:44.027 [FXGL Background Thread 3 ] DEBUG Engine               - isCloseConfirmation: false
10:40:44.028 [FXGL Background Thread 3 ] DEBUG Engine               - isDesktop: true
10:40:44.028 [FXGL Background Thread 3 ] DEBUG Engine               - isDeveloperMenuEnabled: false
10:40:44.028 [FXGL Background Thread 3 ] DEBUG Engine               - isEmbedded: false
10:40:44.028 [FXGL Background Thread 3 ] DEBUG Engine               - isEntityPreloadEnabled: true
10:40:44.028 [FXGL Background Thread 3 ] DEBUG Engine               - isExperimentalTiledLargeMap: false
10:40:44.028 [FXGL Background Thread 3 ] DEBUG Engine               - isFileSystemWriteAllowed: true
10:40:44.028 [FXGL Background Thread 3 ] DEBUG Engine               - isFullScreenAllowed: false
10:40:44.028 [FXGL Background Thread 3 ] DEBUG Engine               - isFullScreenFromStart: false
10:40:44.028 [FXGL Background Thread 3 ] DEBUG Engine               - isGameMenuEnabled: true
10:40:44.028 [FXGL Background Thread 3 ] DEBUG Engine               - isIOS: false
10:40:44.028 [FXGL Background Thread 3 ] DEBUG Engine               - isIntroEnabled: false
10:40:44.028 [FXGL Background Thread 3 ] DEBUG Engine               - isLinux: false
10:40:44.028 [FXGL Background Thread 3 ] DEBUG Engine               - isMac: false
10:40:44.028 [FXGL Background Thread 3 ] DEBUG Engine               - isMainMenuEnabled: false
10:40:44.029 [FXGL Background Thread 3 ] DEBUG Engine               - isManualResizeEnabled: false
10:40:44.029 [FXGL Background Thread 3 ] DEBUG Engine               - isMobile: false
10:40:44.030 [FXGL Background Thread 3 ] DEBUG Engine               - isNative: false
10:40:44.030 [FXGL Background Thread 3 ] DEBUG Engine               - isPauseMusicWhenMinimized: true
10:40:44.030 [FXGL Background Thread 3 ] DEBUG Engine               - isPreserveResizeRatio: false
10:40:44.030 [FXGL Background Thread 3 ] DEBUG Engine               - isProfilingEnabled: false
10:40:44.030 [FXGL Background Thread 3 ] DEBUG Engine               - isScaleAffectedOnResize: true
10:40:44.030 [FXGL Background Thread 3 ] DEBUG Engine               - isSingleStep: false
10:40:44.030 [FXGL Background Thread 3 ] DEBUG Engine               - isUserProfileEnabled: false
10:40:44.030 [FXGL Background Thread 3 ] DEBUG Engine               - isWindows: true
10:40:44.030 [FXGL Background Thread 3 ] DEBUG Engine               - language: ObjectProperty [value: ENGLISH]
10:40:44.030 [FXGL Background Thread 3 ] DEBUG Engine               - menuKey: ESCAPE
10:40:44.030 [FXGL Background Thread 3 ] DEBUG Engine               - mouseSensitivity: 0.2
10:40:44.030 [FXGL Background Thread 3 ] DEBUG Engine               - notificationViewClass: class com.almasb.fxgl.notification.view.XboxNotificationView
10:40:44.030 [FXGL Background Thread 3 ] DEBUG Engine               - pixelsPerMeter: 50.0
10:40:44.030 [FXGL Background Thread 3 ] DEBUG Engine               - platform: WINDOWS
10:40:44.030 [FXGL Background Thread 3 ] DEBUG Engine               - prefHeightProperty: ReadOnlyDoubleProperty [value: 600.0]
10:40:44.030 [FXGL Background Thread 3 ] DEBUG Engine               - prefWidthProperty: ReadOnlyDoubleProperty [value: 800.0]
10:40:44.030 [FXGL Background Thread 3 ] DEBUG Engine               - profileDir: profiles/
10:40:44.030 [FXGL Background Thread 3 ] DEBUG Engine               - profileName: StringProperty [value: DEFAULT]
10:40:44.030 [FXGL Background Thread 3 ] DEBUG Engine               - randomSeed: -1
10:40:44.031 [FXGL Background Thread 3 ] DEBUG Engine               - runtimeInfo: RuntimeInfo(platform=WINDOWS, version=21.1, build=27.03.2024 07.52)
10:40:44.031 [FXGL Background Thread 3 ] DEBUG Engine               - saveFileExt: sav
10:40:44.031 [FXGL Background Thread 3 ] DEBUG Engine               - scaledHeightProp$fxgl: DoubleProperty [bound, value: 600.0]
10:40:44.031 [FXGL Background Thread 3 ] DEBUG Engine               - scaledWidthProp$fxgl: DoubleProperty [bound, value: 800.0]
10:40:44.031 [FXGL Background Thread 3 ] DEBUG Engine               - sceneFactory: com.almasb.fxgl.app.scene.SceneFactory@633f4a9b
10:40:44.031 [FXGL Background Thread 3 ] DEBUG Engine               - secondsIn24h: 60
10:40:44.031 [FXGL Background Thread 3 ] DEBUG Engine               - soundMenuBack: menu/back.wav
10:40:44.031 [FXGL Background Thread 3 ] DEBUG Engine               - soundMenuPress: menu/press.wav
10:40:44.031 [FXGL Background Thread 3 ] DEBUG Engine               - soundMenuSelect: menu/select.wav
10:40:44.031 [FXGL Background Thread 3 ] DEBUG Engine               - soundNotification: core/notification.wav
10:40:44.031 [FXGL Background Thread 3 ] DEBUG Engine               - stageStyle: DECORATED
10:40:44.031 [FXGL Background Thread 3 ] DEBUG Engine               - supportedLanguages: [ENGLISH, FRENCH, GERMAN, HUNGARIAN, RUSSIAN]
10:40:44.031 [FXGL Background Thread 3 ] DEBUG Engine               - ticksPerSecond: -1
10:40:44.031 [FXGL Background Thread 3 ] DEBUG Engine               - title: Game Menu
10:40:44.031 [FXGL Background Thread 3 ] DEBUG Engine               - urlGithub: https://github.com/AlmasB/FXGL
10:40:44.031 [FXGL Background Thread 3 ] DEBUG Engine               - urlLeaderboard: http://fxgl-top.herokuapp.com/
10:40:44.031 [FXGL Background Thread 3 ] DEBUG Engine               - urlPOM: https://raw.githubusercontent.com/AlmasB/FXGL/release/README.md
10:40:44.031 [FXGL Background Thread 3 ] DEBUG Engine               - userAppClass: class roadbuilder.MainMenu
10:40:44.031 [FXGL Background Thread 3 ] DEBUG Engine               - version: 0.0
10:40:44.031 [FXGL Background Thread 3 ] DEBUG Engine               - versionCheckDays: 7
10:40:44.031 [FXGL Background Thread 3 ] DEBUG Engine               - width: 800
10:40:44.032 [FXGL Background Thread 3 ] DEBUG Engine               - Logging services
10:40:44.032 [FXGL Background Thread 3 ] DEBUG Engine               - class com.almasb.fxgl.app.services.FXGLAssetLoaderService
10:40:44.032 [FXGL Background Thread 3 ] DEBUG Engine               - class com.almasb.fxgl.app.FXGLApplication$GameApplicationService
10:40:44.032 [FXGL Background Thread 3 ] DEBUG Engine               - class com.almasb.fxgl.app.services.FXGLDialogService
10:40:44.032 [FXGL Background Thread 3 ] DEBUG Engine               - class com.almasb.fxgl.app.services.IOTaskExecutorService
10:40:44.032 [FXGL Background Thread 3 ] DEBUG Engine               - class com.almasb.fxgl.io.FileSystemService
10:40:44.032 [FXGL Background Thread 3 ] DEBUG Engine               - class com.almasb.fxgl.localization.LocalizationService
10:40:44.032 [FXGL Background Thread 3 ] DEBUG Engine               - class com.almasb.fxgl.app.services.SystemBundleService
10:40:44.032 [FXGL Background Thread 3 ] DEBUG Engine               - class com.almasb.fxgl.profile.SaveLoadService
10:40:44.032 [FXGL Background Thread 3 ] DEBUG Engine               - class com.almasb.fxgl.ui.FXGLUIFactoryServiceProvider
10:40:44.032 [FXGL Background Thread 3 ] DEBUG Engine               - class com.almasb.fxgl.ui.FXGLDialogFactoryServiceProvider
10:40:44.032 [FXGL Background Thread 3 ] DEBUG Engine               - class com.almasb.fxgl.audio.AudioPlayer
10:40:44.032 [FXGL Background Thread 3 ] DEBUG Engine               - class com.almasb.fxgl.notification.impl.NotificationServiceProvider
10:40:44.032 [FXGL Background Thread 3 ] DEBUG Engine               - class com.almasb.fxgl.achievement.AchievementService
10:40:44.032 [FXGL Background Thread 3 ] DEBUG Engine               - class com.almasb.fxgl.cutscene.CutsceneService
10:40:44.032 [FXGL Background Thread 3 ] DEBUG Engine               - class com.almasb.fxgl.minigames.MiniGameService
10:40:44.032 [FXGL Background Thread 3 ] DEBUG Engine               - class com.almasb.fxgl.net.NetService
10:40:44.032 [FXGL Background Thread 3 ] DEBUG Engine               - class com.almasb.fxgl.app.services.UpdaterService
10:40:44.032 [FXGL Background Thread 3 ] DEBUG Engine               - class com.almasb.fxgl.dev.DevService
10:40:45.798 [JavaFX Application Thread] DEBUG FXGLApplication      - Exiting FXGL
10:40:45.798 [JavaFX Application Thread] DEBUG LoopRunner           - Stopping loop
10:40:45.798 [JavaFX Application Thread] DEBUG SystemBundleService  - Saving FXGL system data
10:40:45.801 [JavaFX Application Thread] DEBUG FileSystemAccess     - Writing to: C:\Users\petro\Desktop\szakdoga\thesis\system\fxgl.bundle
10:40:45.804 [JavaFX Application Thread] DEBUG Async                - Shutting down background threads
10:40:45.804 [JavaFX Application Thread] DEBUG PrimaryStageWindow   - Closing main window
10:40:45.822 [JavaFX Application Thread] DEBUG Logger               - Closing Logger
