11:03:08.777 [main                     ] DEBUG Logger               - Configured Logger
11:03:08.820 [main                     ] DEBUG GameApplication      - Logging settings
Title: Tile Game
Version: 1.0
Width: 800
Height: 600
Fullscreen: true
Intro: false
Profiling: false
Single step:false
App Mode: DEVELOPER
Menu Key: ESCAPE
Stage Style: DECORATED
Scene Factory: class com.almasb.fxgl.app.scene.SceneFactory

11:03:09.293 [JavaFX Application Thread] DEBUG FXGLApplication      - Initializing FXGL
11:03:09.298 [JavaFX Application Thread] INFO  Engine               - FXGL-21.1 (27.03.2024 07.52) on WINDOWS (J:21.0.2 FX:21.0.1)
11:03:09.299 [JavaFX Application Thread] DEBUG Engine               - JRE Vendor Name: Oracle Corporation
11:03:09.299 [JavaFX Application Thread] DEBUG Engine               - Running on OS: Windows 11 version 10.0
11:03:09.299 [JavaFX Application Thread] DEBUG Engine               - Architecture: amd64
11:03:09.300 [JavaFX Application Thread] INFO  Engine               - Source code and latest versions at: https://github.com/AlmasB/FXGL
11:03:09.300 [JavaFX Application Thread] INFO  Engine               -       Ask questions and discuss at: https://github.com/AlmasB/FXGL/discussions
11:03:09.300 [JavaFX Application Thread] INFO  Engine               -              Join the FXGL chat at: https://gitter.im/AlmasB/FXGL
11:03:09.458 [JavaFX Application Thread] DEBUG PrimaryStageWindow   - Creating a JavaFX scene
11:03:09.528 [JavaFX Application Thread] DEBUG PrimaryStageWindow   - Target settings size: 800.0 x 600.0
11:03:09.529 [JavaFX Application Thread] DEBUG PrimaryStageWindow   - Scaled scene size:    800.0 x 600.0
11:03:09.529 [JavaFX Application Thread] DEBUG PrimaryStageWindow   - Scaled ratio: (1.0, 1.0)
11:03:09.531 [JavaFX Application Thread] DEBUG PrimaryStageWindow   - Set initial scene to FXGLStartupScene
11:03:09.536 [JavaFX Application Thread] DEBUG PrimaryStageWindow   - Opening main window
11:03:09.647 [JavaFX Application Thread] DEBUG PrimaryStageWindow   - Window border size: (14.4000244140625, 37.5999755859375)
11:03:09.647 [JavaFX Application Thread] DEBUG PrimaryStageWindow   - Scaled size: 800.0 x 600.0
11:03:09.648 [JavaFX Application Thread] DEBUG PrimaryStageWindow   - Scaled ratio: (1.0, 1.0)
11:03:09.648 [JavaFX Application Thread] DEBUG PrimaryStageWindow   - Scene size: 800.0 x 600.0
11:03:09.648 [JavaFX Application Thread] DEBUG PrimaryStageWindow   - Stage size: 814.4000244140625 x 637.5999755859375
11:03:09.657 [FXGL Background Thread 1 ] DEBUG Engine               - Initializing environment variables
11:03:09.730 [FXGL Background Thread 1 ] DEBUG FXGLAssetLoaderServi - User app class for loading assets: class roadbuilder.app.Main
11:03:09.730 [FXGL Background Thread 1 ] DEBUG GameApplicationServi - Applying CSS: fxgl_dark.css
11:03:09.732 [FXGL Background Thread 1 ] DEBUG FXGLAssetLoaderServi - Loading from file system: jar:file:/C:/Users/petro/.m2/repository/com/github/almasb/fxgl/21.1/fxgl-21.1.jar!/fxglassets/ui/css/fxgl_dark.css
11:03:09.790 [FXGL Background Thread 1 ] DEBUG GameApplicationServi - Initializing application scenes
11:03:09.870 [FXGL Background Thread 1 ] DEBUG GameWorld            - Game world initialized
11:03:10.015 [FXGL Background Thread 1 ] DEBUG PhysicsWorld         - Physics world initialized: appHeight=600, physics.ppm=50.0
11:03:10.016 [FXGL Background Thread 1 ] DEBUG PhysicsWorld         - Using strategy: BRUTE_FORCE
11:03:10.022 [FXGL Background Thread 1 ] DEBUG GameScene            - Game scene initialized: 800x600
11:03:10.040 [FXGL Background Thread 1 ] DEBUG FXGL.DefaultMenu     - createMenuBodyGameMenu()
11:03:10.064 [FXGL Background Thread 1 ] DEBUG FXGL.DefaultMenu     - createOptionsMenu()
11:03:10.078 [FXGL Background Thread 1 ] DEBUG FXGLAssetLoaderServi - Loading from file system: jar:file:/C:/Users/petro/.m2/repository/com/github/almasb/fxgl/21.1/fxgl-21.1.jar!/fxglassets/textures/particles/smoke.png
11:03:10.249 [FXGL Background Thread 1 ] DEBUG FXGLAssetLoaderServi - Loading from file system: jar:file:/C:/Users/petro/.m2/repository/com/github/almasb/fxgl/21.1/fxgl-21.1.jar!/fxglassets/textures/particles/trace_horizontal.png
11:03:10.287 [FXGL Background Thread 1 ] DEBUG GameApplicationServi - Application scenes initialized
11:03:10.306 [FXGL Background Thread 1 ] DEBUG SystemBundleService  - Loading FXGL system data
11:03:10.312 [FXGL Background Thread 1 ] DEBUG FileSystemAccess     - Reading from: C:\Users\petro\Desktop\thesis mentés\utepites_fxgl_2\system\fxgl.bundle
11:03:10.327 [FXGL Background Thread 1 ] DEBUG SystemBundleService  - Bundle FXGL: {}
11:03:10.327 [FXGL Background Thread 1 ] DEBUG UpdaterService       - Checking for updates
11:03:10.334 [FXGL Background Thread 4 ] DEBUG FXGLApplication      - Loading fonts
11:03:10.334 [FXGL Background Thread 4 ] DEBUG FXGLAssetLoaderServi - Loading from file system: jar:file:/C:/Users/petro/.m2/repository/com/github/almasb/fxgl/21.1/fxgl-21.1.jar!/fxglassets/ui/fonts/VarelaRound-Regular.ttf
11:03:10.335 [FXGL Background Thread 1 ] DEBUG FXGLApplication      - Loading default localization
11:03:10.336 [FXGL Background Thread 1 ] DEBUG FXGLAssetLoaderServi - Loading from file system: jar:file:/C:/Users/petro/.m2/repository/com/github/almasb/fxgl/21.1/fxgl-21.1.jar!/fxglassets/languages/english.lang
11:03:10.398 [FXGL Background Thread 4 ] DEBUG FXGLAssetLoaderServi - Loading from file system: jar:file:/C:/Users/petro/.m2/repository/com/github/almasb/fxgl/21.1/fxgl-21.1.jar!/fxglassets/ui/fonts/Abel-Regular.ttf
11:03:10.409 [FXGL Background Thread 4 ] DEBUG FXGLAssetLoaderServi - Loading from file system: jar:file:/C:/Users/petro/.m2/repository/com/github/almasb/fxgl/21.1/fxgl-21.1.jar!/fxglassets/ui/fonts/TerminalLandMono-Regular.otf
11:03:10.420 [FXGL Background Thread 4 ] DEBUG FXGLAssetLoaderServi - Loading from file system: jar:file:/C:/Users/petro/.m2/repository/com/github/almasb/fxgl/21.1/fxgl-21.1.jar!/fxglassets/ui/fonts/Courier-Prime.ttf
11:03:10.426 [FXGL Background Thread 1 ] INFO  FXGLApplication      - FXGL initialization took: 0.768 sec
11:03:10.428 [JavaFX Application Thread] DEBUG FXGLAssetLoaderServi - Loading from file system: jar:file:/C:/Users/petro/.m2/repository/com/github/almasb/fxgl/21.1/fxgl-21.1.jar!/fxglassets/textures/fxgl_icon.png
11:03:10.457 [JavaFX Application Thread] DEBUG FXGLAssetLoaderServi - Loading from file system: jar:file:/C:/Users/petro/.m2/repository/com/github/almasb/fxgl/21.1/fxgl-21.1.jar!/fxglassets/textures/fxgl_default_cursor.png
11:03:10.495 [JavaFX Application Thread] DEBUG Input                - Registered new binding: Screenshot - CTRL+8
11:03:10.497 [JavaFX Application Thread] DEBUG Input                - Registered new binding: System info dump - CTRL+9
11:03:10.499 [JavaFX Application Thread] DEBUG Input                - Registered new binding: Restart - CTRL+R
11:03:10.503 [JavaFX Application Thread] DEBUG Input                - Registered new binding: Toggle Debug Camera - CTRL+7
11:03:10.513 [JavaFX Application Thread] DEBUG LoopRunner           - Starting loop
11:03:10.513 [JavaFX Application Thread] DEBUG LoopRunner           - Initializing JavaFX AnimationTimerLoop
11:03:10.519 [JavaFX Application Thread] DEBUG GameApplicationServi - Starting new game
11:03:10.520 [JavaFX Application Thread] DEBUG Input                - Clearing active input actions
11:03:10.545 [JavaFX Application Thread] DEBUG GameApplicationServi - Removing overlay from FXGLStartupScene and adding to FXGLLoadingScene
11:03:10.545 [JavaFX Application Thread] DEBUG PrimaryStageWindow   - FXGLStartupScene -> FXGLLoadingScene
11:03:10.545 [JavaFX Application Thread] DEBUG GameApplicationServi - Clearing previous game
11:03:10.545 [JavaFX Application Thread] DEBUG GameScene            - Clearing game scene
11:03:10.545 [JavaFX Application Thread] DEBUG GameWorld            - Clearing game world
11:03:10.546 [JavaFX Application Thread] DEBUG PhysicsWorld         - Clearing physics world
11:03:10.550 [FXGL Background Thread 4 ] DEBUG FXGLApplication      - Initializing game
11:03:10.553 [JavaFX Application Thread] DEBUG FXGLApplication      - Registering font factories with UI factory
11:03:10.648 [FXGL Background Thread 4 ] INFO  FXGLApplication      - Game initialization took: 0.097 sec
11:03:10.715 [JavaFX Application Thread] DEBUG Input                - Clearing active input actions
11:03:10.738 [JavaFX Application Thread] DEBUG GameApplicationServi - Removing overlay from FXGLLoadingScene and adding to GameScene
11:03:10.740 [JavaFX Application Thread] DEBUG PrimaryStageWindow   - FXGLLoadingScene -> GameScene
11:03:13.331 [FXGL Background Thread 3 ] DEBUG Engine               - Logging environment variables
11:03:13.331 [FXGL Background Thread 3 ] DEBUG Engine               - achievements: []
11:03:13.332 [FXGL Background Thread 3 ] DEBUG Engine               - actualHeight: 600.0
11:03:13.332 [FXGL Background Thread 3 ] DEBUG Engine               - actualHeightProperty: ReadOnlyDoubleProperty [value: 600.0]
11:03:13.332 [FXGL Background Thread 3 ] DEBUG Engine               - actualWidth: 800.0
11:03:13.332 [FXGL Background Thread 3 ] DEBUG Engine               - actualWidthProperty: ReadOnlyDoubleProperty [value: 800.0]
11:03:13.332 [FXGL Background Thread 3 ] DEBUG Engine               - appIcon: fxgl_icon.png
11:03:13.332 [FXGL Background Thread 3 ] DEBUG Engine               - applicationMode: DEVELOPER
11:03:13.332 [FXGL Background Thread 3 ] DEBUG Engine               - cSSList: [fxgl_dark.css]
11:03:13.332 [FXGL Background Thread 3 ] DEBUG Engine               - collisionDetectionStrategy: BRUTE_FORCE
11:03:13.332 [FXGL Background Thread 3 ] DEBUG Engine               - configClass: Optional.empty
11:03:13.332 [FXGL Background Thread 3 ] DEBUG Engine               - credits: []
11:03:13.333 [FXGL Background Thread 3 ] DEBUG Engine               - defaultCursor: CursorInfo(imageName=fxgl_default_cursor.png, hotspotX=7.0, hotspotY=6.0)
11:03:13.333 [FXGL Background Thread 3 ] DEBUG Engine               - devBBoxColorProperty: ObjectProperty [value: 0xff0000ff]
11:03:13.333 [FXGL Background Thread 3 ] DEBUG Engine               - devEnableDebugCameraProperty: BooleanProperty [value: false]
11:03:13.333 [FXGL Background Thread 3 ] DEBUG Engine               - devSensorColorProperty: ObjectProperty [value: 0xffff00ff]
11:03:13.333 [FXGL Background Thread 3 ] DEBUG Engine               - devShowBBoxProperty: BooleanProperty [value: false]
11:03:13.333 [FXGL Background Thread 3 ] DEBUG Engine               - devShowPositionProperty: BooleanProperty [value: false]
11:03:13.333 [FXGL Background Thread 3 ] DEBUG Engine               - enabledMenuItems: []
11:03:13.333 [FXGL Background Thread 3 ] DEBUG Engine               - engineServices: [class com.almasb.fxgl.app.services.FXGLAssetLoaderService, class com.almasb.fxgl.app.FXGLApplication$GameApplicationService, class com.almasb.fxgl.app.services.FXGLDialogService, class com.almasb.fxgl.app.services.IOTaskExecutorService, class com.almasb.fxgl.io.FileSystemService, class com.almasb.fxgl.localization.LocalizationService, class com.almasb.fxgl.app.services.SystemBundleService, class com.almasb.fxgl.profile.SaveLoadService, class com.almasb.fxgl.ui.FXGLUIFactoryServiceProvider, class com.almasb.fxgl.ui.FXGLDialogFactoryServiceProvider, class com.almasb.fxgl.audio.AudioPlayer, class com.almasb.fxgl.notification.impl.NotificationServiceProvider, class com.almasb.fxgl.achievement.AchievementService, class com.almasb.fxgl.cutscene.CutsceneService, class com.almasb.fxgl.minigames.MiniGameService, class com.almasb.fxgl.net.NetService, class com.almasb.fxgl.app.services.UpdaterService, class com.almasb.fxgl.dev.DevService]
11:03:13.334 [FXGL Background Thread 3 ] DEBUG Engine               - fontGame: Abel-Regular.ttf
11:03:13.334 [FXGL Background Thread 3 ] DEBUG Engine               - fontMono: TerminalLandMono-Regular.otf
11:03:13.334 [FXGL Background Thread 3 ] DEBUG Engine               - fontSizeScaleUI: 1.0
11:03:13.334 [FXGL Background Thread 3 ] DEBUG Engine               - fontText: Courier-Prime.ttf
11:03:13.334 [FXGL Background Thread 3 ] DEBUG Engine               - fontUI: VarelaRound-Regular.ttf
11:03:13.334 [FXGL Background Thread 3 ] DEBUG Engine               - fullScreen: BooleanProperty [value: false]
11:03:13.334 [FXGL Background Thread 3 ] DEBUG Engine               - gameDifficulty: MEDIUM
11:03:13.334 [FXGL Background Thread 3 ] DEBUG Engine               - gameDifficultyProperty: ObjectProperty [value: MEDIUM]
11:03:13.334 [FXGL Background Thread 3 ] DEBUG Engine               - globalMusicVolume: 0.5
11:03:13.334 [FXGL Background Thread 3 ] DEBUG Engine               - globalMusicVolumeProperty: DoubleProperty [value: 0.5]
11:03:13.334 [FXGL Background Thread 3 ] DEBUG Engine               - globalSoundVolume: 0.5
11:03:13.334 [FXGL Background Thread 3 ] DEBUG Engine               - globalSoundVolumeProperty: DoubleProperty [value: 0.5]
11:03:13.334 [FXGL Background Thread 3 ] DEBUG Engine               - height: 600
11:03:13.334 [FXGL Background Thread 3 ] DEBUG Engine               - is3D: false
11:03:13.334 [FXGL Background Thread 3 ] DEBUG Engine               - isAndroid: false
11:03:13.334 [FXGL Background Thread 3 ] DEBUG Engine               - isBrowser: false
11:03:13.335 [FXGL Background Thread 3 ] DEBUG Engine               - isClickFeedbackEnabled: false
11:03:13.335 [FXGL Background Thread 3 ] DEBUG Engine               - isCloseConfirmation: false
11:03:13.335 [FXGL Background Thread 3 ] DEBUG Engine               - isDesktop: true
11:03:13.335 [FXGL Background Thread 3 ] DEBUG Engine               - isDeveloperMenuEnabled: false
11:03:13.335 [FXGL Background Thread 3 ] DEBUG Engine               - isEmbedded: false
11:03:13.335 [FXGL Background Thread 3 ] DEBUG Engine               - isEntityPreloadEnabled: true
11:03:13.335 [FXGL Background Thread 3 ] DEBUG Engine               - isExperimentalTiledLargeMap: false
11:03:13.335 [FXGL Background Thread 3 ] DEBUG Engine               - isFileSystemWriteAllowed: true
11:03:13.335 [FXGL Background Thread 3 ] DEBUG Engine               - isFullScreenAllowed: true
11:03:13.335 [FXGL Background Thread 3 ] DEBUG Engine               - isFullScreenFromStart: false
11:03:13.335 [FXGL Background Thread 3 ] DEBUG Engine               - isGameMenuEnabled: true
11:03:13.335 [FXGL Background Thread 3 ] DEBUG Engine               - isIOS: false
11:03:13.335 [FXGL Background Thread 3 ] DEBUG Engine               - isIntroEnabled: false
11:03:13.335 [FXGL Background Thread 3 ] DEBUG Engine               - isLinux: false
11:03:13.335 [FXGL Background Thread 3 ] DEBUG Engine               - isMac: false
11:03:13.335 [FXGL Background Thread 3 ] DEBUG Engine               - isMainMenuEnabled: false
11:03:13.335 [FXGL Background Thread 3 ] DEBUG Engine               - isManualResizeEnabled: false
11:03:13.335 [FXGL Background Thread 3 ] DEBUG Engine               - isMobile: false
11:03:13.336 [FXGL Background Thread 3 ] DEBUG Engine               - isNative: false
11:03:13.336 [FXGL Background Thread 3 ] DEBUG Engine               - isPauseMusicWhenMinimized: true
11:03:13.336 [FXGL Background Thread 3 ] DEBUG Engine               - isPreserveResizeRatio: false
11:03:13.336 [FXGL Background Thread 3 ] DEBUG Engine               - isProfilingEnabled: false
11:03:13.336 [FXGL Background Thread 3 ] DEBUG Engine               - isScaleAffectedOnResize: true
11:03:13.336 [FXGL Background Thread 3 ] DEBUG Engine               - isSingleStep: false
11:03:13.336 [FXGL Background Thread 3 ] DEBUG Engine               - isUserProfileEnabled: false
11:03:13.336 [FXGL Background Thread 3 ] DEBUG Engine               - isWindows: true
11:03:13.336 [FXGL Background Thread 3 ] DEBUG Engine               - language: ObjectProperty [value: ENGLISH]
11:03:13.336 [FXGL Background Thread 3 ] DEBUG Engine               - menuKey: ESCAPE
11:03:13.336 [FXGL Background Thread 3 ] DEBUG Engine               - mouseSensitivity: 0.2
11:03:13.336 [FXGL Background Thread 3 ] DEBUG Engine               - notificationViewClass: class com.almasb.fxgl.notification.view.XboxNotificationView
11:03:13.336 [FXGL Background Thread 3 ] DEBUG Engine               - pixelsPerMeter: 50.0
11:03:13.337 [FXGL Background Thread 3 ] DEBUG Engine               - platform: WINDOWS
11:03:13.337 [FXGL Background Thread 3 ] DEBUG Engine               - prefHeightProperty: ReadOnlyDoubleProperty [value: 600.0]
11:03:13.337 [FXGL Background Thread 3 ] DEBUG Engine               - prefWidthProperty: ReadOnlyDoubleProperty [value: 800.0]
11:03:13.337 [FXGL Background Thread 3 ] DEBUG Engine               - profileDir: profiles/
11:03:13.337 [FXGL Background Thread 3 ] DEBUG Engine               - profileName: StringProperty [value: DEFAULT]
11:03:13.337 [FXGL Background Thread 3 ] DEBUG Engine               - randomSeed: -1
11:03:13.337 [FXGL Background Thread 3 ] DEBUG Engine               - runtimeInfo: RuntimeInfo(platform=WINDOWS, version=21.1, build=27.03.2024 07.52)
11:03:13.337 [FXGL Background Thread 3 ] DEBUG Engine               - saveFileExt: sav
11:03:13.337 [FXGL Background Thread 3 ] DEBUG Engine               - scaledHeightProp$fxgl: DoubleProperty [bound, value: 600.0]
11:03:13.337 [FXGL Background Thread 3 ] DEBUG Engine               - scaledWidthProp$fxgl: DoubleProperty [bound, value: 800.0]
11:03:13.338 [FXGL Background Thread 3 ] DEBUG Engine               - sceneFactory: com.almasb.fxgl.app.scene.SceneFactory@26a5eaff
11:03:13.338 [FXGL Background Thread 3 ] DEBUG Engine               - secondsIn24h: 60
11:03:13.338 [FXGL Background Thread 3 ] DEBUG Engine               - soundMenuBack: menu/back.wav
11:03:13.338 [FXGL Background Thread 3 ] DEBUG Engine               - soundMenuPress: menu/press.wav
11:03:13.338 [FXGL Background Thread 3 ] DEBUG Engine               - soundMenuSelect: menu/select.wav
11:03:13.338 [FXGL Background Thread 3 ] DEBUG Engine               - soundNotification: core/notification.wav
11:03:13.338 [FXGL Background Thread 3 ] DEBUG Engine               - stageStyle: DECORATED
11:03:13.338 [FXGL Background Thread 3 ] DEBUG Engine               - supportedLanguages: [ENGLISH, FRENCH, GERMAN, HUNGARIAN, RUSSIAN]
11:03:13.338 [FXGL Background Thread 3 ] DEBUG Engine               - ticksPerSecond: -1
11:03:13.338 [FXGL Background Thread 3 ] DEBUG Engine               - title: Tile Game
11:03:13.338 [FXGL Background Thread 3 ] DEBUG Engine               - urlGithub: https://github.com/AlmasB/FXGL
11:03:13.338 [FXGL Background Thread 3 ] DEBUG Engine               - urlLeaderboard: http://fxgl-top.herokuapp.com/
11:03:13.338 [FXGL Background Thread 3 ] DEBUG Engine               - urlPOM: https://raw.githubusercontent.com/AlmasB/FXGL/release/README.md
11:03:13.338 [FXGL Background Thread 3 ] DEBUG Engine               - userAppClass: class roadbuilder.app.Main
11:03:13.338 [FXGL Background Thread 3 ] DEBUG Engine               - version: 1.0
11:03:13.338 [FXGL Background Thread 3 ] DEBUG Engine               - versionCheckDays: 7
11:03:13.338 [FXGL Background Thread 3 ] DEBUG Engine               - width: 800
11:03:13.338 [FXGL Background Thread 3 ] DEBUG Engine               - Logging services
11:03:13.338 [FXGL Background Thread 3 ] DEBUG Engine               - class com.almasb.fxgl.app.services.FXGLAssetLoaderService
11:03:13.339 [FXGL Background Thread 3 ] DEBUG Engine               - class com.almasb.fxgl.app.FXGLApplication$GameApplicationService
11:03:13.339 [FXGL Background Thread 3 ] DEBUG Engine               - class com.almasb.fxgl.app.services.FXGLDialogService
11:03:13.339 [FXGL Background Thread 3 ] DEBUG Engine               - class com.almasb.fxgl.app.services.IOTaskExecutorService
11:03:13.339 [FXGL Background Thread 3 ] DEBUG Engine               - class com.almasb.fxgl.io.FileSystemService
11:03:13.339 [FXGL Background Thread 3 ] DEBUG Engine               - class com.almasb.fxgl.localization.LocalizationService
11:03:13.339 [FXGL Background Thread 3 ] DEBUG Engine               - class com.almasb.fxgl.app.services.SystemBundleService
11:03:13.339 [FXGL Background Thread 3 ] DEBUG Engine               - class com.almasb.fxgl.profile.SaveLoadService
11:03:13.339 [FXGL Background Thread 3 ] DEBUG Engine               - class com.almasb.fxgl.ui.FXGLUIFactoryServiceProvider
11:03:13.339 [FXGL Background Thread 3 ] DEBUG Engine               - class com.almasb.fxgl.ui.FXGLDialogFactoryServiceProvider
11:03:13.339 [FXGL Background Thread 3 ] DEBUG Engine               - class com.almasb.fxgl.audio.AudioPlayer
11:03:13.339 [FXGL Background Thread 3 ] DEBUG Engine               - class com.almasb.fxgl.notification.impl.NotificationServiceProvider
11:03:13.339 [FXGL Background Thread 3 ] DEBUG Engine               - class com.almasb.fxgl.achievement.AchievementService
11:03:13.339 [FXGL Background Thread 3 ] DEBUG Engine               - class com.almasb.fxgl.cutscene.CutsceneService
11:03:13.339 [FXGL Background Thread 3 ] DEBUG Engine               - class com.almasb.fxgl.minigames.MiniGameService
11:03:13.339 [FXGL Background Thread 3 ] DEBUG Engine               - class com.almasb.fxgl.net.NetService
11:03:13.339 [FXGL Background Thread 3 ] DEBUG Engine               - class com.almasb.fxgl.app.services.UpdaterService
11:03:13.339 [FXGL Background Thread 3 ] DEBUG Engine               - class com.almasb.fxgl.dev.DevService
11:03:32.701 [JavaFX Application Thread] DEBUG FXGLApplication      - Exiting FXGL
11:03:32.701 [JavaFX Application Thread] DEBUG LoopRunner           - Stopping loop
11:03:32.701 [JavaFX Application Thread] DEBUG SystemBundleService  - Saving FXGL system data
11:03:32.703 [JavaFX Application Thread] DEBUG FileSystemAccess     - Writing to: C:\Users\petro\Desktop\thesis mentés\utepites_fxgl_2\system\fxgl.bundle
11:03:32.706 [JavaFX Application Thread] DEBUG Async                - Shutting down background threads
11:03:32.706 [JavaFX Application Thread] DEBUG PrimaryStageWindow   - Closing main window
11:03:32.723 [JavaFX Application Thread] DEBUG Logger               - Closing Logger
