11:00:26.533 [main                     ] DEBUG Logger               - Configured Logger
11:00:26.576 [main                     ] DEBUG GameApplication      - Logging settings
Title: Tile Game
Version: 1.0
Width: 400
Height: 400
Fullscreen: false
Intro: false
Profiling: false
Single step:false
App Mode: DEVELOPER
Menu Key: ESCAPE
Stage Style: DECORATED
Scene Factory: class com.almasb.fxgl.app.scene.SceneFactory

11:00:27.118 [JavaFX Application Thread] DEBUG FXGLApplication      - Initializing FXGL
11:00:27.124 [JavaFX Application Thread] INFO  Engine               - FXGL-21.1 (27.03.2024 07.52) on WINDOWS (J:21.0.2 FX:21.0.1)
11:00:27.124 [JavaFX Application Thread] DEBUG Engine               - JRE Vendor Name: Oracle Corporation
11:00:27.124 [JavaFX Application Thread] DEBUG Engine               - Running on OS: Windows 11 version 10.0
11:00:27.125 [JavaFX Application Thread] DEBUG Engine               - Architecture: amd64
11:00:27.125 [JavaFX Application Thread] INFO  Engine               - Source code and latest versions at: https://github.com/AlmasB/FXGL
11:00:27.125 [JavaFX Application Thread] INFO  Engine               -       Ask questions and discuss at: https://github.com/AlmasB/FXGL/discussions
11:00:27.125 [JavaFX Application Thread] INFO  Engine               -              Join the FXGL chat at: https://gitter.im/AlmasB/FXGL
11:00:27.277 [JavaFX Application Thread] DEBUG PrimaryStageWindow   - Creating a JavaFX scene
11:00:27.372 [JavaFX Application Thread] DEBUG PrimaryStageWindow   - Target settings size: 400.0 x 400.0
11:00:27.373 [JavaFX Application Thread] DEBUG PrimaryStageWindow   - Scaled scene size:    400.0 x 400.0
11:00:27.373 [JavaFX Application Thread] DEBUG PrimaryStageWindow   - Scaled ratio: (1.0, 1.0)
11:00:27.375 [JavaFX Application Thread] DEBUG PrimaryStageWindow   - Set initial scene to FXGLStartupScene
11:00:27.378 [JavaFX Application Thread] DEBUG PrimaryStageWindow   - Opening main window
11:00:27.528 [JavaFX Application Thread] DEBUG PrimaryStageWindow   - Window border size: (14.399993896484375, 37.600006103515625)
11:00:27.528 [JavaFX Application Thread] DEBUG PrimaryStageWindow   - Scaled size: 400.0 x 400.0
11:00:27.528 [JavaFX Application Thread] DEBUG PrimaryStageWindow   - Scaled ratio: (1.0, 1.0)
11:00:27.529 [JavaFX Application Thread] DEBUG PrimaryStageWindow   - Scene size: 400.0 x 400.0
11:00:27.529 [JavaFX Application Thread] DEBUG PrimaryStageWindow   - Stage size: 414.3999938964844 x 437.6000061035156
11:00:27.538 [FXGL Background Thread 1 ] DEBUG Engine               - Initializing environment variables
11:00:27.611 [FXGL Background Thread 1 ] DEBUG FXGLAssetLoaderServi - User app class for loading assets: class roadbuilder.app.Main
11:00:27.611 [FXGL Background Thread 1 ] DEBUG GameApplicationServi - Applying CSS: fxgl_dark.css
11:00:27.612 [FXGL Background Thread 1 ] DEBUG FXGLAssetLoaderServi - Loading from file system: jar:file:/C:/Users/petro/.m2/repository/com/github/almasb/fxgl/21.1/fxgl-21.1.jar!/fxglassets/ui/css/fxgl_dark.css
11:00:27.667 [FXGL Background Thread 1 ] DEBUG GameApplicationServi - Initializing application scenes
11:00:27.740 [FXGL Background Thread 1 ] DEBUG GameWorld            - Game world initialized
11:00:27.879 [FXGL Background Thread 1 ] DEBUG PhysicsWorld         - Physics world initialized: appHeight=400, physics.ppm=50.0
11:00:27.880 [FXGL Background Thread 1 ] DEBUG PhysicsWorld         - Using strategy: BRUTE_FORCE
11:00:27.885 [FXGL Background Thread 1 ] DEBUG GameScene            - Game scene initialized: 400x400
11:00:27.902 [FXGL Background Thread 1 ] WARN  FXGL.DefaultMenu     - FXGLDefaultMenu is not designed for resolutions < 800x600
11:00:27.902 [FXGL Background Thread 1 ] DEBUG FXGL.DefaultMenu     - createMenuBodyGameMenu()
11:00:27.925 [FXGL Background Thread 1 ] DEBUG FXGL.DefaultMenu     - createOptionsMenu()
11:00:27.939 [FXGL Background Thread 1 ] DEBUG FXGLAssetLoaderServi - Loading from file system: jar:file:/C:/Users/petro/.m2/repository/com/github/almasb/fxgl/21.1/fxgl-21.1.jar!/fxglassets/textures/particles/smoke.png
11:00:28.106 [FXGL Background Thread 1 ] DEBUG FXGLAssetLoaderServi - Loading from file system: jar:file:/C:/Users/petro/.m2/repository/com/github/almasb/fxgl/21.1/fxgl-21.1.jar!/fxglassets/textures/particles/trace_horizontal.png
11:00:28.146 [FXGL Background Thread 1 ] DEBUG GameApplicationServi - Application scenes initialized
11:00:28.167 [FXGL Background Thread 1 ] DEBUG SystemBundleService  - Loading FXGL system data
11:00:28.179 [FXGL Background Thread 1 ] DEBUG FileSystemAccess     - Reading from: C:\Users\petro\Desktop\thesis mentés\utepites_fxgl_2\system\fxgl.bundle
11:00:28.192 [FXGL Background Thread 1 ] DEBUG SystemBundleService  - Bundle FXGL: {}
11:00:28.193 [FXGL Background Thread 1 ] DEBUG UpdaterService       - Checking for updates
11:00:28.198 [FXGL Background Thread 4 ] DEBUG FXGLApplication      - Loading fonts
11:00:28.199 [FXGL Background Thread 4 ] DEBUG FXGLAssetLoaderServi - Loading from file system: jar:file:/C:/Users/petro/.m2/repository/com/github/almasb/fxgl/21.1/fxgl-21.1.jar!/fxglassets/ui/fonts/VarelaRound-Regular.ttf
11:00:28.201 [FXGL Background Thread 1 ] DEBUG FXGLApplication      - Loading default localization
11:00:28.203 [FXGL Background Thread 1 ] DEBUG FXGLAssetLoaderServi - Loading from file system: jar:file:/C:/Users/petro/.m2/repository/com/github/almasb/fxgl/21.1/fxgl-21.1.jar!/fxglassets/languages/english.lang
11:00:28.281 [FXGL Background Thread 4 ] DEBUG FXGLAssetLoaderServi - Loading from file system: jar:file:/C:/Users/petro/.m2/repository/com/github/almasb/fxgl/21.1/fxgl-21.1.jar!/fxglassets/ui/fonts/Abel-Regular.ttf
11:00:28.292 [FXGL Background Thread 1 ] INFO  FXGLApplication      - FXGL initialization took: 0.753 sec
11:00:28.294 [JavaFX Application Thread] DEBUG FXGLAssetLoaderServi - Loading from file system: jar:file:/C:/Users/petro/.m2/repository/com/github/almasb/fxgl/21.1/fxgl-21.1.jar!/fxglassets/textures/fxgl_icon.png
11:00:28.294 [FXGL Background Thread 4 ] DEBUG FXGLAssetLoaderServi - Loading from file system: jar:file:/C:/Users/petro/.m2/repository/com/github/almasb/fxgl/21.1/fxgl-21.1.jar!/fxglassets/ui/fonts/TerminalLandMono-Regular.otf
11:00:28.306 [FXGL Background Thread 4 ] DEBUG FXGLAssetLoaderServi - Loading from file system: jar:file:/C:/Users/petro/.m2/repository/com/github/almasb/fxgl/21.1/fxgl-21.1.jar!/fxglassets/ui/fonts/Courier-Prime.ttf
11:00:28.316 [JavaFX Application Thread] DEBUG FXGLAssetLoaderServi - Loading from file system: jar:file:/C:/Users/petro/.m2/repository/com/github/almasb/fxgl/21.1/fxgl-21.1.jar!/fxglassets/textures/fxgl_default_cursor.png
11:00:28.350 [JavaFX Application Thread] DEBUG Input                - Registered new binding: Screenshot - CTRL+8
11:00:28.352 [JavaFX Application Thread] DEBUG Input                - Registered new binding: System info dump - CTRL+9
11:00:28.353 [JavaFX Application Thread] DEBUG Input                - Registered new binding: Restart - CTRL+R
11:00:28.356 [JavaFX Application Thread] DEBUG Input                - Registered new binding: Toggle Debug Camera - CTRL+7
11:00:28.366 [JavaFX Application Thread] DEBUG LoopRunner           - Starting loop
11:00:28.366 [JavaFX Application Thread] DEBUG LoopRunner           - Initializing JavaFX AnimationTimerLoop
11:00:28.373 [JavaFX Application Thread] DEBUG GameApplicationServi - Starting new game
11:00:28.374 [JavaFX Application Thread] DEBUG Input                - Clearing active input actions
11:00:28.398 [JavaFX Application Thread] DEBUG GameApplicationServi - Removing overlay from FXGLStartupScene and adding to FXGLLoadingScene
11:00:28.398 [JavaFX Application Thread] DEBUG PrimaryStageWindow   - FXGLStartupScene -> FXGLLoadingScene
11:00:28.398 [JavaFX Application Thread] DEBUG GameApplicationServi - Clearing previous game
11:00:28.398 [JavaFX Application Thread] DEBUG GameScene            - Clearing game scene
11:00:28.398 [JavaFX Application Thread] DEBUG GameWorld            - Clearing game world
11:00:28.399 [JavaFX Application Thread] DEBUG PhysicsWorld         - Clearing physics world
11:00:28.403 [JavaFX Application Thread] DEBUG FXGLApplication      - Registering font factories with UI factory
11:00:28.403 [FXGL Background Thread 4 ] DEBUG FXGLApplication      - Initializing game
11:00:28.485 [FXGL Background Thread 4 ] INFO  FXGLApplication      - Game initialization took: 0.083 sec
11:00:28.499 [JavaFX Application Thread] DEBUG Input                - Clearing active input actions
11:00:28.523 [JavaFX Application Thread] DEBUG GameApplicationServi - Removing overlay from FXGLLoadingScene and adding to GameScene
11:00:28.523 [JavaFX Application Thread] DEBUG PrimaryStageWindow   - FXGLLoadingScene -> GameScene
11:00:31.197 [FXGL Background Thread 3 ] DEBUG Engine               - Logging environment variables
11:00:31.198 [FXGL Background Thread 3 ] DEBUG Engine               - achievements: []
11:00:31.198 [FXGL Background Thread 3 ] DEBUG Engine               - actualHeight: 400.0
11:00:31.198 [FXGL Background Thread 3 ] DEBUG Engine               - actualHeightProperty: ReadOnlyDoubleProperty [value: 400.0]
11:00:31.198 [FXGL Background Thread 3 ] DEBUG Engine               - actualWidth: 400.0
11:00:31.198 [FXGL Background Thread 3 ] DEBUG Engine               - actualWidthProperty: ReadOnlyDoubleProperty [value: 400.0]
11:00:31.198 [FXGL Background Thread 3 ] DEBUG Engine               - appIcon: fxgl_icon.png
11:00:31.198 [FXGL Background Thread 3 ] DEBUG Engine               - applicationMode: DEVELOPER
11:00:31.198 [FXGL Background Thread 3 ] DEBUG Engine               - cSSList: [fxgl_dark.css]
11:00:31.198 [FXGL Background Thread 3 ] DEBUG Engine               - collisionDetectionStrategy: BRUTE_FORCE
11:00:31.198 [FXGL Background Thread 3 ] DEBUG Engine               - configClass: Optional.empty
11:00:31.198 [FXGL Background Thread 3 ] DEBUG Engine               - credits: []
11:00:31.199 [FXGL Background Thread 3 ] DEBUG Engine               - defaultCursor: CursorInfo(imageName=fxgl_default_cursor.png, hotspotX=7.0, hotspotY=6.0)
11:00:31.199 [FXGL Background Thread 3 ] DEBUG Engine               - devBBoxColorProperty: ObjectProperty [value: 0xff0000ff]
11:00:31.199 [FXGL Background Thread 3 ] DEBUG Engine               - devEnableDebugCameraProperty: BooleanProperty [value: false]
11:00:31.199 [FXGL Background Thread 3 ] DEBUG Engine               - devSensorColorProperty: ObjectProperty [value: 0xffff00ff]
11:00:31.199 [FXGL Background Thread 3 ] DEBUG Engine               - devShowBBoxProperty: BooleanProperty [value: false]
11:00:31.199 [FXGL Background Thread 3 ] DEBUG Engine               - devShowPositionProperty: BooleanProperty [value: false]
11:00:31.199 [FXGL Background Thread 3 ] DEBUG Engine               - enabledMenuItems: []
11:00:31.199 [FXGL Background Thread 3 ] DEBUG Engine               - engineServices: [class com.almasb.fxgl.app.services.FXGLAssetLoaderService, class com.almasb.fxgl.app.FXGLApplication$GameApplicationService, class com.almasb.fxgl.app.services.FXGLDialogService, class com.almasb.fxgl.app.services.IOTaskExecutorService, class com.almasb.fxgl.io.FileSystemService, class com.almasb.fxgl.localization.LocalizationService, class com.almasb.fxgl.app.services.SystemBundleService, class com.almasb.fxgl.profile.SaveLoadService, class com.almasb.fxgl.ui.FXGLUIFactoryServiceProvider, class com.almasb.fxgl.ui.FXGLDialogFactoryServiceProvider, class com.almasb.fxgl.audio.AudioPlayer, class com.almasb.fxgl.notification.impl.NotificationServiceProvider, class com.almasb.fxgl.achievement.AchievementService, class com.almasb.fxgl.cutscene.CutsceneService, class com.almasb.fxgl.minigames.MiniGameService, class com.almasb.fxgl.net.NetService, class com.almasb.fxgl.app.services.UpdaterService, class com.almasb.fxgl.dev.DevService]
11:00:31.200 [FXGL Background Thread 3 ] DEBUG Engine               - fontGame: Abel-Regular.ttf
11:00:31.200 [FXGL Background Thread 3 ] DEBUG Engine               - fontMono: TerminalLandMono-Regular.otf
11:00:31.200 [FXGL Background Thread 3 ] DEBUG Engine               - fontSizeScaleUI: 1.0
11:00:31.200 [FXGL Background Thread 3 ] DEBUG Engine               - fontText: Courier-Prime.ttf
11:00:31.200 [FXGL Background Thread 3 ] DEBUG Engine               - fontUI: VarelaRound-Regular.ttf
11:00:31.200 [FXGL Background Thread 3 ] DEBUG Engine               - fullScreen: BooleanProperty [value: false]
11:00:31.200 [FXGL Background Thread 3 ] DEBUG Engine               - gameDifficulty: MEDIUM
11:00:31.200 [FXGL Background Thread 3 ] DEBUG Engine               - gameDifficultyProperty: ObjectProperty [value: MEDIUM]
11:00:31.200 [FXGL Background Thread 3 ] DEBUG Engine               - globalMusicVolume: 0.5
11:00:31.200 [FXGL Background Thread 3 ] DEBUG Engine               - globalMusicVolumeProperty: DoubleProperty [value: 0.5]
11:00:31.200 [FXGL Background Thread 3 ] DEBUG Engine               - globalSoundVolume: 0.5
11:00:31.200 [FXGL Background Thread 3 ] DEBUG Engine               - globalSoundVolumeProperty: DoubleProperty [value: 0.5]
11:00:31.200 [FXGL Background Thread 3 ] DEBUG Engine               - height: 400
11:00:31.200 [FXGL Background Thread 3 ] DEBUG Engine               - is3D: false
11:00:31.201 [FXGL Background Thread 3 ] DEBUG Engine               - isAndroid: false
11:00:31.201 [FXGL Background Thread 3 ] DEBUG Engine               - isBrowser: false
11:00:31.201 [FXGL Background Thread 3 ] DEBUG Engine               - isClickFeedbackEnabled: false
11:00:31.201 [FXGL Background Thread 3 ] DEBUG Engine               - isCloseConfirmation: false
11:00:31.201 [FXGL Background Thread 3 ] DEBUG Engine               - isDesktop: true
11:00:31.201 [FXGL Background Thread 3 ] DEBUG Engine               - isDeveloperMenuEnabled: false
11:00:31.201 [FXGL Background Thread 3 ] DEBUG Engine               - isEmbedded: false
11:00:31.201 [FXGL Background Thread 3 ] DEBUG Engine               - isEntityPreloadEnabled: true
11:00:31.201 [FXGL Background Thread 3 ] DEBUG Engine               - isExperimentalTiledLargeMap: false
11:00:31.201 [FXGL Background Thread 3 ] DEBUG Engine               - isFileSystemWriteAllowed: true
11:00:31.201 [FXGL Background Thread 3 ] DEBUG Engine               - isFullScreenAllowed: false
11:00:31.202 [FXGL Background Thread 3 ] DEBUG Engine               - isFullScreenFromStart: false
11:00:31.202 [FXGL Background Thread 3 ] DEBUG Engine               - isGameMenuEnabled: true
11:00:31.202 [FXGL Background Thread 3 ] DEBUG Engine               - isIOS: false
11:00:31.202 [FXGL Background Thread 3 ] DEBUG Engine               - isIntroEnabled: false
11:00:31.202 [FXGL Background Thread 3 ] DEBUG Engine               - isLinux: false
11:00:31.202 [FXGL Background Thread 3 ] DEBUG Engine               - isMac: false
11:00:31.202 [FXGL Background Thread 3 ] DEBUG Engine               - isMainMenuEnabled: false
11:00:31.202 [FXGL Background Thread 3 ] DEBUG Engine               - isManualResizeEnabled: false
11:00:31.202 [FXGL Background Thread 3 ] DEBUG Engine               - isMobile: false
11:00:31.202 [FXGL Background Thread 3 ] DEBUG Engine               - isNative: false
11:00:31.202 [FXGL Background Thread 3 ] DEBUG Engine               - isPauseMusicWhenMinimized: true
11:00:31.202 [FXGL Background Thread 3 ] DEBUG Engine               - isPreserveResizeRatio: false
11:00:31.202 [FXGL Background Thread 3 ] DEBUG Engine               - isProfilingEnabled: false
11:00:31.202 [FXGL Background Thread 3 ] DEBUG Engine               - isScaleAffectedOnResize: true
11:00:31.202 [FXGL Background Thread 3 ] DEBUG Engine               - isSingleStep: false
11:00:31.203 [FXGL Background Thread 3 ] DEBUG Engine               - isUserProfileEnabled: false
11:00:31.203 [FXGL Background Thread 3 ] DEBUG Engine               - isWindows: true
11:00:31.203 [FXGL Background Thread 3 ] DEBUG Engine               - language: ObjectProperty [value: ENGLISH]
11:00:31.203 [FXGL Background Thread 3 ] DEBUG Engine               - menuKey: ESCAPE
11:00:31.203 [FXGL Background Thread 3 ] DEBUG Engine               - mouseSensitivity: 0.2
11:00:31.203 [FXGL Background Thread 3 ] DEBUG Engine               - notificationViewClass: class com.almasb.fxgl.notification.view.XboxNotificationView
11:00:31.203 [FXGL Background Thread 3 ] DEBUG Engine               - pixelsPerMeter: 50.0
11:00:31.203 [FXGL Background Thread 3 ] DEBUG Engine               - platform: WINDOWS
11:00:31.203 [FXGL Background Thread 3 ] DEBUG Engine               - prefHeightProperty: ReadOnlyDoubleProperty [value: 400.0]
11:00:31.203 [FXGL Background Thread 3 ] DEBUG Engine               - prefWidthProperty: ReadOnlyDoubleProperty [value: 400.0]
11:00:31.203 [FXGL Background Thread 3 ] DEBUG Engine               - profileDir: profiles/
11:00:31.203 [FXGL Background Thread 3 ] DEBUG Engine               - profileName: StringProperty [value: DEFAULT]
11:00:31.203 [FXGL Background Thread 3 ] DEBUG Engine               - randomSeed: -1
11:00:31.204 [FXGL Background Thread 3 ] DEBUG Engine               - runtimeInfo: RuntimeInfo(platform=WINDOWS, version=21.1, build=27.03.2024 07.52)
11:00:31.204 [FXGL Background Thread 3 ] DEBUG Engine               - saveFileExt: sav
11:00:31.204 [FXGL Background Thread 3 ] DEBUG Engine               - scaledHeightProp$fxgl: DoubleProperty [bound, value: 400.0]
11:00:31.204 [FXGL Background Thread 3 ] DEBUG Engine               - scaledWidthProp$fxgl: DoubleProperty [bound, value: 400.0]
11:00:31.204 [FXGL Background Thread 3 ] DEBUG Engine               - sceneFactory: com.almasb.fxgl.app.scene.SceneFactory@2c55f026
11:00:31.204 [FXGL Background Thread 3 ] DEBUG Engine               - secondsIn24h: 60
11:00:31.204 [FXGL Background Thread 3 ] DEBUG Engine               - soundMenuBack: menu/back.wav
11:00:31.204 [FXGL Background Thread 3 ] DEBUG Engine               - soundMenuPress: menu/press.wav
11:00:31.204 [FXGL Background Thread 3 ] DEBUG Engine               - soundMenuSelect: menu/select.wav
11:00:31.204 [FXGL Background Thread 3 ] DEBUG Engine               - soundNotification: core/notification.wav
11:00:31.204 [FXGL Background Thread 3 ] DEBUG Engine               - stageStyle: DECORATED
11:00:31.204 [FXGL Background Thread 3 ] DEBUG Engine               - supportedLanguages: [ENGLISH, FRENCH, GERMAN, HUNGARIAN, RUSSIAN]
11:00:31.204 [FXGL Background Thread 3 ] DEBUG Engine               - ticksPerSecond: -1
11:00:31.204 [FXGL Background Thread 3 ] DEBUG Engine               - title: Tile Game
11:00:31.204 [FXGL Background Thread 3 ] DEBUG Engine               - urlGithub: https://github.com/AlmasB/FXGL
11:00:31.205 [FXGL Background Thread 3 ] DEBUG Engine               - urlLeaderboard: http://fxgl-top.herokuapp.com/
11:00:31.205 [FXGL Background Thread 3 ] DEBUG Engine               - urlPOM: https://raw.githubusercontent.com/AlmasB/FXGL/release/README.md
11:00:31.205 [FXGL Background Thread 3 ] DEBUG Engine               - userAppClass: class roadbuilder.app.Main
11:00:31.205 [FXGL Background Thread 3 ] DEBUG Engine               - version: 1.0
11:00:31.205 [FXGL Background Thread 3 ] DEBUG Engine               - versionCheckDays: 7
11:00:31.205 [FXGL Background Thread 3 ] DEBUG Engine               - width: 400
11:00:31.205 [FXGL Background Thread 3 ] DEBUG Engine               - Logging services
11:00:31.205 [FXGL Background Thread 3 ] DEBUG Engine               - class com.almasb.fxgl.app.services.FXGLAssetLoaderService
11:00:31.205 [FXGL Background Thread 3 ] DEBUG Engine               - class com.almasb.fxgl.app.FXGLApplication$GameApplicationService
11:00:31.205 [FXGL Background Thread 3 ] DEBUG Engine               - class com.almasb.fxgl.app.services.FXGLDialogService
11:00:31.205 [FXGL Background Thread 3 ] DEBUG Engine               - class com.almasb.fxgl.app.services.IOTaskExecutorService
11:00:31.206 [FXGL Background Thread 3 ] DEBUG Engine               - class com.almasb.fxgl.io.FileSystemService
11:00:31.206 [FXGL Background Thread 3 ] DEBUG Engine               - class com.almasb.fxgl.localization.LocalizationService
11:00:31.206 [FXGL Background Thread 3 ] DEBUG Engine               - class com.almasb.fxgl.app.services.SystemBundleService
11:00:31.206 [FXGL Background Thread 3 ] DEBUG Engine               - class com.almasb.fxgl.profile.SaveLoadService
11:00:31.206 [FXGL Background Thread 3 ] DEBUG Engine               - class com.almasb.fxgl.ui.FXGLUIFactoryServiceProvider
11:00:31.206 [FXGL Background Thread 3 ] DEBUG Engine               - class com.almasb.fxgl.ui.FXGLDialogFactoryServiceProvider
11:00:31.206 [FXGL Background Thread 3 ] DEBUG Engine               - class com.almasb.fxgl.audio.AudioPlayer
11:00:31.206 [FXGL Background Thread 3 ] DEBUG Engine               - class com.almasb.fxgl.notification.impl.NotificationServiceProvider
11:00:31.206 [FXGL Background Thread 3 ] DEBUG Engine               - class com.almasb.fxgl.achievement.AchievementService
11:00:31.206 [FXGL Background Thread 3 ] DEBUG Engine               - class com.almasb.fxgl.cutscene.CutsceneService
11:00:31.206 [FXGL Background Thread 3 ] DEBUG Engine               - class com.almasb.fxgl.minigames.MiniGameService
11:00:31.206 [FXGL Background Thread 3 ] DEBUG Engine               - class com.almasb.fxgl.net.NetService
11:00:31.206 [FXGL Background Thread 3 ] DEBUG Engine               - class com.almasb.fxgl.app.services.UpdaterService
11:00:31.206 [FXGL Background Thread 3 ] DEBUG Engine               - class com.almasb.fxgl.dev.DevService
11:01:12.626 [JavaFX Application Thread] DEBUG FXGLApplication      - Exiting FXGL
11:01:12.627 [JavaFX Application Thread] DEBUG LoopRunner           - Stopping loop
11:01:12.627 [JavaFX Application Thread] DEBUG SystemBundleService  - Saving FXGL system data
11:01:12.629 [JavaFX Application Thread] DEBUG FileSystemAccess     - Writing to: C:\Users\petro\Desktop\thesis mentés\utepites_fxgl_2\system\fxgl.bundle
11:01:12.632 [JavaFX Application Thread] DEBUG Async                - Shutting down background threads
11:01:12.632 [JavaFX Application Thread] DEBUG PrimaryStageWindow   - Closing main window
11:01:12.650 [JavaFX Application Thread] DEBUG Logger               - Closing Logger
