11:06:36.908 [main                     ] DEBUG Logger               - Configured Logger
11:06:36.950 [main                     ] DEBUG GameApplication      - Logging settings
Title: Tile Game
Version: 1.0
Width: 400
Height: 400
Fullscreen: false
Intro: false
Profiling: false
Single step:false
App Mode: DEVELOPER
Menu Key: ESCAPE
Stage Style: DECORATED
Scene Factory: class com.almasb.fxgl.app.scene.SceneFactory

11:06:37.424 [JavaFX Application Thread] DEBUG FXGLApplication      - Initializing FXGL
11:06:37.429 [JavaFX Application Thread] INFO  Engine               - FXGL-21.1 (27.03.2024 07.52) on WINDOWS (J:21.0.2 FX:21.0.1)
11:06:37.429 [JavaFX Application Thread] DEBUG Engine               - JRE Vendor Name: Oracle Corporation
11:06:37.430 [JavaFX Application Thread] DEBUG Engine               - Running on OS: Windows 11 version 10.0
11:06:37.430 [JavaFX Application Thread] DEBUG Engine               - Architecture: amd64
11:06:37.430 [JavaFX Application Thread] INFO  Engine               - Source code and latest versions at: https://github.com/AlmasB/FXGL
11:06:37.430 [JavaFX Application Thread] INFO  Engine               -       Ask questions and discuss at: https://github.com/AlmasB/FXGL/discussions
11:06:37.430 [JavaFX Application Thread] INFO  Engine               -              Join the FXGL chat at: https://gitter.im/AlmasB/FXGL
11:06:37.593 [JavaFX Application Thread] DEBUG PrimaryStageWindow   - Creating a JavaFX scene
11:06:37.661 [JavaFX Application Thread] DEBUG PrimaryStageWindow   - Target settings size: 400.0 x 400.0
11:06:37.662 [JavaFX Application Thread] DEBUG PrimaryStageWindow   - Scaled scene size:    400.0 x 400.0
11:06:37.662 [JavaFX Application Thread] DEBUG PrimaryStageWindow   - Scaled ratio: (1.0, 1.0)
11:06:37.664 [JavaFX Application Thread] DEBUG PrimaryStageWindow   - Set initial scene to FXGLStartupScene
11:06:37.668 [JavaFX Application Thread] DEBUG PrimaryStageWindow   - Opening main window
11:06:37.775 [JavaFX Application Thread] DEBUG PrimaryStageWindow   - Window border size: (14.399993896484375, 37.600006103515625)
11:06:37.775 [JavaFX Application Thread] DEBUG PrimaryStageWindow   - Scaled size: 400.0 x 400.0
11:06:37.776 [JavaFX Application Thread] DEBUG PrimaryStageWindow   - Scaled ratio: (1.0, 1.0)
11:06:37.776 [JavaFX Application Thread] DEBUG PrimaryStageWindow   - Scene size: 400.0 x 400.0
11:06:37.776 [JavaFX Application Thread] DEBUG PrimaryStageWindow   - Stage size: 414.3999938964844 x 437.6000061035156
11:06:37.784 [FXGL Background Thread 1 ] DEBUG Engine               - Initializing environment variables
11:06:37.862 [FXGL Background Thread 1 ] DEBUG FXGLAssetLoaderServi - User app class for loading assets: class roadbuilder.app.Main
11:06:37.863 [FXGL Background Thread 1 ] DEBUG GameApplicationServi - Applying CSS: fxgl_dark.css
11:06:37.863 [FXGL Background Thread 1 ] DEBUG FXGLAssetLoaderServi - Loading from file system: jar:file:/C:/Users/petro/.m2/repository/com/github/almasb/fxgl/21.1/fxgl-21.1.jar!/fxglassets/ui/css/fxgl_dark.css
11:06:37.920 [FXGL Background Thread 1 ] DEBUG GameApplicationServi - Initializing application scenes
11:06:37.995 [FXGL Background Thread 1 ] DEBUG GameWorld            - Game world initialized
11:06:38.148 [FXGL Background Thread 1 ] DEBUG PhysicsWorld         - Physics world initialized: appHeight=400, physics.ppm=50.0
11:06:38.148 [FXGL Background Thread 1 ] DEBUG PhysicsWorld         - Using strategy: BRUTE_FORCE
11:06:38.153 [FXGL Background Thread 1 ] DEBUG GameScene            - Game scene initialized: 400x400
11:06:38.170 [FXGL Background Thread 1 ] WARN  FXGL.DefaultMenu     - FXGLDefaultMenu is not designed for resolutions < 800x600
11:06:38.170 [FXGL Background Thread 1 ] DEBUG FXGL.DefaultMenu     - createMenuBodyGameMenu()
11:06:38.195 [FXGL Background Thread 1 ] DEBUG FXGL.DefaultMenu     - createOptionsMenu()
11:06:38.209 [FXGL Background Thread 1 ] DEBUG FXGLAssetLoaderServi - Loading from file system: jar:file:/C:/Users/petro/.m2/repository/com/github/almasb/fxgl/21.1/fxgl-21.1.jar!/fxglassets/textures/particles/smoke.png
11:06:38.388 [FXGL Background Thread 1 ] DEBUG FXGLAssetLoaderServi - Loading from file system: jar:file:/C:/Users/petro/.m2/repository/com/github/almasb/fxgl/21.1/fxgl-21.1.jar!/fxglassets/textures/particles/trace_horizontal.png
11:06:38.425 [FXGL Background Thread 1 ] DEBUG GameApplicationServi - Application scenes initialized
11:06:38.445 [FXGL Background Thread 1 ] DEBUG SystemBundleService  - Loading FXGL system data
11:06:38.452 [FXGL Background Thread 1 ] DEBUG FileSystemAccess     - Reading from: C:\Users\petro\Desktop\thesis mentés\utepites_fxgl_2\system\fxgl.bundle
11:06:38.463 [FXGL Background Thread 1 ] DEBUG SystemBundleService  - Bundle FXGL: {}
11:06:38.464 [FXGL Background Thread 1 ] DEBUG UpdaterService       - Checking for updates
11:06:38.470 [FXGL Background Thread 4 ] DEBUG FXGLApplication      - Loading fonts
11:06:38.470 [FXGL Background Thread 4 ] DEBUG FXGLAssetLoaderServi - Loading from file system: jar:file:/C:/Users/petro/.m2/repository/com/github/almasb/fxgl/21.1/fxgl-21.1.jar!/fxglassets/ui/fonts/VarelaRound-Regular.ttf
11:06:38.471 [FXGL Background Thread 1 ] DEBUG FXGLApplication      - Loading default localization
11:06:38.472 [FXGL Background Thread 1 ] DEBUG FXGLAssetLoaderServi - Loading from file system: jar:file:/C:/Users/petro/.m2/repository/com/github/almasb/fxgl/21.1/fxgl-21.1.jar!/fxglassets/languages/english.lang
11:06:38.536 [FXGL Background Thread 4 ] DEBUG FXGLAssetLoaderServi - Loading from file system: jar:file:/C:/Users/petro/.m2/repository/com/github/almasb/fxgl/21.1/fxgl-21.1.jar!/fxglassets/ui/fonts/Abel-Regular.ttf
11:06:38.547 [FXGL Background Thread 4 ] DEBUG FXGLAssetLoaderServi - Loading from file system: jar:file:/C:/Users/petro/.m2/repository/com/github/almasb/fxgl/21.1/fxgl-21.1.jar!/fxglassets/ui/fonts/TerminalLandMono-Regular.otf
11:06:38.559 [FXGL Background Thread 4 ] DEBUG FXGLAssetLoaderServi - Loading from file system: jar:file:/C:/Users/petro/.m2/repository/com/github/almasb/fxgl/21.1/fxgl-21.1.jar!/fxglassets/ui/fonts/Courier-Prime.ttf
11:06:38.561 [FXGL Background Thread 1 ] INFO  FXGLApplication      - FXGL initialization took: 0.776 sec
11:06:38.563 [JavaFX Application Thread] DEBUG FXGLAssetLoaderServi - Loading from file system: jar:file:/C:/Users/petro/.m2/repository/com/github/almasb/fxgl/21.1/fxgl-21.1.jar!/fxglassets/textures/fxgl_icon.png
11:06:38.594 [JavaFX Application Thread] DEBUG FXGLAssetLoaderServi - Loading from file system: jar:file:/C:/Users/petro/.m2/repository/com/github/almasb/fxgl/21.1/fxgl-21.1.jar!/fxglassets/textures/fxgl_default_cursor.png
11:06:38.631 [JavaFX Application Thread] DEBUG Input                - Registered new binding: Screenshot - CTRL+8
11:06:38.633 [JavaFX Application Thread] DEBUG Input                - Registered new binding: System info dump - CTRL+9
11:06:38.634 [JavaFX Application Thread] DEBUG Input                - Registered new binding: Restart - CTRL+R
11:06:38.636 [JavaFX Application Thread] DEBUG Input                - Registered new binding: Toggle Debug Camera - CTRL+7
11:06:38.650 [JavaFX Application Thread] DEBUG LoopRunner           - Starting loop
11:06:38.651 [JavaFX Application Thread] DEBUG LoopRunner           - Initializing JavaFX AnimationTimerLoop
11:06:38.653 [JavaFX Application Thread] DEBUG GameApplicationServi - Starting new game
11:06:38.654 [JavaFX Application Thread] DEBUG Input                - Clearing active input actions
11:06:38.681 [JavaFX Application Thread] DEBUG GameApplicationServi - Removing overlay from FXGLStartupScene and adding to FXGLLoadingScene
11:06:38.682 [JavaFX Application Thread] DEBUG PrimaryStageWindow   - FXGLStartupScene -> FXGLLoadingScene
11:06:38.682 [JavaFX Application Thread] DEBUG GameApplicationServi - Clearing previous game
11:06:38.682 [JavaFX Application Thread] DEBUG GameScene            - Clearing game scene
11:06:38.682 [JavaFX Application Thread] DEBUG GameWorld            - Clearing game world
11:06:38.682 [JavaFX Application Thread] DEBUG PhysicsWorld         - Clearing physics world
11:06:38.685 [FXGL Background Thread 4 ] DEBUG FXGLApplication      - Initializing game
11:06:38.685 [JavaFX Application Thread] DEBUG FXGLApplication      - Registering font factories with UI factory
11:06:38.780 [FXGL Background Thread 4 ] INFO  FXGLApplication      - Game initialization took: 0.095 sec
11:06:38.798 [JavaFX Application Thread] DEBUG Input                - Clearing active input actions
11:06:38.825 [JavaFX Application Thread] DEBUG GameApplicationServi - Removing overlay from FXGLLoadingScene and adding to GameScene
11:06:38.826 [JavaFX Application Thread] DEBUG PrimaryStageWindow   - FXGLLoadingScene -> GameScene
11:06:41.469 [FXGL Background Thread 3 ] DEBUG Engine               - Logging environment variables
11:06:41.469 [FXGL Background Thread 3 ] DEBUG Engine               - achievements: []
11:06:41.470 [FXGL Background Thread 3 ] DEBUG Engine               - actualHeight: 400.0
11:06:41.470 [FXGL Background Thread 3 ] DEBUG Engine               - actualHeightProperty: ReadOnlyDoubleProperty [value: 400.0]
11:06:41.470 [FXGL Background Thread 3 ] DEBUG Engine               - actualWidth: 400.0
11:06:41.470 [FXGL Background Thread 3 ] DEBUG Engine               - actualWidthProperty: ReadOnlyDoubleProperty [value: 400.0]
11:06:41.470 [FXGL Background Thread 3 ] DEBUG Engine               - appIcon: fxgl_icon.png
11:06:41.470 [FXGL Background Thread 3 ] DEBUG Engine               - applicationMode: DEVELOPER
11:06:41.470 [FXGL Background Thread 3 ] DEBUG Engine               - cSSList: [fxgl_dark.css]
11:06:41.470 [FXGL Background Thread 3 ] DEBUG Engine               - collisionDetectionStrategy: BRUTE_FORCE
11:06:41.470 [FXGL Background Thread 3 ] DEBUG Engine               - configClass: Optional.empty
11:06:41.470 [FXGL Background Thread 3 ] DEBUG Engine               - credits: []
11:06:41.471 [FXGL Background Thread 3 ] DEBUG Engine               - defaultCursor: CursorInfo(imageName=fxgl_default_cursor.png, hotspotX=7.0, hotspotY=6.0)
11:06:41.471 [FXGL Background Thread 3 ] DEBUG Engine               - devBBoxColorProperty: ObjectProperty [value: 0xff0000ff]
11:06:41.471 [FXGL Background Thread 3 ] DEBUG Engine               - devEnableDebugCameraProperty: BooleanProperty [value: false]
11:06:41.471 [FXGL Background Thread 3 ] DEBUG Engine               - devSensorColorProperty: ObjectProperty [value: 0xffff00ff]
11:06:41.471 [FXGL Background Thread 3 ] DEBUG Engine               - devShowBBoxProperty: BooleanProperty [value: false]
11:06:41.471 [FXGL Background Thread 3 ] DEBUG Engine               - devShowPositionProperty: BooleanProperty [value: false]
11:06:41.471 [FXGL Background Thread 3 ] DEBUG Engine               - enabledMenuItems: []
11:06:41.471 [FXGL Background Thread 3 ] DEBUG Engine               - engineServices: [class com.almasb.fxgl.app.services.FXGLAssetLoaderService, class com.almasb.fxgl.app.FXGLApplication$GameApplicationService, class com.almasb.fxgl.app.services.FXGLDialogService, class com.almasb.fxgl.app.services.IOTaskExecutorService, class com.almasb.fxgl.io.FileSystemService, class com.almasb.fxgl.localization.LocalizationService, class com.almasb.fxgl.app.services.SystemBundleService, class com.almasb.fxgl.profile.SaveLoadService, class com.almasb.fxgl.ui.FXGLUIFactoryServiceProvider, class com.almasb.fxgl.ui.FXGLDialogFactoryServiceProvider, class com.almasb.fxgl.audio.AudioPlayer, class com.almasb.fxgl.notification.impl.NotificationServiceProvider, class com.almasb.fxgl.achievement.AchievementService, class com.almasb.fxgl.cutscene.CutsceneService, class com.almasb.fxgl.minigames.MiniGameService, class com.almasb.fxgl.net.NetService, class com.almasb.fxgl.app.services.UpdaterService, class com.almasb.fxgl.dev.DevService]
11:06:41.472 [FXGL Background Thread 3 ] DEBUG Engine               - fontGame: Abel-Regular.ttf
11:06:41.472 [FXGL Background Thread 3 ] DEBUG Engine               - fontMono: TerminalLandMono-Regular.otf
11:06:41.472 [FXGL Background Thread 3 ] DEBUG Engine               - fontSizeScaleUI: 1.0
11:06:41.472 [FXGL Background Thread 3 ] DEBUG Engine               - fontText: Courier-Prime.ttf
11:06:41.472 [FXGL Background Thread 3 ] DEBUG Engine               - fontUI: VarelaRound-Regular.ttf
11:06:41.472 [FXGL Background Thread 3 ] DEBUG Engine               - fullScreen: BooleanProperty [value: false]
11:06:41.472 [FXGL Background Thread 3 ] DEBUG Engine               - gameDifficulty: MEDIUM
11:06:41.472 [FXGL Background Thread 3 ] DEBUG Engine               - gameDifficultyProperty: ObjectProperty [value: MEDIUM]
11:06:41.472 [FXGL Background Thread 3 ] DEBUG Engine               - globalMusicVolume: 0.5
11:06:41.472 [FXGL Background Thread 3 ] DEBUG Engine               - globalMusicVolumeProperty: DoubleProperty [value: 0.5]
11:06:41.472 [FXGL Background Thread 3 ] DEBUG Engine               - globalSoundVolume: 0.5
11:06:41.472 [FXGL Background Thread 3 ] DEBUG Engine               - globalSoundVolumeProperty: DoubleProperty [value: 0.5]
11:06:41.472 [FXGL Background Thread 3 ] DEBUG Engine               - height: 400
11:06:41.472 [FXGL Background Thread 3 ] DEBUG Engine               - is3D: false
11:06:41.473 [FXGL Background Thread 3 ] DEBUG Engine               - isAndroid: false
11:06:41.473 [FXGL Background Thread 3 ] DEBUG Engine               - isBrowser: false
11:06:41.473 [FXGL Background Thread 3 ] DEBUG Engine               - isClickFeedbackEnabled: false
11:06:41.473 [FXGL Background Thread 3 ] DEBUG Engine               - isCloseConfirmation: false
11:06:41.473 [FXGL Background Thread 3 ] DEBUG Engine               - isDesktop: true
11:06:41.473 [FXGL Background Thread 3 ] DEBUG Engine               - isDeveloperMenuEnabled: false
11:06:41.473 [FXGL Background Thread 3 ] DEBUG Engine               - isEmbedded: false
11:06:41.473 [FXGL Background Thread 3 ] DEBUG Engine               - isEntityPreloadEnabled: true
11:06:41.473 [FXGL Background Thread 3 ] DEBUG Engine               - isExperimentalTiledLargeMap: false
11:06:41.473 [FXGL Background Thread 3 ] DEBUG Engine               - isFileSystemWriteAllowed: true
11:06:41.473 [FXGL Background Thread 3 ] DEBUG Engine               - isFullScreenAllowed: false
11:06:41.473 [FXGL Background Thread 3 ] DEBUG Engine               - isFullScreenFromStart: false
11:06:41.473 [FXGL Background Thread 3 ] DEBUG Engine               - isGameMenuEnabled: true
11:06:41.473 [FXGL Background Thread 3 ] DEBUG Engine               - isIOS: false
11:06:41.473 [FXGL Background Thread 3 ] DEBUG Engine               - isIntroEnabled: false
11:06:41.473 [FXGL Background Thread 3 ] DEBUG Engine               - isLinux: false
11:06:41.473 [FXGL Background Thread 3 ] DEBUG Engine               - isMac: false
11:06:41.473 [FXGL Background Thread 3 ] DEBUG Engine               - isMainMenuEnabled: false
11:06:41.474 [FXGL Background Thread 3 ] DEBUG Engine               - isManualResizeEnabled: false
11:06:41.474 [FXGL Background Thread 3 ] DEBUG Engine               - isMobile: false
11:06:41.474 [FXGL Background Thread 3 ] DEBUG Engine               - isNative: false
11:06:41.474 [FXGL Background Thread 3 ] DEBUG Engine               - isPauseMusicWhenMinimized: true
11:06:41.474 [FXGL Background Thread 3 ] DEBUG Engine               - isPreserveResizeRatio: false
11:06:41.474 [FXGL Background Thread 3 ] DEBUG Engine               - isProfilingEnabled: false
11:06:41.474 [FXGL Background Thread 3 ] DEBUG Engine               - isScaleAffectedOnResize: true
11:06:41.474 [FXGL Background Thread 3 ] DEBUG Engine               - isSingleStep: false
11:06:41.474 [FXGL Background Thread 3 ] DEBUG Engine               - isUserProfileEnabled: false
11:06:41.474 [FXGL Background Thread 3 ] DEBUG Engine               - isWindows: true
11:06:41.474 [FXGL Background Thread 3 ] DEBUG Engine               - language: ObjectProperty [value: ENGLISH]
11:06:41.474 [FXGL Background Thread 3 ] DEBUG Engine               - menuKey: ESCAPE
11:06:41.474 [FXGL Background Thread 3 ] DEBUG Engine               - mouseSensitivity: 0.2
11:06:41.474 [FXGL Background Thread 3 ] DEBUG Engine               - notificationViewClass: class com.almasb.fxgl.notification.view.XboxNotificationView
11:06:41.474 [FXGL Background Thread 3 ] DEBUG Engine               - pixelsPerMeter: 50.0
11:06:41.475 [FXGL Background Thread 3 ] DEBUG Engine               - platform: WINDOWS
11:06:41.475 [FXGL Background Thread 3 ] DEBUG Engine               - prefHeightProperty: ReadOnlyDoubleProperty [value: 400.0]
11:06:41.475 [FXGL Background Thread 3 ] DEBUG Engine               - prefWidthProperty: ReadOnlyDoubleProperty [value: 400.0]
11:06:41.475 [FXGL Background Thread 3 ] DEBUG Engine               - profileDir: profiles/
11:06:41.475 [FXGL Background Thread 3 ] DEBUG Engine               - profileName: StringProperty [value: DEFAULT]
11:06:41.475 [FXGL Background Thread 3 ] DEBUG Engine               - randomSeed: -1
11:06:41.475 [FXGL Background Thread 3 ] DEBUG Engine               - runtimeInfo: RuntimeInfo(platform=WINDOWS, version=21.1, build=27.03.2024 07.52)
11:06:41.475 [FXGL Background Thread 3 ] DEBUG Engine               - saveFileExt: sav
11:06:41.475 [FXGL Background Thread 3 ] DEBUG Engine               - scaledHeightProp$fxgl: DoubleProperty [bound, value: 400.0]
11:06:41.475 [FXGL Background Thread 3 ] DEBUG Engine               - scaledWidthProp$fxgl: DoubleProperty [bound, value: 400.0]
11:06:41.475 [FXGL Background Thread 3 ] DEBUG Engine               - sceneFactory: com.almasb.fxgl.app.scene.SceneFactory@50e91359
11:06:41.475 [FXGL Background Thread 3 ] DEBUG Engine               - secondsIn24h: 60
11:06:41.475 [FXGL Background Thread 3 ] DEBUG Engine               - soundMenuBack: menu/back.wav
11:06:41.475 [FXGL Background Thread 3 ] DEBUG Engine               - soundMenuPress: menu/press.wav
11:06:41.475 [FXGL Background Thread 3 ] DEBUG Engine               - soundMenuSelect: menu/select.wav
11:06:41.476 [FXGL Background Thread 3 ] DEBUG Engine               - soundNotification: core/notification.wav
11:06:41.476 [FXGL Background Thread 3 ] DEBUG Engine               - stageStyle: DECORATED
11:06:41.476 [FXGL Background Thread 3 ] DEBUG Engine               - supportedLanguages: [ENGLISH, FRENCH, GERMAN, HUNGARIAN, RUSSIAN]
11:06:41.476 [FXGL Background Thread 3 ] DEBUG Engine               - ticksPerSecond: -1
11:06:41.476 [FXGL Background Thread 3 ] DEBUG Engine               - title: Tile Game
11:06:41.476 [FXGL Background Thread 3 ] DEBUG Engine               - urlGithub: https://github.com/AlmasB/FXGL
11:06:41.476 [FXGL Background Thread 3 ] DEBUG Engine               - urlLeaderboard: http://fxgl-top.herokuapp.com/
11:06:41.476 [FXGL Background Thread 3 ] DEBUG Engine               - urlPOM: https://raw.githubusercontent.com/AlmasB/FXGL/release/README.md
11:06:41.476 [FXGL Background Thread 3 ] DEBUG Engine               - userAppClass: class roadbuilder.app.Main
11:06:41.476 [FXGL Background Thread 3 ] DEBUG Engine               - version: 1.0
11:06:41.476 [FXGL Background Thread 3 ] DEBUG Engine               - versionCheckDays: 7
11:06:41.476 [FXGL Background Thread 3 ] DEBUG Engine               - width: 400
11:06:41.476 [FXGL Background Thread 3 ] DEBUG Engine               - Logging services
11:06:41.476 [FXGL Background Thread 3 ] DEBUG Engine               - class com.almasb.fxgl.app.services.FXGLAssetLoaderService
11:06:41.476 [FXGL Background Thread 3 ] DEBUG Engine               - class com.almasb.fxgl.app.FXGLApplication$GameApplicationService
11:06:41.476 [FXGL Background Thread 3 ] DEBUG Engine               - class com.almasb.fxgl.app.services.FXGLDialogService
11:06:41.477 [FXGL Background Thread 3 ] DEBUG Engine               - class com.almasb.fxgl.app.services.IOTaskExecutorService
11:06:41.477 [FXGL Background Thread 3 ] DEBUG Engine               - class com.almasb.fxgl.io.FileSystemService
11:06:41.477 [FXGL Background Thread 3 ] DEBUG Engine               - class com.almasb.fxgl.localization.LocalizationService
11:06:41.477 [FXGL Background Thread 3 ] DEBUG Engine               - class com.almasb.fxgl.app.services.SystemBundleService
11:06:41.477 [FXGL Background Thread 3 ] DEBUG Engine               - class com.almasb.fxgl.profile.SaveLoadService
11:06:41.477 [FXGL Background Thread 3 ] DEBUG Engine               - class com.almasb.fxgl.ui.FXGLUIFactoryServiceProvider
11:06:41.477 [FXGL Background Thread 3 ] DEBUG Engine               - class com.almasb.fxgl.ui.FXGLDialogFactoryServiceProvider
11:06:41.477 [FXGL Background Thread 3 ] DEBUG Engine               - class com.almasb.fxgl.audio.AudioPlayer
11:06:41.477 [FXGL Background Thread 3 ] DEBUG Engine               - class com.almasb.fxgl.notification.impl.NotificationServiceProvider
11:06:41.477 [FXGL Background Thread 3 ] DEBUG Engine               - class com.almasb.fxgl.achievement.AchievementService
11:06:41.477 [FXGL Background Thread 3 ] DEBUG Engine               - class com.almasb.fxgl.cutscene.CutsceneService
11:06:41.477 [FXGL Background Thread 3 ] DEBUG Engine               - class com.almasb.fxgl.minigames.MiniGameService
11:06:41.477 [FXGL Background Thread 3 ] DEBUG Engine               - class com.almasb.fxgl.net.NetService
11:06:41.477 [FXGL Background Thread 3 ] DEBUG Engine               - class com.almasb.fxgl.app.services.UpdaterService
11:06:41.477 [FXGL Background Thread 3 ] DEBUG Engine               - class com.almasb.fxgl.dev.DevService
11:06:47.700 [JavaFX Application Thread] DEBUG FXGLApplication      - Exiting FXGL
11:06:47.701 [JavaFX Application Thread] DEBUG LoopRunner           - Stopping loop
11:06:47.701 [JavaFX Application Thread] DEBUG SystemBundleService  - Saving FXGL system data
11:06:47.703 [JavaFX Application Thread] DEBUG FileSystemAccess     - Writing to: C:\Users\petro\Desktop\thesis mentés\utepites_fxgl_2\system\fxgl.bundle
11:06:47.706 [JavaFX Application Thread] DEBUG Async                - Shutting down background threads
11:06:47.706 [JavaFX Application Thread] DEBUG PrimaryStageWindow   - Closing main window
11:06:47.723 [JavaFX Application Thread] DEBUG Logger               - Closing Logger
