12:22:06.281 [main                     ] DEBUG Logger               - Configured Logger
12:22:06.320 [main                     ] DEBUG GameApplication      - Logging settings
Title: Game Menu
Version: 0.0
Width: 800
Height: 600
Fullscreen: false
Intro: false
Profiling: false
Single step:false
App Mode: DEVELOPER
Menu Key: ESCAPE
Stage Style: DECORATED
Scene Factory: class com.almasb.fxgl.app.scene.SceneFactory

12:22:07.183 [JavaFX Application Thread] DEBUG FXGLApplication      - Initializing FXGL
12:22:07.189 [JavaFX Application Thread] INFO  Engine               - FXGL-21.1 (27.03.2024 07.52) on WINDOWS (J:21.0.2 FX:21.0.1)
12:22:07.189 [JavaFX Application Thread] DEBUG Engine               - JRE Vendor Name: Oracle Corporation
12:22:07.189 [JavaFX Application Thread] DEBUG Engine               - Running on OS: Windows 11 version 10.0
12:22:07.189 [JavaFX Application Thread] DEBUG Engine               - Architecture: amd64
12:22:07.189 [JavaFX Application Thread] INFO  Engine               - Source code and latest versions at: https://github.com/AlmasB/FXGL
12:22:07.189 [JavaFX Application Thread] INFO  Engine               -       Ask questions and discuss at: https://github.com/AlmasB/FXGL/discussions
12:22:07.190 [JavaFX Application Thread] INFO  Engine               -              Join the FXGL chat at: https://gitter.im/AlmasB/FXGL
12:22:07.350 [JavaFX Application Thread] DEBUG PrimaryStageWindow   - Creating a JavaFX scene
12:22:07.417 [JavaFX Application Thread] DEBUG PrimaryStageWindow   - Target settings size: 800.0 x 600.0
12:22:07.417 [JavaFX Application Thread] DEBUG PrimaryStageWindow   - Scaled scene size:    800.0 x 600.0
12:22:07.418 [JavaFX Application Thread] DEBUG PrimaryStageWindow   - Scaled ratio: (1.0, 1.0)
12:22:07.419 [JavaFX Application Thread] DEBUG PrimaryStageWindow   - Set initial scene to FXGLStartupScene
12:22:07.423 [JavaFX Application Thread] DEBUG PrimaryStageWindow   - Opening main window
12:22:07.543 [JavaFX Application Thread] DEBUG PrimaryStageWindow   - Window border size: (14.4000244140625, 37.5999755859375)
12:22:07.543 [JavaFX Application Thread] DEBUG PrimaryStageWindow   - Scaled size: 800.0 x 600.0
12:22:07.544 [JavaFX Application Thread] DEBUG PrimaryStageWindow   - Scaled ratio: (1.0, 1.0)
12:22:07.544 [JavaFX Application Thread] DEBUG PrimaryStageWindow   - Scene size: 800.0 x 600.0
12:22:07.545 [JavaFX Application Thread] DEBUG PrimaryStageWindow   - Stage size: 814.4000244140625 x 637.5999755859375
12:22:07.554 [FXGL Background Thread 1 ] DEBUG Engine               - Initializing environment variables
12:22:07.625 [FXGL Background Thread 1 ] DEBUG FXGLAssetLoaderServi - User app class for loading assets: class roadbuilder.MainMenu
12:22:07.626 [FXGL Background Thread 1 ] DEBUG GameApplicationServi - Applying CSS: fxgl_dark.css
12:22:07.627 [FXGL Background Thread 1 ] DEBUG FXGLAssetLoaderServi - Loading from file system: jar:file:/C:/Users/petro/.m2/repository/com/github/almasb/fxgl/21.1/fxgl-21.1.jar!/fxglassets/ui/css/fxgl_dark.css
12:22:07.687 [FXGL Background Thread 1 ] DEBUG GameApplicationServi - Initializing application scenes
12:22:07.765 [FXGL Background Thread 1 ] DEBUG GameWorld            - Game world initialized
12:22:07.919 [FXGL Background Thread 1 ] DEBUG PhysicsWorld         - Physics world initialized: appHeight=600, physics.ppm=50.0
12:22:07.919 [FXGL Background Thread 1 ] DEBUG PhysicsWorld         - Using strategy: BRUTE_FORCE
12:22:07.924 [FXGL Background Thread 1 ] DEBUG GameScene            - Game scene initialized: 800x600
12:22:07.944 [FXGL Background Thread 1 ] DEBUG FXGL.DefaultMenu     - createMenuBodyGameMenu()
12:22:07.970 [FXGL Background Thread 1 ] DEBUG FXGL.DefaultMenu     - createOptionsMenu()
12:22:07.983 [FXGL Background Thread 1 ] DEBUG FXGLAssetLoaderServi - Loading from file system: jar:file:/C:/Users/petro/.m2/repository/com/github/almasb/fxgl/21.1/fxgl-21.1.jar!/fxglassets/textures/particles/smoke.png
12:22:08.152 [FXGL Background Thread 1 ] DEBUG FXGLAssetLoaderServi - Loading from file system: jar:file:/C:/Users/petro/.m2/repository/com/github/almasb/fxgl/21.1/fxgl-21.1.jar!/fxglassets/textures/particles/trace_horizontal.png
12:22:08.191 [FXGL Background Thread 1 ] DEBUG GameApplicationServi - Application scenes initialized
12:22:08.211 [FXGL Background Thread 1 ] DEBUG SystemBundleService  - Loading FXGL system data
12:22:08.218 [FXGL Background Thread 1 ] DEBUG FileSystemAccess     - Reading from: C:\Users\petro\Desktop\szakdoga\thesis\system\fxgl.bundle
12:22:08.232 [FXGL Background Thread 1 ] DEBUG SystemBundleService  - Bundle FXGL: {}
12:22:08.232 [FXGL Background Thread 1 ] DEBUG UpdaterService       - Checking for updates
12:22:08.239 [FXGL Background Thread 4 ] DEBUG FXGLApplication      - Loading fonts
12:22:08.240 [FXGL Background Thread 4 ] DEBUG FXGLAssetLoaderServi - Loading from file system: jar:file:/C:/Users/petro/.m2/repository/com/github/almasb/fxgl/21.1/fxgl-21.1.jar!/fxglassets/ui/fonts/VarelaRound-Regular.ttf
12:22:08.242 [FXGL Background Thread 1 ] DEBUG FXGLApplication      - Loading default localization
12:22:08.243 [FXGL Background Thread 1 ] DEBUG FXGLAssetLoaderServi - Loading from file system: jar:file:/C:/Users/petro/.m2/repository/com/github/almasb/fxgl/21.1/fxgl-21.1.jar!/fxglassets/languages/english.lang
12:22:08.311 [FXGL Background Thread 4 ] DEBUG FXGLAssetLoaderServi - Loading from file system: jar:file:/C:/Users/petro/.m2/repository/com/github/almasb/fxgl/21.1/fxgl-21.1.jar!/fxglassets/ui/fonts/Abel-Regular.ttf
12:22:08.338 [FXGL Background Thread 4 ] DEBUG FXGLAssetLoaderServi - Loading from file system: jar:file:/C:/Users/petro/.m2/repository/com/github/almasb/fxgl/21.1/fxgl-21.1.jar!/fxglassets/ui/fonts/TerminalLandMono-Regular.otf
12:22:08.342 [FXGL Background Thread 1 ] INFO  FXGLApplication      - FXGL initialization took: 0.787 sec
12:22:08.344 [JavaFX Application Thread] DEBUG FXGLAssetLoaderServi - Loading from file system: jar:file:/C:/Users/petro/.m2/repository/com/github/almasb/fxgl/21.1/fxgl-21.1.jar!/fxglassets/textures/fxgl_icon.png
12:22:08.351 [FXGL Background Thread 4 ] DEBUG FXGLAssetLoaderServi - Loading from file system: jar:file:/C:/Users/petro/.m2/repository/com/github/almasb/fxgl/21.1/fxgl-21.1.jar!/fxglassets/ui/fonts/Courier-Prime.ttf
12:22:08.370 [JavaFX Application Thread] DEBUG FXGLAssetLoaderServi - Loading from file system: jar:file:/C:/Users/petro/.m2/repository/com/github/almasb/fxgl/21.1/fxgl-21.1.jar!/fxglassets/textures/fxgl_default_cursor.png
12:22:08.408 [JavaFX Application Thread] DEBUG Input                - Registered new binding: Screenshot - CTRL+8
12:22:08.410 [JavaFX Application Thread] DEBUG Input                - Registered new binding: System info dump - CTRL+9
12:22:08.412 [JavaFX Application Thread] DEBUG Input                - Registered new binding: Restart - CTRL+R
12:22:08.415 [JavaFX Application Thread] DEBUG Input                - Registered new binding: Toggle Debug Camera - CTRL+7
12:22:08.430 [JavaFX Application Thread] DEBUG LoopRunner           - Starting loop
12:22:08.430 [JavaFX Application Thread] DEBUG LoopRunner           - Initializing JavaFX AnimationTimerLoop
12:22:08.436 [JavaFX Application Thread] DEBUG GameApplicationServi - Starting new game
12:22:08.437 [JavaFX Application Thread] DEBUG Input                - Clearing active input actions
12:22:08.464 [JavaFX Application Thread] DEBUG GameApplicationServi - Removing overlay from FXGLStartupScene and adding to FXGLLoadingScene
12:22:08.464 [JavaFX Application Thread] DEBUG PrimaryStageWindow   - FXGLStartupScene -> FXGLLoadingScene
12:22:08.464 [JavaFX Application Thread] DEBUG GameApplicationServi - Clearing previous game
12:22:08.464 [JavaFX Application Thread] DEBUG GameScene            - Clearing game scene
12:22:08.464 [JavaFX Application Thread] DEBUG GameWorld            - Clearing game world
12:22:08.464 [JavaFX Application Thread] DEBUG PhysicsWorld         - Clearing physics world
12:22:08.470 [FXGL Background Thread 4 ] DEBUG FXGLApplication      - Initializing game
12:22:08.470 [JavaFX Application Thread] DEBUG FXGLApplication      - Registering font factories with UI factory
12:22:08.508 [FXGL Background Thread 4 ] INFO  FXGLApplication      - Game initialization took: 0.038 sec
12:22:08.595 [JavaFX Application Thread] DEBUG Input                - Clearing active input actions
12:22:08.608 [JavaFX Application Thread] DEBUG GameApplicationServi - Removing overlay from FXGLLoadingScene and adding to GameScene
12:22:08.608 [JavaFX Application Thread] DEBUG PrimaryStageWindow   - FXGLLoadingScene -> GameScene
12:22:11.237 [FXGL Background Thread 3 ] DEBUG Engine               - Logging environment variables
12:22:11.237 [FXGL Background Thread 3 ] DEBUG Engine               - achievements: []
12:22:11.238 [FXGL Background Thread 3 ] DEBUG Engine               - actualHeight: 600.0
12:22:11.238 [FXGL Background Thread 3 ] DEBUG Engine               - actualHeightProperty: ReadOnlyDoubleProperty [value: 600.0]
12:22:11.238 [FXGL Background Thread 3 ] DEBUG Engine               - actualWidth: 800.0
12:22:11.238 [FXGL Background Thread 3 ] DEBUG Engine               - actualWidthProperty: ReadOnlyDoubleProperty [value: 800.0]
12:22:11.238 [FXGL Background Thread 3 ] DEBUG Engine               - appIcon: fxgl_icon.png
12:22:11.238 [FXGL Background Thread 3 ] DEBUG Engine               - applicationMode: DEVELOPER
12:22:11.238 [FXGL Background Thread 3 ] DEBUG Engine               - cSSList: [fxgl_dark.css]
12:22:11.238 [FXGL Background Thread 3 ] DEBUG Engine               - collisionDetectionStrategy: BRUTE_FORCE
12:22:11.238 [FXGL Background Thread 3 ] DEBUG Engine               - configClass: Optional.empty
12:22:11.238 [FXGL Background Thread 3 ] DEBUG Engine               - credits: []
12:22:11.239 [FXGL Background Thread 3 ] DEBUG Engine               - defaultCursor: CursorInfo(imageName=fxgl_default_cursor.png, hotspotX=7.0, hotspotY=6.0)
12:22:11.239 [FXGL Background Thread 3 ] DEBUG Engine               - devBBoxColorProperty: ObjectProperty [value: 0xff0000ff]
12:22:11.239 [FXGL Background Thread 3 ] DEBUG Engine               - devEnableDebugCameraProperty: BooleanProperty [value: false]
12:22:11.239 [FXGL Background Thread 3 ] DEBUG Engine               - devSensorColorProperty: ObjectProperty [value: 0xffff00ff]
12:22:11.239 [FXGL Background Thread 3 ] DEBUG Engine               - devShowBBoxProperty: BooleanProperty [value: false]
12:22:11.239 [FXGL Background Thread 3 ] DEBUG Engine               - devShowPositionProperty: BooleanProperty [value: false]
12:22:11.239 [FXGL Background Thread 3 ] DEBUG Engine               - enabledMenuItems: []
12:22:11.239 [FXGL Background Thread 3 ] DEBUG Engine               - engineServices: [class com.almasb.fxgl.app.services.FXGLAssetLoaderService, class com.almasb.fxgl.app.FXGLApplication$GameApplicationService, class com.almasb.fxgl.app.services.FXGLDialogService, class com.almasb.fxgl.app.services.IOTaskExecutorService, class com.almasb.fxgl.io.FileSystemService, class com.almasb.fxgl.localization.LocalizationService, class com.almasb.fxgl.app.services.SystemBundleService, class com.almasb.fxgl.profile.SaveLoadService, class com.almasb.fxgl.ui.FXGLUIFactoryServiceProvider, class com.almasb.fxgl.ui.FXGLDialogFactoryServiceProvider, class com.almasb.fxgl.audio.AudioPlayer, class com.almasb.fxgl.notification.impl.NotificationServiceProvider, class com.almasb.fxgl.achievement.AchievementService, class com.almasb.fxgl.cutscene.CutsceneService, class com.almasb.fxgl.minigames.MiniGameService, class com.almasb.fxgl.net.NetService, class com.almasb.fxgl.app.services.UpdaterService, class com.almasb.fxgl.dev.DevService]
12:22:11.239 [FXGL Background Thread 3 ] DEBUG Engine               - fontGame: Abel-Regular.ttf
12:22:11.239 [FXGL Background Thread 3 ] DEBUG Engine               - fontMono: TerminalLandMono-Regular.otf
12:22:11.240 [FXGL Background Thread 3 ] DEBUG Engine               - fontSizeScaleUI: 1.0
12:22:11.240 [FXGL Background Thread 3 ] DEBUG Engine               - fontText: Courier-Prime.ttf
12:22:11.240 [FXGL Background Thread 3 ] DEBUG Engine               - fontUI: VarelaRound-Regular.ttf
12:22:11.240 [FXGL Background Thread 3 ] DEBUG Engine               - fullScreen: BooleanProperty [value: false]
12:22:11.240 [FXGL Background Thread 3 ] DEBUG Engine               - gameDifficulty: MEDIUM
12:22:11.240 [FXGL Background Thread 3 ] DEBUG Engine               - gameDifficultyProperty: ObjectProperty [value: MEDIUM]
12:22:11.240 [FXGL Background Thread 3 ] DEBUG Engine               - globalMusicVolume: 0.5
12:22:11.240 [FXGL Background Thread 3 ] DEBUG Engine               - globalMusicVolumeProperty: DoubleProperty [value: 0.5]
12:22:11.240 [FXGL Background Thread 3 ] DEBUG Engine               - globalSoundVolume: 0.5
12:22:11.240 [FXGL Background Thread 3 ] DEBUG Engine               - globalSoundVolumeProperty: DoubleProperty [value: 0.5]
12:22:11.240 [FXGL Background Thread 3 ] DEBUG Engine               - height: 600
12:22:11.240 [FXGL Background Thread 3 ] DEBUG Engine               - is3D: false
12:22:11.240 [FXGL Background Thread 3 ] DEBUG Engine               - isAndroid: false
12:22:11.240 [FXGL Background Thread 3 ] DEBUG Engine               - isBrowser: false
12:22:11.240 [FXGL Background Thread 3 ] DEBUG Engine               - isClickFeedbackEnabled: false
12:22:11.240 [FXGL Background Thread 3 ] DEBUG Engine               - isCloseConfirmation: false
12:22:11.241 [FXGL Background Thread 3 ] DEBUG Engine               - isDesktop: true
12:22:11.241 [FXGL Background Thread 3 ] DEBUG Engine               - isDeveloperMenuEnabled: false
12:22:11.241 [FXGL Background Thread 3 ] DEBUG Engine               - isEmbedded: false
12:22:11.241 [FXGL Background Thread 3 ] DEBUG Engine               - isEntityPreloadEnabled: true
12:22:11.241 [FXGL Background Thread 3 ] DEBUG Engine               - isExperimentalTiledLargeMap: false
12:22:11.241 [FXGL Background Thread 3 ] DEBUG Engine               - isFileSystemWriteAllowed: true
12:22:11.241 [FXGL Background Thread 3 ] DEBUG Engine               - isFullScreenAllowed: false
12:22:11.241 [FXGL Background Thread 3 ] DEBUG Engine               - isFullScreenFromStart: false
12:22:11.241 [FXGL Background Thread 3 ] DEBUG Engine               - isGameMenuEnabled: true
12:22:11.241 [FXGL Background Thread 3 ] DEBUG Engine               - isIOS: false
12:22:11.241 [FXGL Background Thread 3 ] DEBUG Engine               - isIntroEnabled: false
12:22:11.241 [FXGL Background Thread 3 ] DEBUG Engine               - isLinux: false
12:22:11.241 [FXGL Background Thread 3 ] DEBUG Engine               - isMac: false
12:22:11.241 [FXGL Background Thread 3 ] DEBUG Engine               - isMainMenuEnabled: false
12:22:11.241 [FXGL Background Thread 3 ] DEBUG Engine               - isManualResizeEnabled: false
12:22:11.241 [FXGL Background Thread 3 ] DEBUG Engine               - isMobile: false
12:22:11.242 [FXGL Background Thread 3 ] DEBUG Engine               - isNative: false
12:22:11.242 [FXGL Background Thread 3 ] DEBUG Engine               - isPauseMusicWhenMinimized: true
12:22:11.242 [FXGL Background Thread 3 ] DEBUG Engine               - isPreserveResizeRatio: false
12:22:11.242 [FXGL Background Thread 3 ] DEBUG Engine               - isProfilingEnabled: false
12:22:11.242 [FXGL Background Thread 3 ] DEBUG Engine               - isScaleAffectedOnResize: true
12:22:11.243 [FXGL Background Thread 3 ] DEBUG Engine               - isSingleStep: false
12:22:11.243 [FXGL Background Thread 3 ] DEBUG Engine               - isUserProfileEnabled: false
12:22:11.243 [FXGL Background Thread 3 ] DEBUG Engine               - isWindows: true
12:22:11.243 [FXGL Background Thread 3 ] DEBUG Engine               - language: ObjectProperty [value: ENGLISH]
12:22:11.243 [FXGL Background Thread 3 ] DEBUG Engine               - menuKey: ESCAPE
12:22:11.243 [FXGL Background Thread 3 ] DEBUG Engine               - mouseSensitivity: 0.2
12:22:11.243 [FXGL Background Thread 3 ] DEBUG Engine               - notificationViewClass: class com.almasb.fxgl.notification.view.XboxNotificationView
12:22:11.243 [FXGL Background Thread 3 ] DEBUG Engine               - pixelsPerMeter: 50.0
12:22:11.243 [FXGL Background Thread 3 ] DEBUG Engine               - platform: WINDOWS
12:22:11.243 [FXGL Background Thread 3 ] DEBUG Engine               - prefHeightProperty: ReadOnlyDoubleProperty [value: 600.0]
12:22:11.243 [FXGL Background Thread 3 ] DEBUG Engine               - prefWidthProperty: ReadOnlyDoubleProperty [value: 800.0]
12:22:11.243 [FXGL Background Thread 3 ] DEBUG Engine               - profileDir: profiles/
12:22:11.243 [FXGL Background Thread 3 ] DEBUG Engine               - profileName: StringProperty [value: DEFAULT]
12:22:11.243 [FXGL Background Thread 3 ] DEBUG Engine               - randomSeed: -1
12:22:11.243 [FXGL Background Thread 3 ] DEBUG Engine               - runtimeInfo: RuntimeInfo(platform=WINDOWS, version=21.1, build=27.03.2024 07.52)
12:22:11.244 [FXGL Background Thread 3 ] DEBUG Engine               - saveFileExt: sav
12:22:11.244 [FXGL Background Thread 3 ] DEBUG Engine               - scaledHeightProp$fxgl: DoubleProperty [bound, value: 600.0]
12:22:11.244 [FXGL Background Thread 3 ] DEBUG Engine               - scaledWidthProp$fxgl: DoubleProperty [bound, value: 800.0]
12:22:11.244 [FXGL Background Thread 3 ] DEBUG Engine               - sceneFactory: com.almasb.fxgl.app.scene.SceneFactory@1597bcc1
12:22:11.244 [FXGL Background Thread 3 ] DEBUG Engine               - secondsIn24h: 60
12:22:11.244 [FXGL Background Thread 3 ] DEBUG Engine               - soundMenuBack: menu/back.wav
12:22:11.244 [FXGL Background Thread 3 ] DEBUG Engine               - soundMenuPress: menu/press.wav
12:22:11.244 [FXGL Background Thread 3 ] DEBUG Engine               - soundMenuSelect: menu/select.wav
12:22:11.244 [FXGL Background Thread 3 ] DEBUG Engine               - soundNotification: core/notification.wav
12:22:11.244 [FXGL Background Thread 3 ] DEBUG Engine               - stageStyle: DECORATED
12:22:11.244 [FXGL Background Thread 3 ] DEBUG Engine               - supportedLanguages: [ENGLISH, FRENCH, GERMAN, HUNGARIAN, RUSSIAN]
12:22:11.244 [FXGL Background Thread 3 ] DEBUG Engine               - ticksPerSecond: -1
12:22:11.244 [FXGL Background Thread 3 ] DEBUG Engine               - title: Game Menu
12:22:11.244 [FXGL Background Thread 3 ] DEBUG Engine               - urlGithub: https://github.com/AlmasB/FXGL
12:22:11.244 [FXGL Background Thread 3 ] DEBUG Engine               - urlLeaderboard: http://fxgl-top.herokuapp.com/
12:22:11.244 [FXGL Background Thread 3 ] DEBUG Engine               - urlPOM: https://raw.githubusercontent.com/AlmasB/FXGL/release/README.md
12:22:11.244 [FXGL Background Thread 3 ] DEBUG Engine               - userAppClass: class roadbuilder.MainMenu
12:22:11.245 [FXGL Background Thread 3 ] DEBUG Engine               - version: 0.0
12:22:11.245 [FXGL Background Thread 3 ] DEBUG Engine               - versionCheckDays: 7
12:22:11.245 [FXGL Background Thread 3 ] DEBUG Engine               - width: 800
12:22:11.245 [FXGL Background Thread 3 ] DEBUG Engine               - Logging services
12:22:11.245 [FXGL Background Thread 3 ] DEBUG Engine               - class com.almasb.fxgl.app.services.FXGLAssetLoaderService
12:22:11.245 [FXGL Background Thread 3 ] DEBUG Engine               - class com.almasb.fxgl.app.FXGLApplication$GameApplicationService
12:22:11.245 [FXGL Background Thread 3 ] DEBUG Engine               - class com.almasb.fxgl.app.services.FXGLDialogService
12:22:11.245 [FXGL Background Thread 3 ] DEBUG Engine               - class com.almasb.fxgl.app.services.IOTaskExecutorService
12:22:11.245 [FXGL Background Thread 3 ] DEBUG Engine               - class com.almasb.fxgl.io.FileSystemService
12:22:11.245 [FXGL Background Thread 3 ] DEBUG Engine               - class com.almasb.fxgl.localization.LocalizationService
12:22:11.245 [FXGL Background Thread 3 ] DEBUG Engine               - class com.almasb.fxgl.app.services.SystemBundleService
12:22:11.245 [FXGL Background Thread 3 ] DEBUG Engine               - class com.almasb.fxgl.profile.SaveLoadService
12:22:11.245 [FXGL Background Thread 3 ] DEBUG Engine               - class com.almasb.fxgl.ui.FXGLUIFactoryServiceProvider
12:22:11.245 [FXGL Background Thread 3 ] DEBUG Engine               - class com.almasb.fxgl.ui.FXGLDialogFactoryServiceProvider
12:22:11.245 [FXGL Background Thread 3 ] DEBUG Engine               - class com.almasb.fxgl.audio.AudioPlayer
12:22:11.245 [FXGL Background Thread 3 ] DEBUG Engine               - class com.almasb.fxgl.notification.impl.NotificationServiceProvider
12:22:11.245 [FXGL Background Thread 3 ] DEBUG Engine               - class com.almasb.fxgl.achievement.AchievementService
12:22:11.245 [FXGL Background Thread 3 ] DEBUG Engine               - class com.almasb.fxgl.cutscene.CutsceneService
12:22:11.246 [FXGL Background Thread 3 ] DEBUG Engine               - class com.almasb.fxgl.minigames.MiniGameService
12:22:11.246 [FXGL Background Thread 3 ] DEBUG Engine               - class com.almasb.fxgl.net.NetService
12:22:11.246 [FXGL Background Thread 3 ] DEBUG Engine               - class com.almasb.fxgl.app.services.UpdaterService
12:22:11.246 [FXGL Background Thread 3 ] DEBUG Engine               - class com.almasb.fxgl.dev.DevService
12:23:19.778 [JavaFX Application Thread] DEBUG Input                - Registered new binding: Increase Budget - B
12:23:20.452 [JavaFX Application Thread] DEBUG LoopRunner           - Stopping loop
12:23:20.454 [JavaFX Application Thread] FATAL FXGLApplication      - Uncaught Exception:
java.lang.NullPointerException: Cannot invoke "com.almasb.fxgl.entity.Entity.hasComponent(java.lang.Class)" because "entity" is null
	at roadbuilder.levels.level1.UIManager.lambda$initUI$2(UIManager.java:46)
	at java.base/java.util.stream.ReferencePipeline$2$1.accept(ReferencePipeline.java:178)
	at java.base/java.util.ArrayList$ArrayListSpliterator.forEachRemaining(ArrayList.java:1708)
	at java.base/java.util.stream.AbstractPipeline.copyInto(AbstractPipeline.java:509)
	at java.base/java.util.stream.AbstractPipeline.wrapAndCopyInto(AbstractPipeline.java:499)
	at java.base/java.util.stream.ForEachOps$ForEachOp.evaluateSequential(ForEachOps.java:151)
	at java.base/java.util.stream.ForEachOps$ForEachOp$OfRef.evaluateSequential(ForEachOps.java:174)
	at java.base/java.util.stream.AbstractPipeline.evaluate(AbstractPipeline.java:234)
	at java.base/java.util.stream.ReferencePipeline.forEach(ReferencePipeline.java:596)
	at roadbuilder.levels.level1.UIManager.lambda$initUI$4(UIManager.java:47)
	at com.sun.javafx.event.CompositeEventHandler.dispatchBubblingEvent(CompositeEventHandler.java:86)
	at com.sun.javafx.event.EventHandlerManager.dispatchBubblingEvent(EventHandlerManager.java:232)
	at com.sun.javafx.event.EventHandlerManager.dispatchBubblingEvent(EventHandlerManager.java:189)
	at com.sun.javafx.event.CompositeEventDispatcher.dispatchBubblingEvent(CompositeEventDispatcher.java:59)
	at com.sun.javafx.event.BasicEventDispatcher.dispatchEvent(BasicEventDispatcher.java:58)
	at com.sun.javafx.event.EventDispatchChainImpl.dispatchEvent(EventDispatchChainImpl.java:114)
	at com.sun.javafx.event.BasicEventDispatcher.dispatchEvent(BasicEventDispatcher.java:56)
	at com.sun.javafx.event.EventDispatchChainImpl.dispatchEvent(EventDispatchChainImpl.java:114)
	at com.sun.javafx.event.BasicEventDispatcher.dispatchEvent(BasicEventDispatcher.java:56)
	at com.sun.javafx.event.EventDispatchChainImpl.dispatchEvent(EventDispatchChainImpl.java:114)
	at com.sun.javafx.event.EventUtil.fireEventImpl(EventUtil.java:74)
	at com.sun.javafx.event.EventUtil.fireEvent(EventUtil.java:54)
	at javafx.event.Event.fireEvent(Event.java:198)
	at javafx.scene.Scene$ClickGenerator.postProcess(Scene.java:3688)
	at javafx.scene.Scene$MouseHandler.process(Scene.java:3993)
	at javafx.scene.Scene.processMouseEvent(Scene.java:1890)
	at javafx.scene.Scene$ScenePeerListener.mouseEvent(Scene.java:2708)
	at com.sun.javafx.tk.quantum.GlassViewEventHandler$MouseEventNotification.run(GlassViewEventHandler.java:411)
	at com.sun.javafx.tk.quantum.GlassViewEventHandler$MouseEventNotification.run(GlassViewEventHandler.java:301)
	at java.base/java.security.AccessController.doPrivileged(AccessController.java:400)
	at com.sun.javafx.tk.quantum.GlassViewEventHandler.lambda$handleMouseEvent$2(GlassViewEventHandler.java:450)
	at com.sun.javafx.tk.quantum.QuantumToolkit.runWithoutRenderLock(QuantumToolkit.java:424)
	at com.sun.javafx.tk.quantum.GlassViewEventHandler.handleMouseEvent(GlassViewEventHandler.java:449)
	at com.sun.glass.ui.View.handleMouseEvent(View.java:551)
	at com.sun.glass.ui.View.notifyMouse(View.java:937)
	at com.sun.glass.ui.win.WinApplication._runLoop(Native Method)
	at com.sun.glass.ui.win.WinApplication.lambda$runLoop$3(WinApplication.java:185)
	at java.base/java.lang.Thread.run(Thread.java:1583)

12:23:20.455 [JavaFX Application Thread] FATAL FXGLApplication      - Application will now exit
12:23:20.480 [JavaFX Application Thread] DEBUG PrimaryStageWindow   - Push state: ErrorSubScene
12:23:20.481 [JavaFX Application Thread] DEBUG Input                - Clearing active input actions
12:23:20.484 [JavaFX Application Thread] DEBUG GameApplicationServi - Removing overlay from GameScene and adding to ErrorSubScene
12:23:20.485 [JavaFX Application Thread] DEBUG PrimaryStageWindow   - GameScene -> ErrorSubScene
12:23:25.296 [JavaFX Application Thread] DEBUG FXGLApplication      - Exiting FXGL
12:23:25.296 [JavaFX Application Thread] DEBUG Async                - Shutting down background threads
12:23:25.297 [JavaFX Application Thread] DEBUG PrimaryStageWindow   - Closing main window
12:23:25.315 [JavaFX Application Thread] DEBUG Logger               - Closing Logger
