10:51:05.838 [main                     ] DEBUG Logger               - Configured Logger
10:51:05.880 [main                     ] DEBUG GameApplication      - Logging settings
Title: Tile Game
Version: 1.0
Width: 400
Height: 400
Fullscreen: false
Intro: false
Profiling: false
Single step:false
App Mode: DEVELOPER
Menu Key: ESCAPE
Stage Style: DECORATED
Scene Factory: class com.almasb.fxgl.app.scene.SceneFactory

10:51:06.353 [JavaFX Application Thread] DEBUG FXGLApplication      - Initializing FXGL
10:51:06.359 [JavaFX Application Thread] INFO  Engine               - FXGL-21.1 (27.03.2024 07.52) on WINDOWS (J:21.0.2 FX:21.0.1)
10:51:06.359 [JavaFX Application Thread] DEBUG Engine               - JRE Vendor Name: Oracle Corporation
10:51:06.360 [JavaFX Application Thread] DEBUG Engine               - Running on OS: Windows 11 version 10.0
10:51:06.360 [JavaFX Application Thread] DEBUG Engine               - Architecture: amd64
10:51:06.360 [JavaFX Application Thread] INFO  Engine               - Source code and latest versions at: https://github.com/AlmasB/FXGL
10:51:06.360 [JavaFX Application Thread] INFO  Engine               -       Ask questions and discuss at: https://github.com/AlmasB/FXGL/discussions
10:51:06.360 [JavaFX Application Thread] INFO  Engine               -              Join the FXGL chat at: https://gitter.im/AlmasB/FXGL
10:51:06.518 [JavaFX Application Thread] DEBUG PrimaryStageWindow   - Creating a JavaFX scene
10:51:06.589 [JavaFX Application Thread] DEBUG PrimaryStageWindow   - Target settings size: 400.0 x 400.0
10:51:06.590 [JavaFX Application Thread] DEBUG PrimaryStageWindow   - Scaled scene size:    400.0 x 400.0
10:51:06.590 [JavaFX Application Thread] DEBUG PrimaryStageWindow   - Scaled ratio: (1.0, 1.0)
10:51:06.592 [JavaFX Application Thread] DEBUG PrimaryStageWindow   - Set initial scene to FXGLStartupScene
10:51:06.596 [JavaFX Application Thread] DEBUG PrimaryStageWindow   - Opening main window
10:51:06.713 [JavaFX Application Thread] DEBUG PrimaryStageWindow   - Window border size: (14.399993896484375, 37.600006103515625)
10:51:06.713 [JavaFX Application Thread] DEBUG PrimaryStageWindow   - Scaled size: 400.0 x 400.0
10:51:06.714 [JavaFX Application Thread] DEBUG PrimaryStageWindow   - Scaled ratio: (1.0, 1.0)
10:51:06.714 [JavaFX Application Thread] DEBUG PrimaryStageWindow   - Scene size: 400.0 x 400.0
10:51:06.714 [JavaFX Application Thread] DEBUG PrimaryStageWindow   - Stage size: 414.3999938964844 x 437.6000061035156
10:51:06.723 [FXGL Background Thread 1 ] DEBUG Engine               - Initializing environment variables
10:51:06.809 [FXGL Background Thread 1 ] DEBUG FXGLAssetLoaderServi - User app class for loading assets: class roadbuilder.app.Main
10:51:06.809 [FXGL Background Thread 1 ] DEBUG GameApplicationServi - Applying CSS: fxgl_dark.css
10:51:06.810 [FXGL Background Thread 1 ] DEBUG FXGLAssetLoaderServi - Loading from file system: jar:file:/C:/Users/petro/.m2/repository/com/github/almasb/fxgl/21.1/fxgl-21.1.jar!/fxglassets/ui/css/fxgl_dark.css
10:51:06.876 [FXGL Background Thread 1 ] DEBUG GameApplicationServi - Initializing application scenes
10:51:06.961 [FXGL Background Thread 1 ] DEBUG GameWorld            - Game world initialized
10:51:07.100 [FXGL Background Thread 1 ] DEBUG PhysicsWorld         - Physics world initialized: appHeight=400, physics.ppm=50.0
10:51:07.100 [FXGL Background Thread 1 ] DEBUG PhysicsWorld         - Using strategy: BRUTE_FORCE
10:51:07.105 [FXGL Background Thread 1 ] DEBUG GameScene            - Game scene initialized: 400x400
10:51:07.126 [FXGL Background Thread 1 ] WARN  FXGL.DefaultMenu     - FXGLDefaultMenu is not designed for resolutions < 800x600
10:51:07.126 [FXGL Background Thread 1 ] DEBUG FXGL.DefaultMenu     - createMenuBodyGameMenu()
10:51:07.151 [FXGL Background Thread 1 ] DEBUG FXGL.DefaultMenu     - createOptionsMenu()
10:51:07.165 [FXGL Background Thread 1 ] DEBUG FXGLAssetLoaderServi - Loading from file system: jar:file:/C:/Users/petro/.m2/repository/com/github/almasb/fxgl/21.1/fxgl-21.1.jar!/fxglassets/textures/particles/smoke.png
10:51:07.356 [FXGL Background Thread 1 ] DEBUG FXGLAssetLoaderServi - Loading from file system: jar:file:/C:/Users/petro/.m2/repository/com/github/almasb/fxgl/21.1/fxgl-21.1.jar!/fxglassets/textures/particles/trace_horizontal.png
10:51:07.429 [FXGL Background Thread 1 ] DEBUG GameApplicationServi - Application scenes initialized
10:51:07.450 [FXGL Background Thread 1 ] DEBUG SystemBundleService  - Loading FXGL system data
10:51:07.456 [FXGL Background Thread 1 ] DEBUG FileSystemAccess     - Reading from: C:\Users\petro\Desktop\thesis mentés\utepites_fxgl_2\system\fxgl.bundle
10:51:07.469 [FXGL Background Thread 1 ] DEBUG SystemBundleService  - Bundle FXGL: {}
10:51:07.469 [FXGL Background Thread 1 ] DEBUG UpdaterService       - Checking for updates
10:51:07.476 [FXGL Background Thread 4 ] DEBUG FXGLApplication      - Loading fonts
10:51:07.476 [FXGL Background Thread 4 ] DEBUG FXGLAssetLoaderServi - Loading from file system: jar:file:/C:/Users/petro/.m2/repository/com/github/almasb/fxgl/21.1/fxgl-21.1.jar!/fxglassets/ui/fonts/VarelaRound-Regular.ttf
10:51:07.477 [FXGL Background Thread 1 ] DEBUG FXGLApplication      - Loading default localization
10:51:07.478 [FXGL Background Thread 1 ] DEBUG FXGLAssetLoaderServi - Loading from file system: jar:file:/C:/Users/petro/.m2/repository/com/github/almasb/fxgl/21.1/fxgl-21.1.jar!/fxglassets/languages/english.lang
10:51:07.543 [FXGL Background Thread 4 ] DEBUG FXGLAssetLoaderServi - Loading from file system: jar:file:/C:/Users/petro/.m2/repository/com/github/almasb/fxgl/21.1/fxgl-21.1.jar!/fxglassets/ui/fonts/Abel-Regular.ttf
10:51:07.555 [FXGL Background Thread 4 ] DEBUG FXGLAssetLoaderServi - Loading from file system: jar:file:/C:/Users/petro/.m2/repository/com/github/almasb/fxgl/21.1/fxgl-21.1.jar!/fxglassets/ui/fonts/TerminalLandMono-Regular.otf
10:51:07.567 [FXGL Background Thread 4 ] DEBUG FXGLAssetLoaderServi - Loading from file system: jar:file:/C:/Users/petro/.m2/repository/com/github/almasb/fxgl/21.1/fxgl-21.1.jar!/fxglassets/ui/fonts/Courier-Prime.ttf
10:51:07.572 [FXGL Background Thread 1 ] INFO  FXGLApplication      - FXGL initialization took: 0.848 sec
10:51:07.574 [JavaFX Application Thread] DEBUG FXGLAssetLoaderServi - Loading from file system: jar:file:/C:/Users/petro/.m2/repository/com/github/almasb/fxgl/21.1/fxgl-21.1.jar!/fxglassets/textures/fxgl_icon.png
10:51:07.609 [JavaFX Application Thread] DEBUG FXGLAssetLoaderServi - Loading from file system: jar:file:/C:/Users/petro/.m2/repository/com/github/almasb/fxgl/21.1/fxgl-21.1.jar!/fxglassets/textures/fxgl_default_cursor.png
10:51:07.640 [JavaFX Application Thread] DEBUG Input                - Registered new binding: Screenshot - CTRL+8
10:51:07.642 [JavaFX Application Thread] DEBUG Input                - Registered new binding: System info dump - CTRL+9
10:51:07.643 [JavaFX Application Thread] DEBUG Input                - Registered new binding: Restart - CTRL+R
10:51:07.647 [JavaFX Application Thread] DEBUG Input                - Registered new binding: Toggle Debug Camera - CTRL+7
10:51:07.661 [JavaFX Application Thread] DEBUG LoopRunner           - Starting loop
10:51:07.661 [JavaFX Application Thread] DEBUG LoopRunner           - Initializing JavaFX AnimationTimerLoop
10:51:07.667 [JavaFX Application Thread] DEBUG GameApplicationServi - Starting new game
10:51:07.668 [JavaFX Application Thread] DEBUG Input                - Clearing active input actions
10:51:07.690 [JavaFX Application Thread] DEBUG GameApplicationServi - Removing overlay from FXGLStartupScene and adding to FXGLLoadingScene
10:51:07.691 [JavaFX Application Thread] DEBUG PrimaryStageWindow   - FXGLStartupScene -> FXGLLoadingScene
10:51:07.692 [JavaFX Application Thread] DEBUG GameApplicationServi - Clearing previous game
10:51:07.692 [JavaFX Application Thread] DEBUG GameScene            - Clearing game scene
10:51:07.692 [JavaFX Application Thread] DEBUG GameWorld            - Clearing game world
10:51:07.692 [JavaFX Application Thread] DEBUG PhysicsWorld         - Clearing physics world
10:51:07.696 [FXGL Background Thread 4 ] DEBUG FXGLApplication      - Initializing game
10:51:07.698 [JavaFX Application Thread] DEBUG FXGLApplication      - Registering font factories with UI factory
10:51:07.747 [FXGL Background Thread 4 ] WARN  GameWorld            - Entity is already attached to world
10:51:07.748 [FXGL Background Thread 4 ] WARN  GameWorld            - Entity is already attached to world
10:51:07.748 [FXGL Background Thread 4 ] WARN  GameWorld            - Entity is already attached to world
10:51:07.749 [FXGL Background Thread 4 ] WARN  GameWorld            - Entity is already attached to world
10:51:07.749 [FXGL Background Thread 4 ] WARN  GameWorld            - Entity is already attached to world
10:51:07.750 [FXGL Background Thread 4 ] WARN  GameWorld            - Entity is already attached to world
10:51:07.750 [FXGL Background Thread 4 ] WARN  GameWorld            - Entity is already attached to world
10:51:07.751 [FXGL Background Thread 4 ] WARN  GameWorld            - Entity is already attached to world
10:51:07.752 [FXGL Background Thread 4 ] WARN  GameWorld            - Entity is already attached to world
10:51:07.752 [FXGL Background Thread 4 ] WARN  GameWorld            - Entity is already attached to world
10:51:07.753 [FXGL Background Thread 4 ] WARN  GameWorld            - Entity is already attached to world
10:51:07.753 [FXGL Background Thread 4 ] WARN  GameWorld            - Entity is already attached to world
10:51:07.754 [FXGL Background Thread 4 ] WARN  GameWorld            - Entity is already attached to world
10:51:07.755 [FXGL Background Thread 4 ] WARN  GameWorld            - Entity is already attached to world
10:51:07.755 [FXGL Background Thread 4 ] WARN  GameWorld            - Entity is already attached to world
10:51:07.755 [FXGL Background Thread 4 ] WARN  GameWorld            - Entity is already attached to world
10:51:07.756 [FXGL Background Thread 4 ] WARN  GameWorld            - Entity is already attached to world
10:51:07.756 [FXGL Background Thread 4 ] WARN  GameWorld            - Entity is already attached to world
10:51:07.757 [FXGL Background Thread 4 ] WARN  GameWorld            - Entity is already attached to world
10:51:07.764 [FXGL Background Thread 4 ] WARN  GameWorld            - Entity is already attached to world
10:51:07.765 [FXGL Background Thread 4 ] WARN  GameWorld            - Entity is already attached to world
10:51:07.766 [FXGL Background Thread 4 ] WARN  GameWorld            - Entity is already attached to world
10:51:07.766 [FXGL Background Thread 4 ] WARN  GameWorld            - Entity is already attached to world
10:51:07.767 [FXGL Background Thread 4 ] WARN  GameWorld            - Entity is already attached to world
10:51:07.771 [FXGL Background Thread 4 ] WARN  GameWorld            - Entity is already attached to world
10:51:07.771 [FXGL Background Thread 4 ] WARN  GameWorld            - Entity is already attached to world
10:51:07.772 [FXGL Background Thread 4 ] WARN  GameWorld            - Entity is already attached to world
10:51:07.773 [FXGL Background Thread 4 ] WARN  GameWorld            - Entity is already attached to world
10:51:07.775 [FXGL Background Thread 4 ] WARN  GameWorld            - Entity is already attached to world
10:51:07.776 [FXGL Background Thread 4 ] WARN  GameWorld            - Entity is already attached to world
10:51:07.776 [FXGL Background Thread 4 ] WARN  GameWorld            - Entity is already attached to world
10:51:07.777 [FXGL Background Thread 4 ] WARN  GameWorld            - Entity is already attached to world
10:51:07.778 [FXGL Background Thread 4 ] WARN  GameWorld            - Entity is already attached to world
10:51:07.778 [FXGL Background Thread 4 ] WARN  GameWorld            - Entity is already attached to world
10:51:07.779 [FXGL Background Thread 4 ] WARN  GameWorld            - Entity is already attached to world
10:51:07.779 [FXGL Background Thread 4 ] WARN  GameWorld            - Entity is already attached to world
10:51:07.780 [FXGL Background Thread 4 ] WARN  GameWorld            - Entity is already attached to world
10:51:07.780 [FXGL Background Thread 4 ] WARN  GameWorld            - Entity is already attached to world
10:51:07.781 [FXGL Background Thread 4 ] WARN  GameWorld            - Entity is already attached to world
10:51:07.781 [FXGL Background Thread 4 ] WARN  GameWorld            - Entity is already attached to world
10:51:07.781 [FXGL Background Thread 4 ] WARN  GameWorld            - Entity is already attached to world
10:51:07.783 [FXGL Background Thread 4 ] WARN  GameWorld            - Entity is already attached to world
10:51:07.783 [FXGL Background Thread 4 ] WARN  GameWorld            - Entity is already attached to world
10:51:07.784 [FXGL Background Thread 4 ] WARN  GameWorld            - Entity is already attached to world
10:51:07.785 [FXGL Background Thread 4 ] WARN  GameWorld            - Entity is already attached to world
10:51:07.785 [FXGL Background Thread 4 ] WARN  GameWorld            - Entity is already attached to world
10:51:07.786 [FXGL Background Thread 4 ] WARN  GameWorld            - Entity is already attached to world
10:51:07.786 [FXGL Background Thread 4 ] WARN  GameWorld            - Entity is already attached to world
10:51:07.786 [FXGL Background Thread 4 ] WARN  GameWorld            - Entity is already attached to world
10:51:07.787 [FXGL Background Thread 4 ] WARN  GameWorld            - Entity is already attached to world
10:51:07.787 [FXGL Background Thread 4 ] WARN  GameWorld            - Entity is already attached to world
10:51:07.788 [FXGL Background Thread 4 ] WARN  GameWorld            - Entity is already attached to world
10:51:07.788 [FXGL Background Thread 4 ] WARN  GameWorld            - Entity is already attached to world
10:51:07.789 [FXGL Background Thread 4 ] WARN  GameWorld            - Entity is already attached to world
10:51:07.789 [FXGL Background Thread 4 ] WARN  GameWorld            - Entity is already attached to world
10:51:07.790 [FXGL Background Thread 4 ] WARN  GameWorld            - Entity is already attached to world
10:51:07.790 [FXGL Background Thread 4 ] WARN  GameWorld            - Entity is already attached to world
10:51:07.791 [FXGL Background Thread 4 ] WARN  GameWorld            - Entity is already attached to world
10:51:07.791 [FXGL Background Thread 4 ] WARN  GameWorld            - Entity is already attached to world
10:51:07.792 [FXGL Background Thread 4 ] WARN  GameWorld            - Entity is already attached to world
10:51:07.793 [FXGL Background Thread 4 ] WARN  GameWorld            - Entity is already attached to world
10:51:07.793 [FXGL Background Thread 4 ] WARN  GameWorld            - Entity is already attached to world
10:51:07.795 [FXGL Background Thread 4 ] WARN  GameWorld            - Entity is already attached to world
10:51:07.795 [FXGL Background Thread 4 ] WARN  GameWorld            - Entity is already attached to world
10:51:07.796 [FXGL Background Thread 4 ] WARN  GameWorld            - Entity is already attached to world
10:51:07.796 [FXGL Background Thread 4 ] WARN  GameWorld            - Entity is already attached to world
10:51:07.797 [FXGL Background Thread 4 ] WARN  GameWorld            - Entity is already attached to world
10:51:07.797 [FXGL Background Thread 4 ] WARN  GameWorld            - Entity is already attached to world
10:51:07.798 [FXGL Background Thread 4 ] WARN  GameWorld            - Entity is already attached to world
10:51:07.798 [FXGL Background Thread 4 ] WARN  GameWorld            - Entity is already attached to world
10:51:07.799 [FXGL Background Thread 4 ] WARN  GameWorld            - Entity is already attached to world
10:51:07.799 [FXGL Background Thread 4 ] WARN  GameWorld            - Entity is already attached to world
10:51:07.800 [FXGL Background Thread 4 ] WARN  GameWorld            - Entity is already attached to world
10:51:07.800 [FXGL Background Thread 4 ] WARN  GameWorld            - Entity is already attached to world
10:51:07.801 [FXGL Background Thread 4 ] WARN  GameWorld            - Entity is already attached to world
10:51:07.801 [FXGL Background Thread 4 ] WARN  GameWorld            - Entity is already attached to world
10:51:07.802 [FXGL Background Thread 4 ] WARN  GameWorld            - Entity is already attached to world
10:51:07.802 [FXGL Background Thread 4 ] WARN  GameWorld            - Entity is already attached to world
10:51:07.803 [FXGL Background Thread 4 ] WARN  GameWorld            - Entity is already attached to world
10:51:07.803 [FXGL Background Thread 4 ] WARN  GameWorld            - Entity is already attached to world
10:51:07.804 [FXGL Background Thread 4 ] WARN  GameWorld            - Entity is already attached to world
10:51:07.804 [FXGL Background Thread 4 ] WARN  GameWorld            - Entity is already attached to world
10:51:07.805 [FXGL Background Thread 4 ] WARN  GameWorld            - Entity is already attached to world
10:51:07.805 [FXGL Background Thread 4 ] WARN  GameWorld            - Entity is already attached to world
10:51:07.806 [FXGL Background Thread 4 ] WARN  GameWorld            - Entity is already attached to world
10:51:07.807 [FXGL Background Thread 4 ] WARN  GameWorld            - Entity is already attached to world
10:51:07.808 [FXGL Background Thread 4 ] WARN  GameWorld            - Entity is already attached to world
10:51:07.808 [FXGL Background Thread 4 ] WARN  GameWorld            - Entity is already attached to world
10:51:07.809 [FXGL Background Thread 4 ] WARN  GameWorld            - Entity is already attached to world
10:51:07.809 [FXGL Background Thread 4 ] WARN  GameWorld            - Entity is already attached to world
10:51:07.810 [FXGL Background Thread 4 ] WARN  GameWorld            - Entity is already attached to world
10:51:07.810 [FXGL Background Thread 4 ] WARN  GameWorld            - Entity is already attached to world
10:51:07.811 [FXGL Background Thread 4 ] WARN  GameWorld            - Entity is already attached to world
10:51:07.811 [FXGL Background Thread 4 ] WARN  GameWorld            - Entity is already attached to world
10:51:07.812 [FXGL Background Thread 4 ] WARN  GameWorld            - Entity is already attached to world
10:51:07.813 [FXGL Background Thread 4 ] WARN  GameWorld            - Entity is already attached to world
10:51:07.813 [FXGL Background Thread 4 ] WARN  GameWorld            - Entity is already attached to world
10:51:07.814 [FXGL Background Thread 4 ] WARN  GameWorld            - Entity is already attached to world
10:51:07.814 [FXGL Background Thread 4 ] WARN  GameWorld            - Entity is already attached to world
10:51:07.815 [FXGL Background Thread 4 ] WARN  GameWorld            - Entity is already attached to world
10:51:07.816 [FXGL Background Thread 4 ] INFO  FXGLApplication      - Game initialization took: 0.119 sec
10:51:07.829 [JavaFX Application Thread] DEBUG Input                - Clearing active input actions
10:51:07.850 [JavaFX Application Thread] DEBUG GameApplicationServi - Removing overlay from FXGLLoadingScene and adding to GameScene
10:51:07.850 [JavaFX Application Thread] DEBUG PrimaryStageWindow   - FXGLLoadingScene -> GameScene
10:51:10.473 [FXGL Background Thread 3 ] DEBUG Engine               - Logging environment variables
10:51:10.473 [FXGL Background Thread 3 ] DEBUG Engine               - achievements: []
10:51:10.473 [FXGL Background Thread 3 ] DEBUG Engine               - actualHeight: 400.0
10:51:10.473 [FXGL Background Thread 3 ] DEBUG Engine               - actualHeightProperty: ReadOnlyDoubleProperty [value: 400.0]
10:51:10.473 [FXGL Background Thread 3 ] DEBUG Engine               - actualWidth: 400.0
10:51:10.474 [FXGL Background Thread 3 ] DEBUG Engine               - actualWidthProperty: ReadOnlyDoubleProperty [value: 400.0]
10:51:10.474 [FXGL Background Thread 3 ] DEBUG Engine               - appIcon: fxgl_icon.png
10:51:10.474 [FXGL Background Thread 3 ] DEBUG Engine               - applicationMode: DEVELOPER
10:51:10.474 [FXGL Background Thread 3 ] DEBUG Engine               - cSSList: [fxgl_dark.css]
10:51:10.474 [FXGL Background Thread 3 ] DEBUG Engine               - collisionDetectionStrategy: BRUTE_FORCE
10:51:10.474 [FXGL Background Thread 3 ] DEBUG Engine               - configClass: Optional.empty
10:51:10.474 [FXGL Background Thread 3 ] DEBUG Engine               - credits: []
10:51:10.474 [FXGL Background Thread 3 ] DEBUG Engine               - defaultCursor: CursorInfo(imageName=fxgl_default_cursor.png, hotspotX=7.0, hotspotY=6.0)
10:51:10.474 [FXGL Background Thread 3 ] DEBUG Engine               - devBBoxColorProperty: ObjectProperty [value: 0xff0000ff]
10:51:10.474 [FXGL Background Thread 3 ] DEBUG Engine               - devEnableDebugCameraProperty: BooleanProperty [value: false]
10:51:10.475 [FXGL Background Thread 3 ] DEBUG Engine               - devSensorColorProperty: ObjectProperty [value: 0xffff00ff]
10:51:10.475 [FXGL Background Thread 3 ] DEBUG Engine               - devShowBBoxProperty: BooleanProperty [value: false]
10:51:10.475 [FXGL Background Thread 3 ] DEBUG Engine               - devShowPositionProperty: BooleanProperty [value: false]
10:51:10.475 [FXGL Background Thread 3 ] DEBUG Engine               - enabledMenuItems: []
10:51:10.475 [FXGL Background Thread 3 ] DEBUG Engine               - engineServices: [class com.almasb.fxgl.app.services.FXGLAssetLoaderService, class com.almasb.fxgl.app.FXGLApplication$GameApplicationService, class com.almasb.fxgl.app.services.FXGLDialogService, class com.almasb.fxgl.app.services.IOTaskExecutorService, class com.almasb.fxgl.io.FileSystemService, class com.almasb.fxgl.localization.LocalizationService, class com.almasb.fxgl.app.services.SystemBundleService, class com.almasb.fxgl.profile.SaveLoadService, class com.almasb.fxgl.ui.FXGLUIFactoryServiceProvider, class com.almasb.fxgl.ui.FXGLDialogFactoryServiceProvider, class com.almasb.fxgl.audio.AudioPlayer, class com.almasb.fxgl.notification.impl.NotificationServiceProvider, class com.almasb.fxgl.achievement.AchievementService, class com.almasb.fxgl.cutscene.CutsceneService, class com.almasb.fxgl.minigames.MiniGameService, class com.almasb.fxgl.net.NetService, class com.almasb.fxgl.app.services.UpdaterService, class com.almasb.fxgl.dev.DevService]
10:51:10.475 [FXGL Background Thread 3 ] DEBUG Engine               - fontGame: Abel-Regular.ttf
10:51:10.475 [FXGL Background Thread 3 ] DEBUG Engine               - fontMono: TerminalLandMono-Regular.otf
10:51:10.475 [FXGL Background Thread 3 ] DEBUG Engine               - fontSizeScaleUI: 1.0
10:51:10.475 [FXGL Background Thread 3 ] DEBUG Engine               - fontText: Courier-Prime.ttf
10:51:10.475 [FXGL Background Thread 3 ] DEBUG Engine               - fontUI: VarelaRound-Regular.ttf
10:51:10.475 [FXGL Background Thread 3 ] DEBUG Engine               - fullScreen: BooleanProperty [value: false]
10:51:10.475 [FXGL Background Thread 3 ] DEBUG Engine               - gameDifficulty: MEDIUM
10:51:10.475 [FXGL Background Thread 3 ] DEBUG Engine               - gameDifficultyProperty: ObjectProperty [value: MEDIUM]
10:51:10.475 [FXGL Background Thread 3 ] DEBUG Engine               - globalMusicVolume: 0.5
10:51:10.475 [FXGL Background Thread 3 ] DEBUG Engine               - globalMusicVolumeProperty: DoubleProperty [value: 0.5]
10:51:10.475 [FXGL Background Thread 3 ] DEBUG Engine               - globalSoundVolume: 0.5
10:51:10.476 [FXGL Background Thread 3 ] DEBUG Engine               - globalSoundVolumeProperty: DoubleProperty [value: 0.5]
10:51:10.476 [FXGL Background Thread 3 ] DEBUG Engine               - height: 400
10:51:10.476 [FXGL Background Thread 3 ] DEBUG Engine               - is3D: false
10:51:10.476 [FXGL Background Thread 3 ] DEBUG Engine               - isAndroid: false
10:51:10.476 [FXGL Background Thread 3 ] DEBUG Engine               - isBrowser: false
10:51:10.476 [FXGL Background Thread 3 ] DEBUG Engine               - isClickFeedbackEnabled: false
10:51:10.476 [FXGL Background Thread 3 ] DEBUG Engine               - isCloseConfirmation: false
10:51:10.476 [FXGL Background Thread 3 ] DEBUG Engine               - isDesktop: true
10:51:10.476 [FXGL Background Thread 3 ] DEBUG Engine               - isDeveloperMenuEnabled: false
10:51:10.476 [FXGL Background Thread 3 ] DEBUG Engine               - isEmbedded: false
10:51:10.476 [FXGL Background Thread 3 ] DEBUG Engine               - isEntityPreloadEnabled: true
10:51:10.476 [FXGL Background Thread 3 ] DEBUG Engine               - isExperimentalTiledLargeMap: false
10:51:10.476 [FXGL Background Thread 3 ] DEBUG Engine               - isFileSystemWriteAllowed: true
10:51:10.476 [FXGL Background Thread 3 ] DEBUG Engine               - isFullScreenAllowed: false
10:51:10.476 [FXGL Background Thread 3 ] DEBUG Engine               - isFullScreenFromStart: false
10:51:10.476 [FXGL Background Thread 3 ] DEBUG Engine               - isGameMenuEnabled: true
10:51:10.476 [FXGL Background Thread 3 ] DEBUG Engine               - isIOS: false
10:51:10.476 [FXGL Background Thread 3 ] DEBUG Engine               - isIntroEnabled: false
10:51:10.476 [FXGL Background Thread 3 ] DEBUG Engine               - isLinux: false
10:51:10.477 [FXGL Background Thread 3 ] DEBUG Engine               - isMac: false
10:51:10.477 [FXGL Background Thread 3 ] DEBUG Engine               - isMainMenuEnabled: false
10:51:10.477 [FXGL Background Thread 3 ] DEBUG Engine               - isManualResizeEnabled: false
10:51:10.477 [FXGL Background Thread 3 ] DEBUG Engine               - isMobile: false
10:51:10.477 [FXGL Background Thread 3 ] DEBUG Engine               - isNative: false
10:51:10.477 [FXGL Background Thread 3 ] DEBUG Engine               - isPauseMusicWhenMinimized: true
10:51:10.477 [FXGL Background Thread 3 ] DEBUG Engine               - isPreserveResizeRatio: false
10:51:10.477 [FXGL Background Thread 3 ] DEBUG Engine               - isProfilingEnabled: false
10:51:10.477 [FXGL Background Thread 3 ] DEBUG Engine               - isScaleAffectedOnResize: true
10:51:10.477 [FXGL Background Thread 3 ] DEBUG Engine               - isSingleStep: false
10:51:10.477 [FXGL Background Thread 3 ] DEBUG Engine               - isUserProfileEnabled: false
10:51:10.477 [FXGL Background Thread 3 ] DEBUG Engine               - isWindows: true
10:51:10.477 [FXGL Background Thread 3 ] DEBUG Engine               - language: ObjectProperty [value: ENGLISH]
10:51:10.477 [FXGL Background Thread 3 ] DEBUG Engine               - menuKey: ESCAPE
10:51:10.477 [FXGL Background Thread 3 ] DEBUG Engine               - mouseSensitivity: 0.2
10:51:10.477 [FXGL Background Thread 3 ] DEBUG Engine               - notificationViewClass: class com.almasb.fxgl.notification.view.XboxNotificationView
10:51:10.477 [FXGL Background Thread 3 ] DEBUG Engine               - pixelsPerMeter: 50.0
10:51:10.477 [FXGL Background Thread 3 ] DEBUG Engine               - platform: WINDOWS
10:51:10.478 [FXGL Background Thread 3 ] DEBUG Engine               - prefHeightProperty: ReadOnlyDoubleProperty [value: 400.0]
10:51:10.478 [FXGL Background Thread 3 ] DEBUG Engine               - prefWidthProperty: ReadOnlyDoubleProperty [value: 400.0]
10:51:10.478 [FXGL Background Thread 3 ] DEBUG Engine               - profileDir: profiles/
10:51:10.478 [FXGL Background Thread 3 ] DEBUG Engine               - profileName: StringProperty [value: DEFAULT]
10:51:10.478 [FXGL Background Thread 3 ] DEBUG Engine               - randomSeed: -1
10:51:10.478 [FXGL Background Thread 3 ] DEBUG Engine               - runtimeInfo: RuntimeInfo(platform=WINDOWS, version=21.1, build=27.03.2024 07.52)
10:51:10.478 [FXGL Background Thread 3 ] DEBUG Engine               - saveFileExt: sav
10:51:10.478 [FXGL Background Thread 3 ] DEBUG Engine               - scaledHeightProp$fxgl: DoubleProperty [bound, value: 400.0]
10:51:10.478 [FXGL Background Thread 3 ] DEBUG Engine               - scaledWidthProp$fxgl: DoubleProperty [bound, value: 400.0]
10:51:10.478 [FXGL Background Thread 3 ] DEBUG Engine               - sceneFactory: com.almasb.fxgl.app.scene.SceneFactory@1d98fea6
10:51:10.478 [FXGL Background Thread 3 ] DEBUG Engine               - secondsIn24h: 60
10:51:10.478 [FXGL Background Thread 3 ] DEBUG Engine               - soundMenuBack: menu/back.wav
10:51:10.478 [FXGL Background Thread 3 ] DEBUG Engine               - soundMenuPress: menu/press.wav
10:51:10.478 [FXGL Background Thread 3 ] DEBUG Engine               - soundMenuSelect: menu/select.wav
10:51:10.479 [FXGL Background Thread 3 ] DEBUG Engine               - soundNotification: core/notification.wav
10:51:10.479 [FXGL Background Thread 3 ] DEBUG Engine               - stageStyle: DECORATED
10:51:10.479 [FXGL Background Thread 3 ] DEBUG Engine               - supportedLanguages: [ENGLISH, FRENCH, GERMAN, HUNGARIAN, RUSSIAN]
10:51:10.479 [FXGL Background Thread 3 ] DEBUG Engine               - ticksPerSecond: -1
10:51:10.479 [FXGL Background Thread 3 ] DEBUG Engine               - title: Tile Game
10:51:10.479 [FXGL Background Thread 3 ] DEBUG Engine               - urlGithub: https://github.com/AlmasB/FXGL
10:51:10.479 [FXGL Background Thread 3 ] DEBUG Engine               - urlLeaderboard: http://fxgl-top.herokuapp.com/
10:51:10.479 [FXGL Background Thread 3 ] DEBUG Engine               - urlPOM: https://raw.githubusercontent.com/AlmasB/FXGL/release/README.md
10:51:10.479 [FXGL Background Thread 3 ] DEBUG Engine               - userAppClass: class roadbuilder.app.Main
10:51:10.479 [FXGL Background Thread 3 ] DEBUG Engine               - version: 1.0
10:51:10.479 [FXGL Background Thread 3 ] DEBUG Engine               - versionCheckDays: 7
10:51:10.479 [FXGL Background Thread 3 ] DEBUG Engine               - width: 400
10:51:10.479 [FXGL Background Thread 3 ] DEBUG Engine               - Logging services
10:51:10.479 [FXGL Background Thread 3 ] DEBUG Engine               - class com.almasb.fxgl.app.services.FXGLAssetLoaderService
10:51:10.479 [FXGL Background Thread 3 ] DEBUG Engine               - class com.almasb.fxgl.app.FXGLApplication$GameApplicationService
10:51:10.479 [FXGL Background Thread 3 ] DEBUG Engine               - class com.almasb.fxgl.app.services.FXGLDialogService
10:51:10.479 [FXGL Background Thread 3 ] DEBUG Engine               - class com.almasb.fxgl.app.services.IOTaskExecutorService
10:51:10.479 [FXGL Background Thread 3 ] DEBUG Engine               - class com.almasb.fxgl.io.FileSystemService
10:51:10.479 [FXGL Background Thread 3 ] DEBUG Engine               - class com.almasb.fxgl.localization.LocalizationService
10:51:10.479 [FXGL Background Thread 3 ] DEBUG Engine               - class com.almasb.fxgl.app.services.SystemBundleService
10:51:10.479 [FXGL Background Thread 3 ] DEBUG Engine               - class com.almasb.fxgl.profile.SaveLoadService
10:51:10.480 [FXGL Background Thread 3 ] DEBUG Engine               - class com.almasb.fxgl.ui.FXGLUIFactoryServiceProvider
10:51:10.480 [FXGL Background Thread 3 ] DEBUG Engine               - class com.almasb.fxgl.ui.FXGLDialogFactoryServiceProvider
10:51:10.480 [FXGL Background Thread 3 ] DEBUG Engine               - class com.almasb.fxgl.audio.AudioPlayer
10:51:10.480 [FXGL Background Thread 3 ] DEBUG Engine               - class com.almasb.fxgl.notification.impl.NotificationServiceProvider
10:51:10.480 [FXGL Background Thread 3 ] DEBUG Engine               - class com.almasb.fxgl.achievement.AchievementService
10:51:10.480 [FXGL Background Thread 3 ] DEBUG Engine               - class com.almasb.fxgl.cutscene.CutsceneService
10:51:10.480 [FXGL Background Thread 3 ] DEBUG Engine               - class com.almasb.fxgl.minigames.MiniGameService
10:51:10.480 [FXGL Background Thread 3 ] DEBUG Engine               - class com.almasb.fxgl.net.NetService
10:51:10.480 [FXGL Background Thread 3 ] DEBUG Engine               - class com.almasb.fxgl.app.services.UpdaterService
10:51:10.480 [FXGL Background Thread 3 ] DEBUG Engine               - class com.almasb.fxgl.dev.DevService
10:51:36.570 [JavaFX Application Thread] DEBUG FXGLApplication      - Exiting FXGL
10:51:36.570 [JavaFX Application Thread] DEBUG LoopRunner           - Stopping loop
10:51:36.570 [JavaFX Application Thread] DEBUG SystemBundleService  - Saving FXGL system data
10:51:36.573 [JavaFX Application Thread] DEBUG FileSystemAccess     - Writing to: C:\Users\petro\Desktop\thesis mentés\utepites_fxgl_2\system\fxgl.bundle
10:51:36.575 [JavaFX Application Thread] DEBUG Async                - Shutting down background threads
10:51:36.575 [JavaFX Application Thread] DEBUG PrimaryStageWindow   - Closing main window
10:51:36.593 [JavaFX Application Thread] DEBUG Logger               - Closing Logger
