15:20:09.827 [main                     ] DEBUG Logger               - Configured Logger
15:20:09.870 [main                     ] DEBUG GameApplication      - Logging settings
Title: Game Menu
Version: 0.0
Width: 800
Height: 600
Fullscreen: false
Intro: false
Profiling: false
Single step:false
App Mode: DEVELOPER
Menu Key: ESCAPE
Stage Style: DECORATED
Scene Factory: class com.almasb.fxgl.app.scene.SceneFactory

15:20:10.734 [JavaFX Application Thread] DEBUG FXGLApplication      - Initializing FXGL
15:20:10.738 [JavaFX Application Thread] INFO  Engine               - FXGL-21.1 (27.03.2024 07.52) on WINDOWS (J:21.0.2 FX:21.0.1)
15:20:10.738 [JavaFX Application Thread] DEBUG Engine               - JRE Vendor Name: Oracle Corporation
15:20:10.739 [JavaFX Application Thread] DEBUG Engine               - Running on OS: Windows 11 version 10.0
15:20:10.739 [JavaFX Application Thread] DEBUG Engine               - Architecture: amd64
15:20:10.739 [JavaFX Application Thread] INFO  Engine               - Source code and latest versions at: https://github.com/AlmasB/FXGL
15:20:10.739 [JavaFX Application Thread] INFO  Engine               -       Ask questions and discuss at: https://github.com/AlmasB/FXGL/discussions
15:20:10.739 [JavaFX Application Thread] INFO  Engine               -              Join the FXGL chat at: https://gitter.im/AlmasB/FXGL
15:20:10.898 [JavaFX Application Thread] DEBUG PrimaryStageWindow   - Creating a JavaFX scene
15:20:10.967 [JavaFX Application Thread] DEBUG PrimaryStageWindow   - Target settings size: 800.0 x 600.0
15:20:10.967 [JavaFX Application Thread] DEBUG PrimaryStageWindow   - Scaled scene size:    800.0 x 600.0
15:20:10.967 [JavaFX Application Thread] DEBUG PrimaryStageWindow   - Scaled ratio: (1.0, 1.0)
15:20:10.969 [JavaFX Application Thread] DEBUG PrimaryStageWindow   - Set initial scene to FXGLStartupScene
15:20:10.973 [JavaFX Application Thread] DEBUG PrimaryStageWindow   - Opening main window
15:20:11.096 [JavaFX Application Thread] DEBUG PrimaryStageWindow   - Window border size: (14.4000244140625, 37.5999755859375)
15:20:11.096 [JavaFX Application Thread] DEBUG PrimaryStageWindow   - Scaled size: 800.0 x 600.0
15:20:11.096 [JavaFX Application Thread] DEBUG PrimaryStageWindow   - Scaled ratio: (1.0, 1.0)
15:20:11.097 [JavaFX Application Thread] DEBUG PrimaryStageWindow   - Scene size: 800.0 x 600.0
15:20:11.097 [JavaFX Application Thread] DEBUG PrimaryStageWindow   - Stage size: 814.4000244140625 x 637.5999755859375
15:20:11.107 [FXGL Background Thread 1 ] DEBUG Engine               - Initializing environment variables
15:20:11.175 [FXGL Background Thread 1 ] DEBUG FXGLAssetLoaderServi - User app class for loading assets: class roadbuilder.MainMenu
15:20:11.175 [FXGL Background Thread 1 ] DEBUG GameApplicationServi - Applying CSS: fxgl_dark.css
15:20:11.176 [FXGL Background Thread 1 ] DEBUG FXGLAssetLoaderServi - Loading from file system: jar:file:/C:/Users/petro/.m2/repository/com/github/almasb/fxgl/21.1/fxgl-21.1.jar!/fxglassets/ui/css/fxgl_dark.css
15:20:11.235 [FXGL Background Thread 1 ] DEBUG GameApplicationServi - Initializing application scenes
15:20:11.316 [FXGL Background Thread 1 ] DEBUG GameWorld            - Game world initialized
15:20:11.454 [FXGL Background Thread 1 ] DEBUG PhysicsWorld         - Physics world initialized: appHeight=600, physics.ppm=50.0
15:20:11.454 [FXGL Background Thread 1 ] DEBUG PhysicsWorld         - Using strategy: BRUTE_FORCE
15:20:11.461 [FXGL Background Thread 1 ] DEBUG GameScene            - Game scene initialized: 800x600
15:20:11.480 [FXGL Background Thread 1 ] DEBUG FXGL.DefaultMenu     - createMenuBodyGameMenu()
15:20:11.503 [FXGL Background Thread 1 ] DEBUG FXGL.DefaultMenu     - createOptionsMenu()
15:20:11.518 [FXGL Background Thread 1 ] DEBUG FXGLAssetLoaderServi - Loading from file system: jar:file:/C:/Users/petro/.m2/repository/com/github/almasb/fxgl/21.1/fxgl-21.1.jar!/fxglassets/textures/particles/smoke.png
15:20:11.703 [FXGL Background Thread 1 ] DEBUG FXGLAssetLoaderServi - Loading from file system: jar:file:/C:/Users/petro/.m2/repository/com/github/almasb/fxgl/21.1/fxgl-21.1.jar!/fxglassets/textures/particles/trace_horizontal.png
15:20:11.753 [FXGL Background Thread 1 ] DEBUG GameApplicationServi - Application scenes initialized
15:20:11.775 [FXGL Background Thread 1 ] DEBUG SystemBundleService  - Loading FXGL system data
15:20:11.781 [FXGL Background Thread 1 ] DEBUG FileSystemAccess     - Reading from: C:\Users\petro\Desktop\szakdoga\thesis\system\fxgl.bundle
15:20:11.794 [FXGL Background Thread 1 ] DEBUG SystemBundleService  - Bundle FXGL: {}
15:20:11.794 [FXGL Background Thread 1 ] DEBUG UpdaterService       - Checking for updates
15:20:11.799 [FXGL Background Thread 4 ] DEBUG FXGLApplication      - Loading fonts
15:20:11.800 [FXGL Background Thread 4 ] DEBUG FXGLAssetLoaderServi - Loading from file system: jar:file:/C:/Users/petro/.m2/repository/com/github/almasb/fxgl/21.1/fxgl-21.1.jar!/fxglassets/ui/fonts/VarelaRound-Regular.ttf
15:20:11.800 [FXGL Background Thread 1 ] DEBUG FXGLApplication      - Loading default localization
15:20:11.801 [FXGL Background Thread 1 ] DEBUG FXGLAssetLoaderServi - Loading from file system: jar:file:/C:/Users/petro/.m2/repository/com/github/almasb/fxgl/21.1/fxgl-21.1.jar!/fxglassets/languages/english.lang
15:20:11.862 [FXGL Background Thread 4 ] DEBUG FXGLAssetLoaderServi - Loading from file system: jar:file:/C:/Users/petro/.m2/repository/com/github/almasb/fxgl/21.1/fxgl-21.1.jar!/fxglassets/ui/fonts/Abel-Regular.ttf
15:20:11.874 [FXGL Background Thread 1 ] INFO  FXGLApplication      - FXGL initialization took: 0.766 sec
15:20:11.875 [JavaFX Application Thread] DEBUG FXGLAssetLoaderServi - Loading from file system: jar:file:/C:/Users/petro/.m2/repository/com/github/almasb/fxgl/21.1/fxgl-21.1.jar!/fxglassets/textures/fxgl_icon.png
15:20:11.876 [FXGL Background Thread 4 ] DEBUG FXGLAssetLoaderServi - Loading from file system: jar:file:/C:/Users/petro/.m2/repository/com/github/almasb/fxgl/21.1/fxgl-21.1.jar!/fxglassets/ui/fonts/TerminalLandMono-Regular.otf
15:20:11.889 [FXGL Background Thread 4 ] DEBUG FXGLAssetLoaderServi - Loading from file system: jar:file:/C:/Users/petro/.m2/repository/com/github/almasb/fxgl/21.1/fxgl-21.1.jar!/fxglassets/ui/fonts/Courier-Prime.ttf
15:20:11.908 [JavaFX Application Thread] DEBUG FXGLAssetLoaderServi - Loading from file system: jar:file:/C:/Users/petro/.m2/repository/com/github/almasb/fxgl/21.1/fxgl-21.1.jar!/fxglassets/textures/fxgl_default_cursor.png
15:20:11.948 [JavaFX Application Thread] DEBUG Input                - Registered new binding: Screenshot - CTRL+8
15:20:11.950 [JavaFX Application Thread] DEBUG Input                - Registered new binding: System info dump - CTRL+9
15:20:11.951 [JavaFX Application Thread] DEBUG Input                - Registered new binding: Restart - CTRL+R
15:20:11.954 [JavaFX Application Thread] DEBUG Input                - Registered new binding: Toggle Debug Camera - CTRL+7
15:20:11.961 [JavaFX Application Thread] DEBUG LoopRunner           - Starting loop
15:20:11.961 [JavaFX Application Thread] DEBUG LoopRunner           - Initializing JavaFX AnimationTimerLoop
15:20:11.963 [JavaFX Application Thread] DEBUG GameApplicationServi - Starting new game
15:20:11.964 [JavaFX Application Thread] DEBUG Input                - Clearing active input actions
15:20:11.992 [JavaFX Application Thread] DEBUG GameApplicationServi - Removing overlay from FXGLStartupScene and adding to FXGLLoadingScene
15:20:11.992 [JavaFX Application Thread] DEBUG PrimaryStageWindow   - FXGLStartupScene -> FXGLLoadingScene
15:20:11.992 [JavaFX Application Thread] DEBUG GameApplicationServi - Clearing previous game
15:20:11.992 [JavaFX Application Thread] DEBUG GameScene            - Clearing game scene
15:20:11.992 [JavaFX Application Thread] DEBUG GameWorld            - Clearing game world
15:20:11.992 [JavaFX Application Thread] DEBUG PhysicsWorld         - Clearing physics world
15:20:11.998 [FXGL Background Thread 4 ] DEBUG FXGLApplication      - Initializing game
15:20:12.002 [JavaFX Application Thread] DEBUG FXGLApplication      - Registering font factories with UI factory
15:20:12.289 [FXGL Background Thread 4 ] INFO  FXGLApplication      - Game initialization took: 0.291 sec
15:20:12.296 [JavaFX Application Thread] DEBUG Input                - Clearing active input actions
15:20:12.310 [JavaFX Application Thread] DEBUG GameApplicationServi - Removing overlay from FXGLLoadingScene and adding to GameScene
15:20:12.310 [JavaFX Application Thread] DEBUG PrimaryStageWindow   - FXGLLoadingScene -> GameScene
15:20:14.798 [FXGL Background Thread 3 ] DEBUG Engine               - Logging environment variables
15:20:14.798 [FXGL Background Thread 3 ] DEBUG Engine               - achievements: []
15:20:14.799 [FXGL Background Thread 3 ] DEBUG Engine               - actualHeight: 600.0
15:20:14.799 [FXGL Background Thread 3 ] DEBUG Engine               - actualHeightProperty: ReadOnlyDoubleProperty [value: 600.0]
15:20:14.799 [FXGL Background Thread 3 ] DEBUG Engine               - actualWidth: 800.0
15:20:14.799 [FXGL Background Thread 3 ] DEBUG Engine               - actualWidthProperty: ReadOnlyDoubleProperty [value: 800.0]
15:20:14.799 [FXGL Background Thread 3 ] DEBUG Engine               - appIcon: fxgl_icon.png
15:20:14.799 [FXGL Background Thread 3 ] DEBUG Engine               - applicationMode: DEVELOPER
15:20:14.799 [FXGL Background Thread 3 ] DEBUG Engine               - cSSList: [fxgl_dark.css]
15:20:14.799 [FXGL Background Thread 3 ] DEBUG Engine               - collisionDetectionStrategy: BRUTE_FORCE
15:20:14.799 [FXGL Background Thread 3 ] DEBUG Engine               - configClass: Optional.empty
15:20:14.799 [FXGL Background Thread 3 ] DEBUG Engine               - credits: []
15:20:14.799 [FXGL Background Thread 3 ] DEBUG Engine               - defaultCursor: CursorInfo(imageName=fxgl_default_cursor.png, hotspotX=7.0, hotspotY=6.0)
15:20:14.800 [FXGL Background Thread 3 ] DEBUG Engine               - devBBoxColorProperty: ObjectProperty [value: 0xff0000ff]
15:20:14.801 [FXGL Background Thread 3 ] DEBUG Engine               - devEnableDebugCameraProperty: BooleanProperty [value: false]
15:20:14.801 [FXGL Background Thread 3 ] DEBUG Engine               - devSensorColorProperty: ObjectProperty [value: 0xffff00ff]
15:20:14.801 [FXGL Background Thread 3 ] DEBUG Engine               - devShowBBoxProperty: BooleanProperty [value: false]
15:20:14.801 [FXGL Background Thread 3 ] DEBUG Engine               - devShowPositionProperty: BooleanProperty [value: false]
15:20:14.801 [FXGL Background Thread 3 ] DEBUG Engine               - enabledMenuItems: []
15:20:14.801 [FXGL Background Thread 3 ] DEBUG Engine               - engineServices: [class com.almasb.fxgl.app.services.FXGLAssetLoaderService, class com.almasb.fxgl.app.FXGLApplication$GameApplicationService, class com.almasb.fxgl.app.services.FXGLDialogService, class com.almasb.fxgl.app.services.IOTaskExecutorService, class com.almasb.fxgl.io.FileSystemService, class com.almasb.fxgl.localization.LocalizationService, class com.almasb.fxgl.app.services.SystemBundleService, class com.almasb.fxgl.profile.SaveLoadService, class com.almasb.fxgl.ui.FXGLUIFactoryServiceProvider, class com.almasb.fxgl.ui.FXGLDialogFactoryServiceProvider, class com.almasb.fxgl.audio.AudioPlayer, class com.almasb.fxgl.notification.impl.NotificationServiceProvider, class com.almasb.fxgl.achievement.AchievementService, class com.almasb.fxgl.cutscene.CutsceneService, class com.almasb.fxgl.minigames.MiniGameService, class com.almasb.fxgl.net.NetService, class com.almasb.fxgl.app.services.UpdaterService, class com.almasb.fxgl.dev.DevService]
15:20:14.801 [FXGL Background Thread 3 ] DEBUG Engine               - fontGame: Abel-Regular.ttf
15:20:14.801 [FXGL Background Thread 3 ] DEBUG Engine               - fontMono: TerminalLandMono-Regular.otf
15:20:14.801 [FXGL Background Thread 3 ] DEBUG Engine               - fontSizeScaleUI: 1.0
15:20:14.801 [FXGL Background Thread 3 ] DEBUG Engine               - fontText: Courier-Prime.ttf
15:20:14.801 [FXGL Background Thread 3 ] DEBUG Engine               - fontUI: VarelaRound-Regular.ttf
15:20:14.801 [FXGL Background Thread 3 ] DEBUG Engine               - fullScreen: BooleanProperty [value: false]
15:20:14.801 [FXGL Background Thread 3 ] DEBUG Engine               - gameDifficulty: MEDIUM
15:20:14.802 [FXGL Background Thread 3 ] DEBUG Engine               - gameDifficultyProperty: ObjectProperty [value: MEDIUM]
15:20:14.802 [FXGL Background Thread 3 ] DEBUG Engine               - globalMusicVolume: 0.5
15:20:14.802 [FXGL Background Thread 3 ] DEBUG Engine               - globalMusicVolumeProperty: DoubleProperty [value: 0.5]
15:20:14.802 [FXGL Background Thread 3 ] DEBUG Engine               - globalSoundVolume: 0.5
15:20:14.802 [FXGL Background Thread 3 ] DEBUG Engine               - globalSoundVolumeProperty: DoubleProperty [value: 0.5]
15:20:14.802 [FXGL Background Thread 3 ] DEBUG Engine               - height: 600
15:20:14.802 [FXGL Background Thread 3 ] DEBUG Engine               - is3D: false
15:20:14.802 [FXGL Background Thread 3 ] DEBUG Engine               - isAndroid: false
15:20:14.802 [FXGL Background Thread 3 ] DEBUG Engine               - isBrowser: false
15:20:14.802 [FXGL Background Thread 3 ] DEBUG Engine               - isClickFeedbackEnabled: false
15:20:14.802 [FXGL Background Thread 3 ] DEBUG Engine               - isCloseConfirmation: false
15:20:14.802 [FXGL Background Thread 3 ] DEBUG Engine               - isDesktop: true
15:20:14.802 [FXGL Background Thread 3 ] DEBUG Engine               - isDeveloperMenuEnabled: false
15:20:14.802 [FXGL Background Thread 3 ] DEBUG Engine               - isEmbedded: false
15:20:14.802 [FXGL Background Thread 3 ] DEBUG Engine               - isEntityPreloadEnabled: true
15:20:14.802 [FXGL Background Thread 3 ] DEBUG Engine               - isExperimentalTiledLargeMap: false
15:20:14.802 [FXGL Background Thread 3 ] DEBUG Engine               - isFileSystemWriteAllowed: true
15:20:14.802 [FXGL Background Thread 3 ] DEBUG Engine               - isFullScreenAllowed: false
15:20:14.802 [FXGL Background Thread 3 ] DEBUG Engine               - isFullScreenFromStart: false
15:20:14.803 [FXGL Background Thread 3 ] DEBUG Engine               - isGameMenuEnabled: true
15:20:14.803 [FXGL Background Thread 3 ] DEBUG Engine               - isIOS: false
15:20:14.803 [FXGL Background Thread 3 ] DEBUG Engine               - isIntroEnabled: false
15:20:14.803 [FXGL Background Thread 3 ] DEBUG Engine               - isLinux: false
15:20:14.803 [FXGL Background Thread 3 ] DEBUG Engine               - isMac: false
15:20:14.803 [FXGL Background Thread 3 ] DEBUG Engine               - isMainMenuEnabled: false
15:20:14.803 [FXGL Background Thread 3 ] DEBUG Engine               - isManualResizeEnabled: false
15:20:14.803 [FXGL Background Thread 3 ] DEBUG Engine               - isMobile: false
15:20:14.803 [FXGL Background Thread 3 ] DEBUG Engine               - isNative: false
15:20:14.803 [FXGL Background Thread 3 ] DEBUG Engine               - isPauseMusicWhenMinimized: true
15:20:14.803 [FXGL Background Thread 3 ] DEBUG Engine               - isPreserveResizeRatio: false
15:20:14.803 [FXGL Background Thread 3 ] DEBUG Engine               - isProfilingEnabled: false
15:20:14.803 [FXGL Background Thread 3 ] DEBUG Engine               - isScaleAffectedOnResize: true
15:20:14.803 [FXGL Background Thread 3 ] DEBUG Engine               - isSingleStep: false
15:20:14.804 [FXGL Background Thread 3 ] DEBUG Engine               - isUserProfileEnabled: false
15:20:14.804 [FXGL Background Thread 3 ] DEBUG Engine               - isWindows: true
15:20:14.804 [FXGL Background Thread 3 ] DEBUG Engine               - language: ObjectProperty [value: ENGLISH]
15:20:14.804 [FXGL Background Thread 3 ] DEBUG Engine               - menuKey: ESCAPE
15:20:14.804 [FXGL Background Thread 3 ] DEBUG Engine               - mouseSensitivity: 0.2
15:20:14.804 [FXGL Background Thread 3 ] DEBUG Engine               - notificationViewClass: class com.almasb.fxgl.notification.view.XboxNotificationView
15:20:14.804 [FXGL Background Thread 3 ] DEBUG Engine               - pixelsPerMeter: 50.0
15:20:14.804 [FXGL Background Thread 3 ] DEBUG Engine               - platform: WINDOWS
15:20:14.804 [FXGL Background Thread 3 ] DEBUG Engine               - prefHeightProperty: ReadOnlyDoubleProperty [value: 600.0]
15:20:14.805 [FXGL Background Thread 3 ] DEBUG Engine               - prefWidthProperty: ReadOnlyDoubleProperty [value: 800.0]
15:20:14.805 [FXGL Background Thread 3 ] DEBUG Engine               - profileDir: profiles/
15:20:14.805 [FXGL Background Thread 3 ] DEBUG Engine               - profileName: StringProperty [value: DEFAULT]
15:20:14.805 [FXGL Background Thread 3 ] DEBUG Engine               - randomSeed: -1
15:20:14.805 [FXGL Background Thread 3 ] DEBUG Engine               - runtimeInfo: RuntimeInfo(platform=WINDOWS, version=21.1, build=27.03.2024 07.52)
15:20:14.805 [FXGL Background Thread 3 ] DEBUG Engine               - saveFileExt: sav
15:20:14.805 [FXGL Background Thread 3 ] DEBUG Engine               - scaledHeightProp$fxgl: DoubleProperty [bound, value: 600.0]
15:20:14.805 [FXGL Background Thread 3 ] DEBUG Engine               - scaledWidthProp$fxgl: DoubleProperty [bound, value: 800.0]
15:20:14.805 [FXGL Background Thread 3 ] DEBUG Engine               - sceneFactory: com.almasb.fxgl.app.scene.SceneFactory@4fa9514c
15:20:14.805 [FXGL Background Thread 3 ] DEBUG Engine               - secondsIn24h: 60
15:20:14.805 [FXGL Background Thread 3 ] DEBUG Engine               - soundMenuBack: menu/back.wav
15:20:14.805 [FXGL Background Thread 3 ] DEBUG Engine               - soundMenuPress: menu/press.wav
15:20:14.805 [FXGL Background Thread 3 ] DEBUG Engine               - soundMenuSelect: menu/select.wav
15:20:14.805 [FXGL Background Thread 3 ] DEBUG Engine               - soundNotification: core/notification.wav
15:20:14.805 [FXGL Background Thread 3 ] DEBUG Engine               - stageStyle: DECORATED
15:20:14.806 [FXGL Background Thread 3 ] DEBUG Engine               - supportedLanguages: [ENGLISH, FRENCH, GERMAN, HUNGARIAN, RUSSIAN]
15:20:14.806 [FXGL Background Thread 3 ] DEBUG Engine               - ticksPerSecond: -1
15:20:14.806 [FXGL Background Thread 3 ] DEBUG Engine               - title: Game Menu
15:20:14.806 [FXGL Background Thread 3 ] DEBUG Engine               - urlGithub: https://github.com/AlmasB/FXGL
15:20:14.806 [FXGL Background Thread 3 ] DEBUG Engine               - urlLeaderboard: http://fxgl-top.herokuapp.com/
15:20:14.806 [FXGL Background Thread 3 ] DEBUG Engine               - urlPOM: https://raw.githubusercontent.com/AlmasB/FXGL/release/README.md
15:20:14.806 [FXGL Background Thread 3 ] DEBUG Engine               - userAppClass: class roadbuilder.MainMenu
15:20:14.806 [FXGL Background Thread 3 ] DEBUG Engine               - version: 0.0
15:20:14.806 [FXGL Background Thread 3 ] DEBUG Engine               - versionCheckDays: 7
15:20:14.806 [FXGL Background Thread 3 ] DEBUG Engine               - width: 800
15:20:14.806 [FXGL Background Thread 3 ] DEBUG Engine               - Logging services
15:20:14.806 [FXGL Background Thread 3 ] DEBUG Engine               - class com.almasb.fxgl.app.services.FXGLAssetLoaderService
15:20:14.806 [FXGL Background Thread 3 ] DEBUG Engine               - class com.almasb.fxgl.app.FXGLApplication$GameApplicationService
15:20:14.806 [FXGL Background Thread 3 ] DEBUG Engine               - class com.almasb.fxgl.app.services.FXGLDialogService
15:20:14.806 [FXGL Background Thread 3 ] DEBUG Engine               - class com.almasb.fxgl.app.services.IOTaskExecutorService
15:20:14.806 [FXGL Background Thread 3 ] DEBUG Engine               - class com.almasb.fxgl.io.FileSystemService
15:20:14.806 [FXGL Background Thread 3 ] DEBUG Engine               - class com.almasb.fxgl.localization.LocalizationService
15:20:14.806 [FXGL Background Thread 3 ] DEBUG Engine               - class com.almasb.fxgl.app.services.SystemBundleService
15:20:14.806 [FXGL Background Thread 3 ] DEBUG Engine               - class com.almasb.fxgl.profile.SaveLoadService
15:20:14.806 [FXGL Background Thread 3 ] DEBUG Engine               - class com.almasb.fxgl.ui.FXGLUIFactoryServiceProvider
15:20:14.806 [FXGL Background Thread 3 ] DEBUG Engine               - class com.almasb.fxgl.ui.FXGLDialogFactoryServiceProvider
15:20:14.806 [FXGL Background Thread 3 ] DEBUG Engine               - class com.almasb.fxgl.audio.AudioPlayer
15:20:14.806 [FXGL Background Thread 3 ] DEBUG Engine               - class com.almasb.fxgl.notification.impl.NotificationServiceProvider
15:20:14.806 [FXGL Background Thread 3 ] DEBUG Engine               - class com.almasb.fxgl.achievement.AchievementService
15:20:14.806 [FXGL Background Thread 3 ] DEBUG Engine               - class com.almasb.fxgl.cutscene.CutsceneService
15:20:14.806 [FXGL Background Thread 3 ] DEBUG Engine               - class com.almasb.fxgl.minigames.MiniGameService
15:20:14.806 [FXGL Background Thread 3 ] DEBUG Engine               - class com.almasb.fxgl.net.NetService
15:20:14.806 [FXGL Background Thread 3 ] DEBUG Engine               - class com.almasb.fxgl.app.services.UpdaterService
15:20:14.806 [FXGL Background Thread 3 ] DEBUG Engine               - class com.almasb.fxgl.dev.DevService
15:20:24.368 [JavaFX Application Thread] DEBUG FXGLApplication      - Exiting FXGL
15:20:24.368 [JavaFX Application Thread] DEBUG LoopRunner           - Stopping loop
15:20:24.369 [JavaFX Application Thread] DEBUG SystemBundleService  - Saving FXGL system data
15:20:24.371 [JavaFX Application Thread] DEBUG FileSystemAccess     - Writing to: C:\Users\petro\Desktop\szakdoga\thesis\system\fxgl.bundle
15:20:24.374 [JavaFX Application Thread] DEBUG Async                - Shutting down background threads
15:20:24.374 [JavaFX Application Thread] DEBUG PrimaryStageWindow   - Closing main window
15:20:24.395 [JavaFX Application Thread] DEBUG Logger               - Closing Logger
