12:57:54.550 [main                     ] DEBUG Logger               - Configured Logger
12:57:54.592 [main                     ] DEBUG GameApplication      - Logging settings
Title: Game Menu
Version: 0.0
Width: 800
Height: 600
Fullscreen: false
Intro: false
Profiling: false
Single step:false
App Mode: DEVELOPER
Menu Key: ESCAPE
Stage Style: DECORATED
Scene Factory: class com.almasb.fxgl.app.scene.SceneFactory

12:57:55.466 [JavaFX Application Thread] DEBUG FXGLApplication      - Initializing FXGL
12:57:55.472 [JavaFX Application Thread] INFO  Engine               - FXGL-21.1 (27.03.2024 07.52) on WINDOWS (J:21.0.2 FX:21.0.1)
12:57:55.473 [JavaFX Application Thread] DEBUG Engine               - JRE Vendor Name: Oracle Corporation
12:57:55.473 [JavaFX Application Thread] DEBUG Engine               - Running on OS: Windows 11 version 10.0
12:57:55.473 [JavaFX Application Thread] DEBUG Engine               - Architecture: amd64
12:57:55.473 [JavaFX Application Thread] INFO  Engine               - Source code and latest versions at: https://github.com/AlmasB/FXGL
12:57:55.473 [JavaFX Application Thread] INFO  Engine               -       Ask questions and discuss at: https://github.com/AlmasB/FXGL/discussions
12:57:55.473 [JavaFX Application Thread] INFO  Engine               -              Join the FXGL chat at: https://gitter.im/AlmasB/FXGL
12:57:55.634 [JavaFX Application Thread] DEBUG PrimaryStageWindow   - Creating a JavaFX scene
12:57:55.706 [JavaFX Application Thread] DEBUG PrimaryStageWindow   - Target settings size: 800.0 x 600.0
12:57:55.706 [JavaFX Application Thread] DEBUG PrimaryStageWindow   - Scaled scene size:    800.0 x 600.0
12:57:55.706 [JavaFX Application Thread] DEBUG PrimaryStageWindow   - Scaled ratio: (1.0, 1.0)
12:57:55.708 [JavaFX Application Thread] DEBUG PrimaryStageWindow   - Set initial scene to FXGLStartupScene
12:57:55.712 [JavaFX Application Thread] DEBUG PrimaryStageWindow   - Opening main window
12:57:55.838 [JavaFX Application Thread] DEBUG PrimaryStageWindow   - Window border size: (14.4000244140625, 37.5999755859375)
12:57:55.838 [JavaFX Application Thread] DEBUG PrimaryStageWindow   - Scaled size: 800.0 x 600.0
12:57:55.839 [JavaFX Application Thread] DEBUG PrimaryStageWindow   - Scaled ratio: (1.0, 1.0)
12:57:55.839 [JavaFX Application Thread] DEBUG PrimaryStageWindow   - Scene size: 800.0 x 600.0
12:57:55.840 [JavaFX Application Thread] DEBUG PrimaryStageWindow   - Stage size: 814.4000244140625 x 637.5999755859375
12:57:55.849 [FXGL Background Thread 1 ] DEBUG Engine               - Initializing environment variables
12:57:55.928 [FXGL Background Thread 1 ] DEBUG FXGLAssetLoaderServi - User app class for loading assets: class roadbuilder.MainMenu
12:57:55.929 [FXGL Background Thread 1 ] DEBUG GameApplicationServi - Applying CSS: fxgl_dark.css
12:57:55.929 [FXGL Background Thread 1 ] DEBUG FXGLAssetLoaderServi - Loading from file system: jar:file:/C:/Users/petro/.m2/repository/com/github/almasb/fxgl/21.1/fxgl-21.1.jar!/fxglassets/ui/css/fxgl_dark.css
12:57:55.988 [FXGL Background Thread 1 ] DEBUG GameApplicationServi - Initializing application scenes
12:57:56.057 [FXGL Background Thread 1 ] DEBUG GameWorld            - Game world initialized
12:57:56.159 [FXGL Background Thread 1 ] DEBUG PhysicsWorld         - Physics world initialized: appHeight=600, physics.ppm=50.0
12:57:56.159 [FXGL Background Thread 1 ] DEBUG PhysicsWorld         - Using strategy: BRUTE_FORCE
12:57:56.165 [FXGL Background Thread 1 ] DEBUG GameScene            - Game scene initialized: 800x600
12:57:56.183 [FXGL Background Thread 1 ] DEBUG FXGL.DefaultMenu     - createMenuBodyGameMenu()
12:57:56.206 [FXGL Background Thread 1 ] DEBUG FXGL.DefaultMenu     - createOptionsMenu()
12:57:56.218 [FXGL Background Thread 1 ] DEBUG FXGLAssetLoaderServi - Loading from file system: jar:file:/C:/Users/petro/.m2/repository/com/github/almasb/fxgl/21.1/fxgl-21.1.jar!/fxglassets/textures/particles/smoke.png
12:57:56.370 [FXGL Background Thread 1 ] DEBUG FXGLAssetLoaderServi - Loading from file system: jar:file:/C:/Users/petro/.m2/repository/com/github/almasb/fxgl/21.1/fxgl-21.1.jar!/fxglassets/textures/particles/trace_horizontal.png
12:57:56.412 [FXGL Background Thread 1 ] DEBUG GameApplicationServi - Application scenes initialized
12:57:56.435 [FXGL Background Thread 1 ] DEBUG SystemBundleService  - Loading FXGL system data
12:57:56.439 [FXGL Background Thread 1 ] DEBUG FileSystemAccess     - Reading from: C:\Users\petro\Desktop\szakdoga\thesis\system\fxgl.bundle
12:57:56.456 [FXGL Background Thread 1 ] DEBUG SystemBundleService  - Bundle FXGL: {}
12:57:56.456 [FXGL Background Thread 1 ] DEBUG UpdaterService       - Checking for updates
12:57:56.469 [FXGL Background Thread 4 ] DEBUG FXGLApplication      - Loading fonts
12:57:56.470 [FXGL Background Thread 4 ] DEBUG FXGLAssetLoaderServi - Loading from file system: jar:file:/C:/Users/petro/.m2/repository/com/github/almasb/fxgl/21.1/fxgl-21.1.jar!/fxglassets/ui/fonts/VarelaRound-Regular.ttf
12:57:56.473 [FXGL Background Thread 1 ] DEBUG FXGLApplication      - Loading default localization
12:57:56.474 [FXGL Background Thread 1 ] DEBUG FXGLAssetLoaderServi - Loading from file system: jar:file:/C:/Users/petro/.m2/repository/com/github/almasb/fxgl/21.1/fxgl-21.1.jar!/fxglassets/languages/english.lang
12:57:56.548 [FXGL Background Thread 1 ] INFO  FXGLApplication      - FXGL initialization took: 0.698 sec
12:57:56.549 [FXGL Background Thread 4 ] DEBUG FXGLAssetLoaderServi - Loading from file system: jar:file:/C:/Users/petro/.m2/repository/com/github/almasb/fxgl/21.1/fxgl-21.1.jar!/fxglassets/ui/fonts/Abel-Regular.ttf
12:57:56.549 [JavaFX Application Thread] DEBUG FXGLAssetLoaderServi - Loading from file system: jar:file:/C:/Users/petro/.m2/repository/com/github/almasb/fxgl/21.1/fxgl-21.1.jar!/fxglassets/textures/fxgl_icon.png
12:57:56.563 [FXGL Background Thread 4 ] DEBUG FXGLAssetLoaderServi - Loading from file system: jar:file:/C:/Users/petro/.m2/repository/com/github/almasb/fxgl/21.1/fxgl-21.1.jar!/fxglassets/ui/fonts/TerminalLandMono-Regular.otf
12:57:56.575 [JavaFX Application Thread] DEBUG FXGLAssetLoaderServi - Loading from file system: jar:file:/C:/Users/petro/.m2/repository/com/github/almasb/fxgl/21.1/fxgl-21.1.jar!/fxglassets/textures/fxgl_default_cursor.png
12:57:56.577 [FXGL Background Thread 4 ] DEBUG FXGLAssetLoaderServi - Loading from file system: jar:file:/C:/Users/petro/.m2/repository/com/github/almasb/fxgl/21.1/fxgl-21.1.jar!/fxglassets/ui/fonts/Courier-Prime.ttf
12:57:56.591 [JavaFX Application Thread] DEBUG Input                - Registered new binding: Screenshot - CTRL+8
12:57:56.594 [JavaFX Application Thread] DEBUG Input                - Registered new binding: System info dump - CTRL+9
12:57:56.594 [JavaFX Application Thread] DEBUG Input                - Registered new binding: Restart - CTRL+R
12:57:56.596 [JavaFX Application Thread] DEBUG Input                - Registered new binding: Toggle Debug Camera - CTRL+7
12:57:56.601 [JavaFX Application Thread] DEBUG LoopRunner           - Starting loop
12:57:56.601 [JavaFX Application Thread] DEBUG LoopRunner           - Initializing JavaFX AnimationTimerLoop
12:57:56.602 [JavaFX Application Thread] DEBUG GameApplicationServi - Starting new game
12:57:56.603 [JavaFX Application Thread] DEBUG Input                - Clearing active input actions
12:57:56.624 [JavaFX Application Thread] DEBUG GameApplicationServi - Removing overlay from FXGLStartupScene and adding to FXGLLoadingScene
12:57:56.624 [JavaFX Application Thread] DEBUG PrimaryStageWindow   - FXGLStartupScene -> FXGLLoadingScene
12:57:56.624 [JavaFX Application Thread] DEBUG GameApplicationServi - Clearing previous game
12:57:56.624 [JavaFX Application Thread] DEBUG GameScene            - Clearing game scene
12:57:56.624 [JavaFX Application Thread] DEBUG GameWorld            - Clearing game world
12:57:56.624 [JavaFX Application Thread] DEBUG PhysicsWorld         - Clearing physics world
12:57:56.628 [FXGL Background Thread 4 ] DEBUG FXGLApplication      - Initializing game
12:57:56.631 [JavaFX Application Thread] DEBUG FXGLApplication      - Registering font factories with UI factory
12:57:56.658 [FXGL Background Thread 4 ] INFO  FXGLApplication      - Game initialization took: 0.030 sec
12:57:56.732 [JavaFX Application Thread] DEBUG Input                - Clearing active input actions
12:57:56.742 [JavaFX Application Thread] DEBUG GameApplicationServi - Removing overlay from FXGLLoadingScene and adding to GameScene
12:57:56.742 [JavaFX Application Thread] DEBUG PrimaryStageWindow   - FXGLLoadingScene -> GameScene
12:57:59.465 [FXGL Background Thread 3 ] DEBUG Engine               - Logging environment variables
12:57:59.465 [FXGL Background Thread 3 ] DEBUG Engine               - achievements: []
12:57:59.466 [FXGL Background Thread 3 ] DEBUG Engine               - actualHeight: 600.0
12:57:59.466 [FXGL Background Thread 3 ] DEBUG Engine               - actualHeightProperty: ReadOnlyDoubleProperty [value: 600.0]
12:57:59.466 [FXGL Background Thread 3 ] DEBUG Engine               - actualWidth: 800.0
12:57:59.466 [FXGL Background Thread 3 ] DEBUG Engine               - actualWidthProperty: ReadOnlyDoubleProperty [value: 800.0]
12:57:59.466 [FXGL Background Thread 3 ] DEBUG Engine               - appIcon: fxgl_icon.png
12:57:59.466 [FXGL Background Thread 3 ] DEBUG Engine               - applicationMode: DEVELOPER
12:57:59.466 [FXGL Background Thread 3 ] DEBUG Engine               - cSSList: [fxgl_dark.css]
12:57:59.466 [FXGL Background Thread 3 ] DEBUG Engine               - collisionDetectionStrategy: BRUTE_FORCE
12:57:59.466 [FXGL Background Thread 3 ] DEBUG Engine               - configClass: Optional.empty
12:57:59.466 [FXGL Background Thread 3 ] DEBUG Engine               - credits: []
12:57:59.466 [FXGL Background Thread 3 ] DEBUG Engine               - defaultCursor: CursorInfo(imageName=fxgl_default_cursor.png, hotspotX=7.0, hotspotY=6.0)
12:57:59.467 [FXGL Background Thread 3 ] DEBUG Engine               - devBBoxColorProperty: ObjectProperty [value: 0xff0000ff]
12:57:59.467 [FXGL Background Thread 3 ] DEBUG Engine               - devEnableDebugCameraProperty: BooleanProperty [value: false]
12:57:59.467 [FXGL Background Thread 3 ] DEBUG Engine               - devSensorColorProperty: ObjectProperty [value: 0xffff00ff]
12:57:59.467 [FXGL Background Thread 3 ] DEBUG Engine               - devShowBBoxProperty: BooleanProperty [value: false]
12:57:59.467 [FXGL Background Thread 3 ] DEBUG Engine               - devShowPositionProperty: BooleanProperty [value: false]
12:57:59.467 [FXGL Background Thread 3 ] DEBUG Engine               - enabledMenuItems: []
12:57:59.468 [FXGL Background Thread 3 ] DEBUG Engine               - engineServices: [class com.almasb.fxgl.app.services.FXGLAssetLoaderService, class com.almasb.fxgl.app.FXGLApplication$GameApplicationService, class com.almasb.fxgl.app.services.FXGLDialogService, class com.almasb.fxgl.app.services.IOTaskExecutorService, class com.almasb.fxgl.io.FileSystemService, class com.almasb.fxgl.localization.LocalizationService, class com.almasb.fxgl.app.services.SystemBundleService, class com.almasb.fxgl.profile.SaveLoadService, class com.almasb.fxgl.ui.FXGLUIFactoryServiceProvider, class com.almasb.fxgl.ui.FXGLDialogFactoryServiceProvider, class com.almasb.fxgl.audio.AudioPlayer, class com.almasb.fxgl.notification.impl.NotificationServiceProvider, class com.almasb.fxgl.achievement.AchievementService, class com.almasb.fxgl.cutscene.CutsceneService, class com.almasb.fxgl.minigames.MiniGameService, class com.almasb.fxgl.net.NetService, class com.almasb.fxgl.app.services.UpdaterService, class com.almasb.fxgl.dev.DevService]
12:57:59.468 [FXGL Background Thread 3 ] DEBUG Engine               - fontGame: Abel-Regular.ttf
12:57:59.468 [FXGL Background Thread 3 ] DEBUG Engine               - fontMono: TerminalLandMono-Regular.otf
12:57:59.468 [FXGL Background Thread 3 ] DEBUG Engine               - fontSizeScaleUI: 1.0
12:57:59.468 [FXGL Background Thread 3 ] DEBUG Engine               - fontText: Courier-Prime.ttf
12:57:59.468 [FXGL Background Thread 3 ] DEBUG Engine               - fontUI: VarelaRound-Regular.ttf
12:57:59.468 [FXGL Background Thread 3 ] DEBUG Engine               - fullScreen: BooleanProperty [value: false]
12:57:59.468 [FXGL Background Thread 3 ] DEBUG Engine               - gameDifficulty: MEDIUM
12:57:59.468 [FXGL Background Thread 3 ] DEBUG Engine               - gameDifficultyProperty: ObjectProperty [value: MEDIUM]
12:57:59.468 [FXGL Background Thread 3 ] DEBUG Engine               - globalMusicVolume: 0.5
12:57:59.468 [FXGL Background Thread 3 ] DEBUG Engine               - globalMusicVolumeProperty: DoubleProperty [value: 0.5]
12:57:59.468 [FXGL Background Thread 3 ] DEBUG Engine               - globalSoundVolume: 0.5
12:57:59.468 [FXGL Background Thread 3 ] DEBUG Engine               - globalSoundVolumeProperty: DoubleProperty [value: 0.5]
12:57:59.469 [FXGL Background Thread 3 ] DEBUG Engine               - height: 600
12:57:59.469 [FXGL Background Thread 3 ] DEBUG Engine               - is3D: false
12:57:59.469 [FXGL Background Thread 3 ] DEBUG Engine               - isAndroid: false
12:57:59.469 [FXGL Background Thread 3 ] DEBUG Engine               - isBrowser: false
12:57:59.469 [FXGL Background Thread 3 ] DEBUG Engine               - isClickFeedbackEnabled: false
12:57:59.469 [FXGL Background Thread 3 ] DEBUG Engine               - isCloseConfirmation: false
12:57:59.469 [FXGL Background Thread 3 ] DEBUG Engine               - isDesktop: true
12:57:59.469 [FXGL Background Thread 3 ] DEBUG Engine               - isDeveloperMenuEnabled: false
12:57:59.469 [FXGL Background Thread 3 ] DEBUG Engine               - isEmbedded: false
12:57:59.469 [FXGL Background Thread 3 ] DEBUG Engine               - isEntityPreloadEnabled: true
12:57:59.469 [FXGL Background Thread 3 ] DEBUG Engine               - isExperimentalTiledLargeMap: false
12:57:59.469 [FXGL Background Thread 3 ] DEBUG Engine               - isFileSystemWriteAllowed: true
12:57:59.469 [FXGL Background Thread 3 ] DEBUG Engine               - isFullScreenAllowed: false
12:57:59.469 [FXGL Background Thread 3 ] DEBUG Engine               - isFullScreenFromStart: false
12:57:59.469 [FXGL Background Thread 3 ] DEBUG Engine               - isGameMenuEnabled: true
12:57:59.469 [FXGL Background Thread 3 ] DEBUG Engine               - isIOS: false
12:57:59.469 [FXGL Background Thread 3 ] DEBUG Engine               - isIntroEnabled: false
12:57:59.469 [FXGL Background Thread 3 ] DEBUG Engine               - isLinux: false
12:57:59.469 [FXGL Background Thread 3 ] DEBUG Engine               - isMac: false
12:57:59.469 [FXGL Background Thread 3 ] DEBUG Engine               - isMainMenuEnabled: false
12:57:59.469 [FXGL Background Thread 3 ] DEBUG Engine               - isManualResizeEnabled: false
12:57:59.470 [FXGL Background Thread 3 ] DEBUG Engine               - isMobile: false
12:57:59.470 [FXGL Background Thread 3 ] DEBUG Engine               - isNative: false
12:57:59.470 [FXGL Background Thread 3 ] DEBUG Engine               - isPauseMusicWhenMinimized: true
12:57:59.470 [FXGL Background Thread 3 ] DEBUG Engine               - isPreserveResizeRatio: false
12:57:59.471 [FXGL Background Thread 3 ] DEBUG Engine               - isProfilingEnabled: false
12:57:59.471 [FXGL Background Thread 3 ] DEBUG Engine               - isScaleAffectedOnResize: true
12:57:59.471 [FXGL Background Thread 3 ] DEBUG Engine               - isSingleStep: false
12:57:59.471 [FXGL Background Thread 3 ] DEBUG Engine               - isUserProfileEnabled: false
12:57:59.471 [FXGL Background Thread 3 ] DEBUG Engine               - isWindows: true
12:57:59.471 [FXGL Background Thread 3 ] DEBUG Engine               - language: ObjectProperty [value: ENGLISH]
12:57:59.471 [FXGL Background Thread 3 ] DEBUG Engine               - menuKey: ESCAPE
12:57:59.471 [FXGL Background Thread 3 ] DEBUG Engine               - mouseSensitivity: 0.2
12:57:59.471 [FXGL Background Thread 3 ] DEBUG Engine               - notificationViewClass: class com.almasb.fxgl.notification.view.XboxNotificationView
12:57:59.471 [FXGL Background Thread 3 ] DEBUG Engine               - pixelsPerMeter: 50.0
12:57:59.471 [FXGL Background Thread 3 ] DEBUG Engine               - platform: WINDOWS
12:57:59.471 [FXGL Background Thread 3 ] DEBUG Engine               - prefHeightProperty: ReadOnlyDoubleProperty [value: 600.0]
12:57:59.471 [FXGL Background Thread 3 ] DEBUG Engine               - prefWidthProperty: ReadOnlyDoubleProperty [value: 800.0]
12:57:59.471 [FXGL Background Thread 3 ] DEBUG Engine               - profileDir: profiles/
12:57:59.471 [FXGL Background Thread 3 ] DEBUG Engine               - profileName: StringProperty [value: DEFAULT]
12:57:59.472 [FXGL Background Thread 3 ] DEBUG Engine               - randomSeed: -1
12:57:59.472 [FXGL Background Thread 3 ] DEBUG Engine               - runtimeInfo: RuntimeInfo(platform=WINDOWS, version=21.1, build=27.03.2024 07.52)
12:57:59.472 [FXGL Background Thread 3 ] DEBUG Engine               - saveFileExt: sav
12:57:59.472 [FXGL Background Thread 3 ] DEBUG Engine               - scaledHeightProp$fxgl: DoubleProperty [bound, value: 600.0]
12:57:59.472 [FXGL Background Thread 3 ] DEBUG Engine               - scaledWidthProp$fxgl: DoubleProperty [bound, value: 800.0]
12:57:59.473 [FXGL Background Thread 3 ] DEBUG Engine               - sceneFactory: com.almasb.fxgl.app.scene.SceneFactory@57da8540
12:57:59.473 [FXGL Background Thread 3 ] DEBUG Engine               - secondsIn24h: 60
12:57:59.473 [FXGL Background Thread 3 ] DEBUG Engine               - soundMenuBack: menu/back.wav
12:57:59.473 [FXGL Background Thread 3 ] DEBUG Engine               - soundMenuPress: menu/press.wav
12:57:59.473 [FXGL Background Thread 3 ] DEBUG Engine               - soundMenuSelect: menu/select.wav
12:57:59.473 [FXGL Background Thread 3 ] DEBUG Engine               - soundNotification: core/notification.wav
12:57:59.473 [FXGL Background Thread 3 ] DEBUG Engine               - stageStyle: DECORATED
12:57:59.473 [FXGL Background Thread 3 ] DEBUG Engine               - supportedLanguages: [ENGLISH, FRENCH, GERMAN, HUNGARIAN, RUSSIAN]
12:57:59.473 [FXGL Background Thread 3 ] DEBUG Engine               - ticksPerSecond: -1
12:57:59.473 [FXGL Background Thread 3 ] DEBUG Engine               - title: Game Menu
12:57:59.473 [FXGL Background Thread 3 ] DEBUG Engine               - urlGithub: https://github.com/AlmasB/FXGL
12:57:59.473 [FXGL Background Thread 3 ] DEBUG Engine               - urlLeaderboard: http://fxgl-top.herokuapp.com/
12:57:59.473 [FXGL Background Thread 3 ] DEBUG Engine               - urlPOM: https://raw.githubusercontent.com/AlmasB/FXGL/release/README.md
12:57:59.473 [FXGL Background Thread 3 ] DEBUG Engine               - userAppClass: class roadbuilder.MainMenu
12:57:59.473 [FXGL Background Thread 3 ] DEBUG Engine               - version: 0.0
12:57:59.473 [FXGL Background Thread 3 ] DEBUG Engine               - versionCheckDays: 7
12:57:59.473 [FXGL Background Thread 3 ] DEBUG Engine               - width: 800
12:57:59.473 [FXGL Background Thread 3 ] DEBUG Engine               - Logging services
12:57:59.473 [FXGL Background Thread 3 ] DEBUG Engine               - class com.almasb.fxgl.app.services.FXGLAssetLoaderService
12:57:59.473 [FXGL Background Thread 3 ] DEBUG Engine               - class com.almasb.fxgl.app.FXGLApplication$GameApplicationService
12:57:59.473 [FXGL Background Thread 3 ] DEBUG Engine               - class com.almasb.fxgl.app.services.FXGLDialogService
12:57:59.473 [FXGL Background Thread 3 ] DEBUG Engine               - class com.almasb.fxgl.app.services.IOTaskExecutorService
12:57:59.473 [FXGL Background Thread 3 ] DEBUG Engine               - class com.almasb.fxgl.io.FileSystemService
12:57:59.473 [FXGL Background Thread 3 ] DEBUG Engine               - class com.almasb.fxgl.localization.LocalizationService
12:57:59.474 [FXGL Background Thread 3 ] DEBUG Engine               - class com.almasb.fxgl.app.services.SystemBundleService
12:57:59.474 [FXGL Background Thread 3 ] DEBUG Engine               - class com.almasb.fxgl.profile.SaveLoadService
12:57:59.474 [FXGL Background Thread 3 ] DEBUG Engine               - class com.almasb.fxgl.ui.FXGLUIFactoryServiceProvider
12:57:59.474 [FXGL Background Thread 3 ] DEBUG Engine               - class com.almasb.fxgl.ui.FXGLDialogFactoryServiceProvider
12:57:59.474 [FXGL Background Thread 3 ] DEBUG Engine               - class com.almasb.fxgl.audio.AudioPlayer
12:57:59.474 [FXGL Background Thread 3 ] DEBUG Engine               - class com.almasb.fxgl.notification.impl.NotificationServiceProvider
12:57:59.474 [FXGL Background Thread 3 ] DEBUG Engine               - class com.almasb.fxgl.achievement.AchievementService
12:57:59.474 [FXGL Background Thread 3 ] DEBUG Engine               - class com.almasb.fxgl.cutscene.CutsceneService
12:57:59.474 [FXGL Background Thread 3 ] DEBUG Engine               - class com.almasb.fxgl.minigames.MiniGameService
12:57:59.474 [FXGL Background Thread 3 ] DEBUG Engine               - class com.almasb.fxgl.net.NetService
12:57:59.474 [FXGL Background Thread 3 ] DEBUG Engine               - class com.almasb.fxgl.app.services.UpdaterService
12:57:59.474 [FXGL Background Thread 3 ] DEBUG Engine               - class com.almasb.fxgl.dev.DevService
12:58:05.152 [JavaFX Application Thread] DEBUG LoopRunner           - Stopping loop
12:58:05.165 [JavaFX Application Thread] FATAL FXGLApplication      - Uncaught Exception:
java.lang.NullPointerException: Cannot invoke "java.util.List.contains(Object)" because the return value of "java.util.Map.get(Object)" is null
	at roadbuilder.model.CityRoadGraphModel.addRoad(CityRoadGraphModel.java:27)
	at roadbuilder.levels.level1.Level1Game.addRoad(Level1Game.java:39)
	at roadbuilder.levels.level1.RoadBuilder.buildRoad(RoadBuilder.java:20)
	at roadbuilder.levels.level1.InputHandler.handleCityClick(InputHandler.java:52)
	at roadbuilder.levels.level1.InputHandler.lambda$initInput$1(InputHandler.java:35)
	at java.base/java.util.Optional.ifPresent(Optional.java:178)
	at roadbuilder.levels.level1.InputHandler.lambda$initInput$2(InputHandler.java:35)
	at com.almasb.fxgl.input.Input.fire(Input.kt:259)
	at com.almasb.fxgl.input.Input.fireEventViaHandlers(Input.kt:241)
	at com.almasb.fxgl.app.PrimaryStageWindow$4$1.invoke(MainWindow.kt:330)
	at com.almasb.fxgl.app.PrimaryStageWindow$4$1.invoke(MainWindow.kt:330)
	at com.almasb.fxgl.core.fsm.StateMachine.runOnActiveStates(StateMachine.kt:69)
	at com.almasb.fxgl.app.PrimaryStageWindow$4.invoke(MainWindow.kt:330)
	at com.almasb.fxgl.app.PrimaryStageWindow$4.invoke(MainWindow.kt:323)
	at com.almasb.fxgl.app.MainWindow.addGlobalHandler$lambda$4(MainWindow.kt:251)
	at com.sun.javafx.event.CompositeEventHandler$NormalEventHandlerRecord.handleBubblingEvent(CompositeEventHandler.java:247)
	at com.sun.javafx.event.CompositeEventHandler.dispatchBubblingEvent(CompositeEventHandler.java:80)
	at com.sun.javafx.event.EventHandlerManager.dispatchBubblingEvent(EventHandlerManager.java:232)
	at com.sun.javafx.event.EventHandlerManager.dispatchBubblingEvent(EventHandlerManager.java:189)
	at com.sun.javafx.event.CompositeEventDispatcher.dispatchBubblingEvent(CompositeEventDispatcher.java:59)
	at com.sun.javafx.event.BasicEventDispatcher.dispatchEvent(BasicEventDispatcher.java:58)
	at com.sun.javafx.event.EventDispatchChainImpl.dispatchEvent(EventDispatchChainImpl.java:114)
	at com.sun.javafx.event.BasicEventDispatcher.dispatchEvent(BasicEventDispatcher.java:56)
	at com.sun.javafx.event.EventDispatchChainImpl.dispatchEvent(EventDispatchChainImpl.java:114)
	at com.sun.javafx.event.EventUtil.fireEventImpl(EventUtil.java:74)
	at com.sun.javafx.event.EventUtil.fireEvent(EventUtil.java:54)
	at javafx.event.Event.fireEvent(Event.java:198)
	at javafx.scene.Scene$MouseHandler.process(Scene.java:3984)
	at javafx.scene.Scene.processMouseEvent(Scene.java:1890)
	at javafx.scene.Scene$ScenePeerListener.mouseEvent(Scene.java:2708)
	at com.sun.javafx.tk.quantum.GlassViewEventHandler$MouseEventNotification.run(GlassViewEventHandler.java:411)
	at com.sun.javafx.tk.quantum.GlassViewEventHandler$MouseEventNotification.run(GlassViewEventHandler.java:301)
	at java.base/java.security.AccessController.doPrivileged(AccessController.java:400)
	at com.sun.javafx.tk.quantum.GlassViewEventHandler.lambda$handleMouseEvent$2(GlassViewEventHandler.java:450)
	at com.sun.javafx.tk.quantum.QuantumToolkit.runWithoutRenderLock(QuantumToolkit.java:424)
	at com.sun.javafx.tk.quantum.GlassViewEventHandler.handleMouseEvent(GlassViewEventHandler.java:449)
	at com.sun.glass.ui.View.handleMouseEvent(View.java:551)
	at com.sun.glass.ui.View.notifyMouse(View.java:937)
	at com.sun.glass.ui.win.WinApplication._runLoop(Native Method)
	at com.sun.glass.ui.win.WinApplication.lambda$runLoop$3(WinApplication.java:185)
	at java.base/java.lang.Thread.run(Thread.java:1583)

12:58:05.165 [JavaFX Application Thread] FATAL FXGLApplication      - Application will now exit
12:58:05.193 [JavaFX Application Thread] DEBUG PrimaryStageWindow   - Push state: ErrorSubScene
12:58:05.194 [JavaFX Application Thread] DEBUG Input                - Clearing active input actions
12:58:05.197 [JavaFX Application Thread] DEBUG GameApplicationServi - Removing overlay from GameScene and adding to ErrorSubScene
12:58:05.198 [JavaFX Application Thread] DEBUG PrimaryStageWindow   - GameScene -> ErrorSubScene
12:58:07.135 [JavaFX Application Thread] DEBUG FXGLApplication      - Exiting FXGL
12:58:07.135 [JavaFX Application Thread] DEBUG Async                - Shutting down background threads
12:58:07.135 [JavaFX Application Thread] DEBUG PrimaryStageWindow   - Closing main window
12:58:07.152 [JavaFX Application Thread] DEBUG Logger               - Closing Logger
