12:04:48.929 [main                     ] DEBUG Logger               - Configured Logger
12:04:48.969 [main                     ] DEBUG GameApplication      - Logging settings
Title: Game Menu
Version: 0.0
Width: 800
Height: 600
Fullscreen: false
Intro: false
Profiling: false
Single step:false
App Mode: DEVELOPER
Menu Key: ESCAPE
Stage Style: DECORATED
Scene Factory: class com.almasb.fxgl.app.scene.SceneFactory

12:04:49.818 [JavaFX Application Thread] DEBUG FXGLApplication      - Initializing FXGL
12:04:49.824 [JavaFX Application Thread] INFO  Engine               - FXGL-21.1 (27.03.2024 07.52) on WINDOWS (J:21.0.2 FX:21.0.1)
12:04:49.824 [JavaFX Application Thread] DEBUG Engine               - JRE Vendor Name: Oracle Corporation
12:04:49.825 [JavaFX Application Thread] DEBUG Engine               - Running on OS: Windows 11 version 10.0
12:04:49.825 [JavaFX Application Thread] DEBUG Engine               - Architecture: amd64
12:04:49.825 [JavaFX Application Thread] INFO  Engine               - Source code and latest versions at: https://github.com/AlmasB/FXGL
12:04:49.825 [JavaFX Application Thread] INFO  Engine               -       Ask questions and discuss at: https://github.com/AlmasB/FXGL/discussions
12:04:49.825 [JavaFX Application Thread] INFO  Engine               -              Join the FXGL chat at: https://gitter.im/AlmasB/FXGL
12:04:49.986 [JavaFX Application Thread] DEBUG PrimaryStageWindow   - Creating a JavaFX scene
12:04:50.054 [JavaFX Application Thread] DEBUG PrimaryStageWindow   - Target settings size: 800.0 x 600.0
12:04:50.054 [JavaFX Application Thread] DEBUG PrimaryStageWindow   - Scaled scene size:    800.0 x 600.0
12:04:50.055 [JavaFX Application Thread] DEBUG PrimaryStageWindow   - Scaled ratio: (1.0, 1.0)
12:04:50.056 [JavaFX Application Thread] DEBUG PrimaryStageWindow   - Set initial scene to FXGLStartupScene
12:04:50.059 [JavaFX Application Thread] DEBUG PrimaryStageWindow   - Opening main window
12:04:50.174 [JavaFX Application Thread] DEBUG PrimaryStageWindow   - Window border size: (14.4000244140625, 37.5999755859375)
12:04:50.175 [JavaFX Application Thread] DEBUG PrimaryStageWindow   - Scaled size: 800.0 x 600.0
12:04:50.175 [JavaFX Application Thread] DEBUG PrimaryStageWindow   - Scaled ratio: (1.0, 1.0)
12:04:50.175 [JavaFX Application Thread] DEBUG PrimaryStageWindow   - Scene size: 800.0 x 600.0
12:04:50.175 [JavaFX Application Thread] DEBUG PrimaryStageWindow   - Stage size: 814.4000244140625 x 637.5999755859375
12:04:50.184 [FXGL Background Thread 1 ] DEBUG Engine               - Initializing environment variables
12:04:50.255 [FXGL Background Thread 1 ] DEBUG FXGLAssetLoaderServi - User app class for loading assets: class roadbuilder.MainMenu
12:04:50.256 [FXGL Background Thread 1 ] DEBUG GameApplicationServi - Applying CSS: fxgl_dark.css
12:04:50.257 [FXGL Background Thread 1 ] DEBUG FXGLAssetLoaderServi - Loading from file system: jar:file:/C:/Users/petro/.m2/repository/com/github/almasb/fxgl/21.1/fxgl-21.1.jar!/fxglassets/ui/css/fxgl_dark.css
12:04:50.316 [FXGL Background Thread 1 ] DEBUG GameApplicationServi - Initializing application scenes
12:04:50.399 [FXGL Background Thread 1 ] DEBUG GameWorld            - Game world initialized
12:04:50.545 [FXGL Background Thread 1 ] DEBUG PhysicsWorld         - Physics world initialized: appHeight=600, physics.ppm=50.0
12:04:50.545 [FXGL Background Thread 1 ] DEBUG PhysicsWorld         - Using strategy: BRUTE_FORCE
12:04:50.550 [FXGL Background Thread 1 ] DEBUG GameScene            - Game scene initialized: 800x600
12:04:50.572 [FXGL Background Thread 1 ] DEBUG FXGL.DefaultMenu     - createMenuBodyGameMenu()
12:04:50.594 [FXGL Background Thread 1 ] DEBUG FXGL.DefaultMenu     - createOptionsMenu()
12:04:50.608 [FXGL Background Thread 1 ] DEBUG FXGLAssetLoaderServi - Loading from file system: jar:file:/C:/Users/petro/.m2/repository/com/github/almasb/fxgl/21.1/fxgl-21.1.jar!/fxglassets/textures/particles/smoke.png
12:04:50.782 [FXGL Background Thread 1 ] DEBUG FXGLAssetLoaderServi - Loading from file system: jar:file:/C:/Users/petro/.m2/repository/com/github/almasb/fxgl/21.1/fxgl-21.1.jar!/fxglassets/textures/particles/trace_horizontal.png
12:04:50.821 [FXGL Background Thread 1 ] DEBUG GameApplicationServi - Application scenes initialized
12:04:50.842 [FXGL Background Thread 1 ] DEBUG SystemBundleService  - Loading FXGL system data
12:04:50.846 [FXGL Background Thread 1 ] DEBUG FileSystemAccess     - Reading from: C:\Users\petro\Desktop\szakdoga\thesis\system\fxgl.bundle
12:04:50.859 [FXGL Background Thread 1 ] DEBUG SystemBundleService  - Bundle FXGL: {}
12:04:50.859 [FXGL Background Thread 1 ] DEBUG UpdaterService       - Checking for updates
12:04:50.865 [FXGL Background Thread 4 ] DEBUG FXGLApplication      - Loading fonts
12:04:50.865 [FXGL Background Thread 4 ] DEBUG FXGLAssetLoaderServi - Loading from file system: jar:file:/C:/Users/petro/.m2/repository/com/github/almasb/fxgl/21.1/fxgl-21.1.jar!/fxglassets/ui/fonts/VarelaRound-Regular.ttf
12:04:50.866 [FXGL Background Thread 1 ] DEBUG FXGLApplication      - Loading default localization
12:04:50.866 [FXGL Background Thread 1 ] DEBUG FXGLAssetLoaderServi - Loading from file system: jar:file:/C:/Users/petro/.m2/repository/com/github/almasb/fxgl/21.1/fxgl-21.1.jar!/fxglassets/languages/english.lang
12:04:50.926 [FXGL Background Thread 4 ] DEBUG FXGLAssetLoaderServi - Loading from file system: jar:file:/C:/Users/petro/.m2/repository/com/github/almasb/fxgl/21.1/fxgl-21.1.jar!/fxglassets/ui/fonts/Abel-Regular.ttf
12:04:50.940 [FXGL Background Thread 4 ] DEBUG FXGLAssetLoaderServi - Loading from file system: jar:file:/C:/Users/petro/.m2/repository/com/github/almasb/fxgl/21.1/fxgl-21.1.jar!/fxglassets/ui/fonts/TerminalLandMono-Regular.otf
12:04:50.944 [FXGL Background Thread 1 ] INFO  FXGLApplication      - FXGL initialization took: 0.760 sec
12:04:50.945 [JavaFX Application Thread] DEBUG FXGLAssetLoaderServi - Loading from file system: jar:file:/C:/Users/petro/.m2/repository/com/github/almasb/fxgl/21.1/fxgl-21.1.jar!/fxglassets/textures/fxgl_icon.png
12:04:50.953 [FXGL Background Thread 4 ] DEBUG FXGLAssetLoaderServi - Loading from file system: jar:file:/C:/Users/petro/.m2/repository/com/github/almasb/fxgl/21.1/fxgl-21.1.jar!/fxglassets/ui/fonts/Courier-Prime.ttf
12:04:50.971 [JavaFX Application Thread] DEBUG FXGLAssetLoaderServi - Loading from file system: jar:file:/C:/Users/petro/.m2/repository/com/github/almasb/fxgl/21.1/fxgl-21.1.jar!/fxglassets/textures/fxgl_default_cursor.png
12:04:51.004 [JavaFX Application Thread] DEBUG Input                - Registered new binding: Screenshot - CTRL+8
12:04:51.005 [JavaFX Application Thread] DEBUG Input                - Registered new binding: System info dump - CTRL+9
12:04:51.007 [JavaFX Application Thread] DEBUG Input                - Registered new binding: Restart - CTRL+R
12:04:51.010 [JavaFX Application Thread] DEBUG Input                - Registered new binding: Toggle Debug Camera - CTRL+7
12:04:51.025 [JavaFX Application Thread] DEBUG LoopRunner           - Starting loop
12:04:51.025 [JavaFX Application Thread] DEBUG LoopRunner           - Initializing JavaFX AnimationTimerLoop
12:04:51.031 [JavaFX Application Thread] DEBUG GameApplicationServi - Starting new game
12:04:51.032 [JavaFX Application Thread] DEBUG Input                - Clearing active input actions
12:04:51.055 [JavaFX Application Thread] DEBUG GameApplicationServi - Removing overlay from FXGLStartupScene and adding to FXGLLoadingScene
12:04:51.055 [JavaFX Application Thread] DEBUG PrimaryStageWindow   - FXGLStartupScene -> FXGLLoadingScene
12:04:51.055 [JavaFX Application Thread] DEBUG GameApplicationServi - Clearing previous game
12:04:51.055 [JavaFX Application Thread] DEBUG GameScene            - Clearing game scene
12:04:51.055 [JavaFX Application Thread] DEBUG GameWorld            - Clearing game world
12:04:51.055 [JavaFX Application Thread] DEBUG PhysicsWorld         - Clearing physics world
12:04:51.061 [FXGL Background Thread 4 ] DEBUG FXGLApplication      - Initializing game
12:04:51.061 [JavaFX Application Thread] DEBUG FXGLApplication      - Registering font factories with UI factory
12:04:51.335 [FXGL Background Thread 4 ] INFO  FXGLApplication      - Game initialization took: 0.274 sec
12:04:51.342 [JavaFX Application Thread] DEBUG Input                - Clearing active input actions
12:04:51.357 [JavaFX Application Thread] DEBUG GameApplicationServi - Removing overlay from FXGLLoadingScene and adding to GameScene
12:04:51.358 [JavaFX Application Thread] DEBUG PrimaryStageWindow   - FXGLLoadingScene -> GameScene
12:04:53.863 [FXGL Background Thread 3 ] DEBUG Engine               - Logging environment variables
12:04:53.864 [FXGL Background Thread 3 ] DEBUG Engine               - achievements: []
12:04:53.864 [FXGL Background Thread 3 ] DEBUG Engine               - actualHeight: 600.0
12:04:53.864 [FXGL Background Thread 3 ] DEBUG Engine               - actualHeightProperty: ReadOnlyDoubleProperty [value: 600.0]
12:04:53.864 [FXGL Background Thread 3 ] DEBUG Engine               - actualWidth: 800.0
12:04:53.864 [FXGL Background Thread 3 ] DEBUG Engine               - actualWidthProperty: ReadOnlyDoubleProperty [value: 800.0]
12:04:53.864 [FXGL Background Thread 3 ] DEBUG Engine               - appIcon: fxgl_icon.png
12:04:53.864 [FXGL Background Thread 3 ] DEBUG Engine               - applicationMode: DEVELOPER
12:04:53.864 [FXGL Background Thread 3 ] DEBUG Engine               - cSSList: [fxgl_dark.css]
12:04:53.865 [FXGL Background Thread 3 ] DEBUG Engine               - collisionDetectionStrategy: BRUTE_FORCE
12:04:53.865 [FXGL Background Thread 3 ] DEBUG Engine               - configClass: Optional.empty
12:04:53.865 [FXGL Background Thread 3 ] DEBUG Engine               - credits: []
12:04:53.865 [FXGL Background Thread 3 ] DEBUG Engine               - defaultCursor: CursorInfo(imageName=fxgl_default_cursor.png, hotspotX=7.0, hotspotY=6.0)
12:04:53.865 [FXGL Background Thread 3 ] DEBUG Engine               - devBBoxColorProperty: ObjectProperty [value: 0xff0000ff]
12:04:53.865 [FXGL Background Thread 3 ] DEBUG Engine               - devEnableDebugCameraProperty: BooleanProperty [value: false]
12:04:53.865 [FXGL Background Thread 3 ] DEBUG Engine               - devSensorColorProperty: ObjectProperty [value: 0xffff00ff]
12:04:53.865 [FXGL Background Thread 3 ] DEBUG Engine               - devShowBBoxProperty: BooleanProperty [value: false]
12:04:53.865 [FXGL Background Thread 3 ] DEBUG Engine               - devShowPositionProperty: BooleanProperty [value: false]
12:04:53.865 [FXGL Background Thread 3 ] DEBUG Engine               - enabledMenuItems: []
12:04:53.865 [FXGL Background Thread 3 ] DEBUG Engine               - engineServices: [class com.almasb.fxgl.app.services.FXGLAssetLoaderService, class com.almasb.fxgl.app.FXGLApplication$GameApplicationService, class com.almasb.fxgl.app.services.FXGLDialogService, class com.almasb.fxgl.app.services.IOTaskExecutorService, class com.almasb.fxgl.io.FileSystemService, class com.almasb.fxgl.localization.LocalizationService, class com.almasb.fxgl.app.services.SystemBundleService, class com.almasb.fxgl.profile.SaveLoadService, class com.almasb.fxgl.ui.FXGLUIFactoryServiceProvider, class com.almasb.fxgl.ui.FXGLDialogFactoryServiceProvider, class com.almasb.fxgl.audio.AudioPlayer, class com.almasb.fxgl.notification.impl.NotificationServiceProvider, class com.almasb.fxgl.achievement.AchievementService, class com.almasb.fxgl.cutscene.CutsceneService, class com.almasb.fxgl.minigames.MiniGameService, class com.almasb.fxgl.net.NetService, class com.almasb.fxgl.app.services.UpdaterService, class com.almasb.fxgl.dev.DevService]
12:04:53.865 [FXGL Background Thread 3 ] DEBUG Engine               - fontGame: Abel-Regular.ttf
12:04:53.867 [FXGL Background Thread 3 ] DEBUG Engine               - fontMono: TerminalLandMono-Regular.otf
12:04:53.867 [FXGL Background Thread 3 ] DEBUG Engine               - fontSizeScaleUI: 1.0
12:04:53.867 [FXGL Background Thread 3 ] DEBUG Engine               - fontText: Courier-Prime.ttf
12:04:53.867 [FXGL Background Thread 3 ] DEBUG Engine               - fontUI: VarelaRound-Regular.ttf
12:04:53.867 [FXGL Background Thread 3 ] DEBUG Engine               - fullScreen: BooleanProperty [value: false]
12:04:53.867 [FXGL Background Thread 3 ] DEBUG Engine               - gameDifficulty: MEDIUM
12:04:53.867 [FXGL Background Thread 3 ] DEBUG Engine               - gameDifficultyProperty: ObjectProperty [value: MEDIUM]
12:04:53.867 [FXGL Background Thread 3 ] DEBUG Engine               - globalMusicVolume: 0.5
12:04:53.867 [FXGL Background Thread 3 ] DEBUG Engine               - globalMusicVolumeProperty: DoubleProperty [value: 0.5]
12:04:53.867 [FXGL Background Thread 3 ] DEBUG Engine               - globalSoundVolume: 0.5
12:04:53.867 [FXGL Background Thread 3 ] DEBUG Engine               - globalSoundVolumeProperty: DoubleProperty [value: 0.5]
12:04:53.867 [FXGL Background Thread 3 ] DEBUG Engine               - height: 600
12:04:53.867 [FXGL Background Thread 3 ] DEBUG Engine               - is3D: false
12:04:53.867 [FXGL Background Thread 3 ] DEBUG Engine               - isAndroid: false
12:04:53.868 [FXGL Background Thread 3 ] DEBUG Engine               - isBrowser: false
12:04:53.868 [FXGL Background Thread 3 ] DEBUG Engine               - isClickFeedbackEnabled: false
12:04:53.868 [FXGL Background Thread 3 ] DEBUG Engine               - isCloseConfirmation: false
12:04:53.868 [FXGL Background Thread 3 ] DEBUG Engine               - isDesktop: true
12:04:53.868 [FXGL Background Thread 3 ] DEBUG Engine               - isDeveloperMenuEnabled: false
12:04:53.868 [FXGL Background Thread 3 ] DEBUG Engine               - isEmbedded: false
12:04:53.868 [FXGL Background Thread 3 ] DEBUG Engine               - isEntityPreloadEnabled: true
12:04:53.868 [FXGL Background Thread 3 ] DEBUG Engine               - isExperimentalTiledLargeMap: false
12:04:53.868 [FXGL Background Thread 3 ] DEBUG Engine               - isFileSystemWriteAllowed: true
12:04:53.868 [FXGL Background Thread 3 ] DEBUG Engine               - isFullScreenAllowed: false
12:04:53.868 [FXGL Background Thread 3 ] DEBUG Engine               - isFullScreenFromStart: false
12:04:53.868 [FXGL Background Thread 3 ] DEBUG Engine               - isGameMenuEnabled: true
12:04:53.868 [FXGL Background Thread 3 ] DEBUG Engine               - isIOS: false
12:04:53.868 [FXGL Background Thread 3 ] DEBUG Engine               - isIntroEnabled: false
12:04:53.869 [FXGL Background Thread 3 ] DEBUG Engine               - isLinux: false
12:04:53.869 [FXGL Background Thread 3 ] DEBUG Engine               - isMac: false
12:04:53.869 [FXGL Background Thread 3 ] DEBUG Engine               - isMainMenuEnabled: false
12:04:53.869 [FXGL Background Thread 3 ] DEBUG Engine               - isManualResizeEnabled: false
12:04:53.869 [FXGL Background Thread 3 ] DEBUG Engine               - isMobile: false
12:04:53.869 [FXGL Background Thread 3 ] DEBUG Engine               - isNative: false
12:04:53.869 [FXGL Background Thread 3 ] DEBUG Engine               - isPauseMusicWhenMinimized: true
12:04:53.869 [FXGL Background Thread 3 ] DEBUG Engine               - isPreserveResizeRatio: false
12:04:53.869 [FXGL Background Thread 3 ] DEBUG Engine               - isProfilingEnabled: false
12:04:53.869 [FXGL Background Thread 3 ] DEBUG Engine               - isScaleAffectedOnResize: true
12:04:53.869 [FXGL Background Thread 3 ] DEBUG Engine               - isSingleStep: false
12:04:53.869 [FXGL Background Thread 3 ] DEBUG Engine               - isUserProfileEnabled: false
12:04:53.869 [FXGL Background Thread 3 ] DEBUG Engine               - isWindows: true
12:04:53.869 [FXGL Background Thread 3 ] DEBUG Engine               - language: ObjectProperty [value: ENGLISH]
12:04:53.869 [FXGL Background Thread 3 ] DEBUG Engine               - menuKey: ESCAPE
12:04:53.870 [FXGL Background Thread 3 ] DEBUG Engine               - mouseSensitivity: 0.2
12:04:53.870 [FXGL Background Thread 3 ] DEBUG Engine               - notificationViewClass: class com.almasb.fxgl.notification.view.XboxNotificationView
12:04:53.870 [FXGL Background Thread 3 ] DEBUG Engine               - pixelsPerMeter: 50.0
12:04:53.870 [FXGL Background Thread 3 ] DEBUG Engine               - platform: WINDOWS
12:04:53.870 [FXGL Background Thread 3 ] DEBUG Engine               - prefHeightProperty: ReadOnlyDoubleProperty [value: 600.0]
12:04:53.870 [FXGL Background Thread 3 ] DEBUG Engine               - prefWidthProperty: ReadOnlyDoubleProperty [value: 800.0]
12:04:53.870 [FXGL Background Thread 3 ] DEBUG Engine               - profileDir: profiles/
12:04:53.870 [FXGL Background Thread 3 ] DEBUG Engine               - profileName: StringProperty [value: DEFAULT]
12:04:53.870 [FXGL Background Thread 3 ] DEBUG Engine               - randomSeed: -1
12:04:53.870 [FXGL Background Thread 3 ] DEBUG Engine               - runtimeInfo: RuntimeInfo(platform=WINDOWS, version=21.1, build=27.03.2024 07.52)
12:04:53.870 [FXGL Background Thread 3 ] DEBUG Engine               - saveFileExt: sav
12:04:53.870 [FXGL Background Thread 3 ] DEBUG Engine               - scaledHeightProp$fxgl: DoubleProperty [bound, value: 600.0]
12:04:53.871 [FXGL Background Thread 3 ] DEBUG Engine               - scaledWidthProp$fxgl: DoubleProperty [bound, value: 800.0]
12:04:53.871 [FXGL Background Thread 3 ] DEBUG Engine               - sceneFactory: com.almasb.fxgl.app.scene.SceneFactory@208dee42
12:04:53.871 [FXGL Background Thread 3 ] DEBUG Engine               - secondsIn24h: 60
12:04:53.871 [FXGL Background Thread 3 ] DEBUG Engine               - soundMenuBack: menu/back.wav
12:04:53.871 [FXGL Background Thread 3 ] DEBUG Engine               - soundMenuPress: menu/press.wav
12:04:53.871 [FXGL Background Thread 3 ] DEBUG Engine               - soundMenuSelect: menu/select.wav
12:04:53.871 [FXGL Background Thread 3 ] DEBUG Engine               - soundNotification: core/notification.wav
12:04:53.871 [FXGL Background Thread 3 ] DEBUG Engine               - stageStyle: DECORATED
12:04:53.871 [FXGL Background Thread 3 ] DEBUG Engine               - supportedLanguages: [ENGLISH, FRENCH, GERMAN, HUNGARIAN, RUSSIAN]
12:04:53.871 [FXGL Background Thread 3 ] DEBUG Engine               - ticksPerSecond: -1
12:04:53.871 [FXGL Background Thread 3 ] DEBUG Engine               - title: Game Menu
12:04:53.871 [FXGL Background Thread 3 ] DEBUG Engine               - urlGithub: https://github.com/AlmasB/FXGL
12:04:53.871 [FXGL Background Thread 3 ] DEBUG Engine               - urlLeaderboard: http://fxgl-top.herokuapp.com/
12:04:53.871 [FXGL Background Thread 3 ] DEBUG Engine               - urlPOM: https://raw.githubusercontent.com/AlmasB/FXGL/release/README.md
12:04:53.871 [FXGL Background Thread 3 ] DEBUG Engine               - userAppClass: class roadbuilder.MainMenu
12:04:53.871 [FXGL Background Thread 3 ] DEBUG Engine               - version: 0.0
12:04:53.871 [FXGL Background Thread 3 ] DEBUG Engine               - versionCheckDays: 7
12:04:53.871 [FXGL Background Thread 3 ] DEBUG Engine               - width: 800
12:04:53.871 [FXGL Background Thread 3 ] DEBUG Engine               - Logging services
12:04:53.871 [FXGL Background Thread 3 ] DEBUG Engine               - class com.almasb.fxgl.app.services.FXGLAssetLoaderService
12:04:53.872 [FXGL Background Thread 3 ] DEBUG Engine               - class com.almasb.fxgl.app.FXGLApplication$GameApplicationService
12:04:53.872 [FXGL Background Thread 3 ] DEBUG Engine               - class com.almasb.fxgl.app.services.FXGLDialogService
12:04:53.872 [FXGL Background Thread 3 ] DEBUG Engine               - class com.almasb.fxgl.app.services.IOTaskExecutorService
12:04:53.872 [FXGL Background Thread 3 ] DEBUG Engine               - class com.almasb.fxgl.io.FileSystemService
12:04:53.872 [FXGL Background Thread 3 ] DEBUG Engine               - class com.almasb.fxgl.localization.LocalizationService
12:04:53.872 [FXGL Background Thread 3 ] DEBUG Engine               - class com.almasb.fxgl.app.services.SystemBundleService
12:04:53.872 [FXGL Background Thread 3 ] DEBUG Engine               - class com.almasb.fxgl.profile.SaveLoadService
12:04:53.872 [FXGL Background Thread 3 ] DEBUG Engine               - class com.almasb.fxgl.ui.FXGLUIFactoryServiceProvider
12:04:53.872 [FXGL Background Thread 3 ] DEBUG Engine               - class com.almasb.fxgl.ui.FXGLDialogFactoryServiceProvider
12:04:53.872 [FXGL Background Thread 3 ] DEBUG Engine               - class com.almasb.fxgl.audio.AudioPlayer
12:04:53.872 [FXGL Background Thread 3 ] DEBUG Engine               - class com.almasb.fxgl.notification.impl.NotificationServiceProvider
12:04:53.872 [FXGL Background Thread 3 ] DEBUG Engine               - class com.almasb.fxgl.achievement.AchievementService
12:04:53.872 [FXGL Background Thread 3 ] DEBUG Engine               - class com.almasb.fxgl.cutscene.CutsceneService
12:04:53.872 [FXGL Background Thread 3 ] DEBUG Engine               - class com.almasb.fxgl.minigames.MiniGameService
12:04:53.872 [FXGL Background Thread 3 ] DEBUG Engine               - class com.almasb.fxgl.net.NetService
12:04:53.872 [FXGL Background Thread 3 ] DEBUG Engine               - class com.almasb.fxgl.app.services.UpdaterService
12:04:53.872 [FXGL Background Thread 3 ] DEBUG Engine               - class com.almasb.fxgl.dev.DevService
12:05:20.648 [JavaFX Application Thread] DEBUG FXGLApplication      - Exiting FXGL
12:05:20.648 [JavaFX Application Thread] DEBUG LoopRunner           - Stopping loop
12:05:20.648 [JavaFX Application Thread] DEBUG SystemBundleService  - Saving FXGL system data
12:05:20.651 [JavaFX Application Thread] DEBUG FileSystemAccess     - Writing to: C:\Users\petro\Desktop\szakdoga\thesis\system\fxgl.bundle
12:05:20.654 [JavaFX Application Thread] DEBUG Async                - Shutting down background threads
12:05:20.654 [JavaFX Application Thread] DEBUG PrimaryStageWindow   - Closing main window
12:05:20.673 [JavaFX Application Thread] DEBUG Logger               - Closing Logger
